$ /usr/local/bin/python /root/kot/poc/rules-1/rules1_runner.py --inputs-dir /root/kot/poc/rules-1/inputs --data-root /root/kot/data --out-dir /tmp/rules1-results --device cuda --gpu-class A10G --arms A1,A3,A5,A7,c1
[rules1     0.2s] c1 derangement: seed=20260711 sha=4cb83cceeb83
[rules1     0.2s] loading R1 host...
[rules1   441.4s] cell A1 seed=0 done (434.2s)
[rules1   883.4s] cell A1 seed=1 done (442.1s)
[rules1  1328.9s] cell A1 seed=2 done (445.5s)
[rules1  3554.4s] cell A3 seed=0 done (2225.4s)
[rules1  5781.0s] cell A3 seed=1 done (2226.6s)
[rules1  8061.7s] cell A3 seed=2 done (2280.7s)
[rules1  8061.7s] loading R3 host...
[rules1 10003.5s] cell A5 seed=0 done (1935.4s)
[rules1 11938.8s] cell A5 seed=1 done (1935.4s)
[rules1 13874.4s] cell A5 seed=2 done (1935.5s)
[rules1 14317.5s] cell A7 seed=0 done (443.1s)
[rules1 14765.4s] cell A7 seed=1 done (448.0s)
[rules1 15216.1s] cell A7 seed=2 done (450.7s)
[rules1 15650.8s] cell c1 seed=0 done (434.7s)
[rules1 16088.6s] cell c1 seed=1 done (437.8s)
[rules1 16535.5s] cell c1 seed=2 done (446.9s)
[rules1 16535.5s] control cells emitted (E5 refusal stratum, A3/A7 x 3 seeds)
[rules1 16535.6s] OUTCOME: HARNESS-COMPLETE (13470 rows in /tmp/rules1-results/run-records-rules1.jsonl, sha 9965bda7f124)
[runner exit rc=0]
