✓ Initialized. View run at 
https://modal.com/apps/jmwright-045/main/ap-ibu4Uz4h4zhonsPC6TjObW
✓ Created objects.
├── 🔨 Created mount 
│   /home/ec2-user/css/kernel/kernel-of-truth/poc/rules-1/modal/modal_rules1_pil
│   ot.py
├── 🔨 Created mount 
│   /home/ec2-user/css/kernel/kernel-of-truth/poc/modal/requirements-image.txt
├── 🔨 Created mount 
│   /home/ec2-user/css/kernel/kernel-of-truth/data/axioms-kinship-v1
├── 🔨 Created mount /home/ec2-user/css/kernel/kernel-of-truth/data/nsk1-clutrr
├── 🔨 Created mount /home/ec2-user/css/kernel/kernel-of-truth/data/axioms-v0
├── 🔨 Created mount 
│   /home/ec2-user/css/kernel/kernel-of-truth/poc/rules-1/inputs
├── 🔨 Created mount 
│   /home/ec2-user/css/kernel/kernel-of-truth/poc/f0/flop_meter.py
├── 🔨 Created mount 
│   /home/ec2-user/css/kernel/kernel-of-truth/poc/f0/__init__.py
├── 🔨 Created mount 
│   /home/ec2-user/css/kernel/kernel-of-truth/poc/rules-1/twin_engine.py
├── 🔨 Created mount 
│   /home/ec2-user/css/kernel/kernel-of-truth/poc/rules-1/certificate.py
├── 🔨 Created mount 
│   /home/ec2-user/css/kernel/kernel-of-truth/poc/rules-1/results/certificate-re
│   sult.json
├── 🔨 Created mount 
│   /home/ec2-user/css/kernel/kernel-of-truth/poc/rules-1/rules1_runner.py
├── 🔨 Created mount 
│   /home/ec2-user/css/kernel/kernel-of-truth/poc/f2b-transfer/runner/f2bt_runne
│   r.py
├── 🔨 Created mount PythonPackage:modal_common
├── 🔨 Created function run_pilot_t4.
├── 🔨 Created function run_pilot_a10g.
└── 🔨 Created function run_pilot_a100.
kot-rules1-pilot via Modal: gpu=A10G arms=A1,A5,A7 pilot_n=24 (40 staged files, runner e214990d6d14…)
staged-bytes manifest sha (must equal modal_rules1.py --print-manifest): da28f4c7ac6b24de83558e163727571f7f9627d0880af314f5ca2c94c6c387d4
PILOT: instrument validation only — rows are NEVER measurements or final-phase rows.
[rules1     0.2s] c1 derangement: seed=20260711 sha=4cb83cceeb83
[rules1     0.2s] loading R1 host...
[rules1    28.8s] cell A1 seed=0 done (2.9s)
[rules1    28.8s] loading R3 host...
[rules1    53.6s] cell A5 seed=0 done (3.8s)
[rules1    55.0s] cell A7 seed=0 done (1.3s)
[rules1    55.0s] control cells emitted (E5 refusal stratum, A7:0)
[rules1    55.0s] OUTCOME: PILOT-HARNESS-COMPLETE (78 rows in /tmp/rules1-pilot-results/run-records-rules1-pilot.jsonl, sha 694145d47953)

wrote 6 files to /home/ec2-user/css/kernel/kernel-of-truth/poc/rules-1/results-incoming/pilot-20260712-rules1c/20260712-135225-modal
done — pilot rows land in results-rules1-pilot.json / run-records-rules1-pilot.jsonl; `modal app stop ap-<id>` after every attached run
Stopping app - local entrypoint completed.
✓ App completed. View run at 
https://modal.com/apps/jmwright-045/main/ap-ibu4Uz4h4zhonsPC6TjObW
