[
  {
    "query_id": "g1q-arrow-contained_in-42",
    "answerable_static": true,
    "gold": [
      "arrow/arrow.py::Arrow"
    ],
    "conditional_flags": [],
    "notes": "Arrow.to is directly defined in the Arrow class body."
  },
  {
    "query_id": "g1q-arrow-contained_in-581",
    "answerable_static": true,
    "gold": [
      "tests/test_factory.py::TestGet"
    ],
    "conditional_flags": [],
    "notes": "TestGet.test_locale_with_tzinfo is directly defined in the TestGet class body."
  }
]
