[
  {
    "query_id": "g1q-arrow-callees_of-77",
    "answerable_static": true,
    "gold": [
      "ext:builtins.ValueError",
      "ext:builtins.str.join"
    ],
    "conditional_flags": [],
    "notes": ""
  },
  {
    "query_id": "g1q-arrow-callees_of-453",
    "answerable_static": false,
    "gold": [
      "ext:dateutil.tz.tzutc",
      "ext:datetime.datetime"
    ],
    "conditional_flags": [],
    "notes": "The runtime callee of self.factory.get cannot be determined from the shown source."
  }
]
