[
  {
    "query_id": "g1q-arrow-contains-236",
    "answerable_static": true,
    "gold": [
      "tests/test_parser.py::TestDateTimeParserMonthOrdinalDay.test_english",
      "tests/test_parser.py::TestDateTimeParserMonthOrdinalDay.test_french",
      "tests/test_parser.py::TestDateTimeParserMonthOrdinalDay.test_italian",
      "tests/test_parser.py::TestDateTimeParserMonthOrdinalDay.test_spanish"
    ],
    "conditional_flags": [],
    "notes": "The complete class body is shown."
  },
  {
    "query_id": "g1q-arrow-contains-15",
    "answerable_static": true,
    "gold": [
      "tests/test_factory.py::TestGet",
      "tests/test_factory.py::TestNow",
      "tests/test_factory.py::TestUtcNow"
    ],
    "conditional_flags": [],
    "notes": "The complete module is shown; its direct lexical children are three classes."
  }
]
