[
  {
    "query_id": "g1q-arrow-imports_of-9",
    "answerable_static": true,
    "gold": [
      "ext:datetime",
      "ext:dateutil.rrule",
      "ext:typing",
      "repo:arrow/__init__.py",
      "repo:arrow/constants.py"
    ],
    "conditional_flags": [],
    "notes": ""
  },
  {
    "query_id": "g1q-arrow-imports_of-6",
    "answerable_static": true,
    "gold": [
      "ext:datetime",
      "ext:re",
      "ext:typing",
      "repo:arrow/__init__.py",
      "repo:arrow/constants.py",
      "repo:arrow/locales.py"
    ],
    "conditional_flags": [],
    "notes": ""
  }
]
