[
  {
    "query_id": "g1q-attrs-where_defined-1273",
    "answerable_static": true,
    "gold": [
      "tests/test_next_gen.py:569"
    ],
    "conditional_flags": [],
    "notes": "The only definition site is the method TestImports.test_validators."
  },
  {
    "query_id": "g1q-attrs-where_defined-478",
    "answerable_static": true,
    "gold": [
      "src/attr/_funcs.py:382"
    ],
    "conditional_flags": [],
    "notes": "The other occurrences are import bindings, exports, documentation, or calls, which are excluded."
  }
]
