[
  {
    "query_id": "g1q-attrs-contains-614",
    "answerable_static": true,
    "gold": [
      "tests/test_slots.py::A.b",
      "tests/test_slots.py::A.c",
      "tests/test_slots.py::A.x"
    ],
    "conditional_flags": [],
    "notes": ""
  },
  {
    "query_id": "g1q-attrs-contains-613",
    "answerable_static": true,
    "gold": [
      "tests/test_slots.py::test_slots_cached_properties_work_independently.A.f_1",
      "tests/test_slots.py::test_slots_cached_properties_work_independently.A.f_2",
      "tests/test_slots.py::test_slots_cached_properties_work_independently.A.x"
    ],
    "conditional_flags": [],
    "notes": ""
  }
]
