[
  {
    "query_id": "g1q-blinker-contained_in-59",
    "answerable_static": true,
    "gold": [
      "tests/test_signals.py::test_weak_receiver"
    ],
    "conditional_flags": [],
    "notes": "received is directly nested in test_weak_receiver."
  },
  {
    "query_id": "g1q-blinker-contained_in-65",
    "answerable_static": true,
    "gold": [
      "tests/test_signals.py::test_async_receiver"
    ],
    "conditional_flags": [],
    "notes": "wrapper is directly nested in test_async_receiver."
  }
]
