[
  {
    "query_id": "g1q-blinker-imports_of-2",
    "answerable_static": true,
    "gold": [
      "ext:__future__",
      "ext:collections.abc",
      "ext:inspect",
      "ext:typing",
      "ext:weakref"
    ],
    "conditional_flags": [],
    "notes": ""
  },
  {
    "query_id": "g1q-blinker-imports_of-6",
    "answerable_static": true,
    "gold": [
      "ext:__future__",
      "ext:pickle",
      "repo:src/blinker/__init__.py",
      "repo:src/blinker/_utilities.py"
    ],
    "conditional_flags": [],
    "notes": ""
  }
]
