[
  {
    "query_id": "g1q-blinker-contains-7",
    "answerable_static": true,
    "gold": [
      "src/blinker/_utilities.py::Symbol.__getnewargs__",
      "src/blinker/_utilities.py::Symbol.__init__",
      "src/blinker/_utilities.py::Symbol.__new__",
      "src/blinker/_utilities.py::Symbol.__repr__",
      "src/blinker/_utilities.py::Symbol.symbols"
    ],
    "conditional_flags": [],
    "notes": "All direct lexical children of Symbol are shown."
  },
  {
    "query_id": "g1q-blinker-contains-13",
    "answerable_static": true,
    "gold": [],
    "conditional_flags": [],
    "notes": "BaseFailure has no direct lexical children."
  }
]
