[
  {
    "query_id": "g1q-boltons-contains-51",
    "answerable_static": true,
    "gold": [
      "tests/test_namedutils.py::MutablePoint",
      "tests/test_namedutils.py::Point",
      "tests/test_namedutils.py::test_namedlist",
      "tests/test_namedutils.py::test_namedlist_pickle",
      "tests/test_namedutils.py::test_namedtuple_pickle"
    ],
    "conditional_flags": [],
    "notes": "All direct module-level definitions and simple-name assignments are shown."
  },
  {
    "query_id": "g1q-boltons-contains-93",
    "answerable_static": true,
    "gold": [],
    "conditional_flags": [],
    "notes": "MissingArgument has no direct lexical children."
  }
]
