[
  {
    "query_id": "g1q-boltons-where_defined-255",
    "answerable_static": true,
    "gold": [
      "boltons/urlutils.py:227"
    ],
    "conditional_flags": [],
    "notes": "The identifier has one module-level assignment definition."
  },
  {
    "query_id": "g1q-boltons-where_defined-623",
    "answerable_static": true,
    "gold": [
      "tests/test_iterutils.py:197",
      "tests/test_iterutils.py:247",
      "tests/test_iterutils.py:301"
    ],
    "conditional_flags": [],
    "notes": "The identifier is defined by three nested function statements; parameter and keyword uses are excluded."
  }
]
