[
  {
    "query_id": "g1q-boltons-imports_of-26",
    "answerable_static": true,
    "gold": [
      "ext:linecache",
      "ext:re",
      "ext:sys"
    ],
    "conditional_flags": [],
    "notes": "All imports are explicit top-level standard-library imports."
  },
  {
    "query_id": "g1q-boltons-imports_of-57",
    "answerable_static": true,
    "gold": [
      "ext:re",
      "ext:unittest",
      "ext:uuid",
      "repo:boltons/__init__.py",
      "repo:boltons/strutils.py"
    ],
    "conditional_flags": [],
    "notes": "All imports are explicit top-level imports; importing boltons.strutils also imports its ancestor package."
  }
]
