[
  {
    "query_id": "g1q-cachetools-where_defined-39",
    "answerable_static": true,
    "gold": [
      "src/cachetools/__init__.py:585"
    ],
    "conditional_flags": [],
    "notes": "The class header is the only definition site; imports and references are excluded."
  },
  {
    "query_id": "g1q-cachetools-where_defined-223",
    "answerable_static": true,
    "gold": [
      "tests/test_cachedmethod.py:425"
    ],
    "conditional_flags": [],
    "notes": "The method header is the only definition site."
  }
]
