[
  {
    "query_id": "g1q-cachetools-contains-53",
    "answerable_static": true,
    "gold": [
      "tests/__init__.py::CacheTestMixin.test_missing_getsizeof.DefaultCache.__missing__"
    ],
    "conditional_flags": [],
    "notes": "DefaultCache directly contains only the __missing__ method."
  },
  {
    "query_id": "g1q-cachetools-contains-92",
    "answerable_static": true,
    "gold": [
      "tests/test_tlru.py::TLRUTestCache.__init__"
    ],
    "conditional_flags": [],
    "notes": "TLRUTestCache directly contains only the __init__ method."
  }
]
