[
  {
    "query_id": "g1q-cachetools-contained_in-315",
    "answerable_static": true,
    "gold": [
      "tests/test_cachedmethod.py::Cached"
    ],
    "conditional_flags": [],
    "notes": "The method is defined directly in the Cached class body."
  },
  {
    "query_id": "g1q-cachetools-contained_in-337",
    "answerable_static": true,
    "gold": [
      "tests/test_cachedmethod.py::MethodDecoratorTestMixin"
    ],
    "conditional_flags": [],
    "notes": "The method is defined directly in the MethodDecoratorTestMixin class body."
  }
]
