[
  {
    "query_id": "g1q-charset_normalizer-callees_of-160",
    "answerable_static": false,
    "gold": [
      "ext:unittest.TestCase.assertTrue"
    ],
    "conditional_flags": [],
    "notes": "The definition of imported query_yes_no is not shown, so its exact repository qualpath cannot be confirmed."
  },
  {
    "query_id": "g1q-charset_normalizer-callees_of-5",
    "answerable_static": false,
    "gold": [
      "ext:builtins.int",
      "ext:builtins.len",
      "ext:builtins.sorted",
      "ext:math.ceil"
    ],
    "conditional_flags": [],
    "notes": "The p.is_integer call uses dynamic attribute dispatch, so its runtime callee cannot be fully determined from the shown source."
  }
]
