[
  {
    "query_id": "g1q-charset_normalizer-contains-36",
    "answerable_static": true,
    "gold": [
      "src/charset_normalizer/md.py::CharInfo.__init__",
      "src/charset_normalizer/md.py::CharInfo.__slots__",
      "src/charset_normalizer/md.py::CharInfo.accentuated",
      "src/charset_normalizer/md.py::CharInfo.alpha",
      "src/charset_normalizer/md.py::CharInfo.case_variable",
      "src/charset_normalizer/md.py::CharInfo.character",
      "src/charset_normalizer/md.py::CharInfo.common_cjk",
      "src/charset_normalizer/md.py::CharInfo.digit",
      "src/charset_normalizer/md.py::CharInfo.emoticon",
      "src/charset_normalizer/md.py::CharInfo.flags",
      "src/charset_normalizer/md.py::CharInfo.is_arabic",
      "src/charset_normalizer/md.py::CharInfo.is_ascii",
      "src/charset_normalizer/md.py::CharInfo.is_cjk",
      "src/charset_normalizer/md.py::CharInfo.is_glyph",
      "src/charset_normalizer/md.py::CharInfo.latin",
      "src/charset_normalizer/md.py::CharInfo.lower",
      "src/charset_normalizer/md.py::CharInfo.printable",
      "src/charset_normalizer/md.py::CharInfo.punct",
      "src/charset_normalizer/md.py::CharInfo.range",
      "src/charset_normalizer/md.py::CharInfo.safe",
      "src/charset_normalizer/md.py::CharInfo.sep",
      "src/charset_normalizer/md.py::CharInfo.space",
      "src/charset_normalizer/md.py::CharInfo.sym",
      "src/charset_normalizer/md.py::CharInfo.upper"
    ],
    "conditional_flags": [],
    "notes": "Complete direct class-body definitions and simple-name assignments are shown."
  },
  {
    "query_id": "g1q-charset_normalizer-contains-52",
    "answerable_static": true,
    "gold": [
      "tests/test_logging.py::TestLogBehaviorClass.setup_method",
      "tests/test_logging.py::TestLogBehaviorClass.test_explain_false_handler_set_behavior",
      "tests/test_logging.py::TestLogBehaviorClass.test_explain_true_behavior",
      "tests/test_logging.py::TestLogBehaviorClass.test_set_stream_handler",
      "tests/test_logging.py::TestLogBehaviorClass.test_set_stream_handler_format"
    ],
    "conditional_flags": [],
    "notes": "Complete class body is shown."
  }
]
