[
  {
    "query_id": "g1q-charset_normalizer-imports_of-25",
    "answerable_static": true,
    "gold": [
      "ext:__future__",
      "ext:platform",
      "ext:pytest",
      "repo:src/charset_normalizer/__init__.py"
    ],
    "conditional_flags": [],
    "notes": ""
  },
  {
    "query_id": "g1q-charset_normalizer-imports_of-18",
    "answerable_static": true,
    "gold": [
      "ext:__future__",
      "repo:src/charset_normalizer/__init__.py",
      "repo:src/charset_normalizer/cli/__init__.py",
      "repo:src/charset_normalizer/cli/__main__.py"
    ],
    "conditional_flags": [],
    "notes": ""
  }
]
