[
  {
    "query_id": "g1q-dateutil-contains-107",
    "answerable_static": true,
    "gold": [],
    "conditional_flags": [],
    "notes": "The class body contains no direct def, class, or assignment children."
  },
  {
    "query_id": "g1q-dateutil-contains-30",
    "answerable_static": true,
    "gold": [
      "tests/test_parser.py::IS_WIN",
      "tests/test_parser.py::PARSER_DEFAULT_TEST_CASES",
      "tests/test_parser.py::PARSER_TEST_CASES",
      "tests/test_parser.py::PLATFORM_HAS_DASH_D",
      "tests/test_parser.py::ParserTest",
      "tests/test_parser.py::TestFormat",
      "tests/test_parser.py::TestInputTypes",
      "tests/test_parser.py::TestOutOfBounds",
      "tests/test_parser.py::TestParseUnimplementedCases",
      "tests/test_parser.py::TestTZVar",
      "tests/test_parser.py::TestTzinfoInputTypes",
      "tests/test_parser.py::_brsttz",
      "tests/test_parser.py::fuzzy",
      "tests/test_parser.py::test_decimal_error",
      "tests/test_parser.py::test_parse_dayfirst",
      "tests/test_parser.py::test_parse_ignoretz",
      "tests/test_parser.py::test_parse_tzinfos_fold",
      "tests/test_parser.py::test_parse_with_tzoffset",
      "tests/test_parser.py::test_parse_yearfirst",
      "tests/test_parser.py::test_parser",
      "tests/test_parser.py::test_parser_default",
      "tests/test_parser.py::test_parsererror_repr",
      "tests/test_parser.py::test_rounding_floatlike_strings"
    ],
    "conditional_flags": [],
    "notes": "Complete set of direct module-level definitions and simple-name assignments; imports and nested definitions are excluded."
  }
]
