[
  {
    "query_id": "g1q-dateutil-imports_of-19",
    "answerable_static": true,
    "gold": [
      "ext:ctypes",
      "ext:datetime",
      "ext:six",
      "ext:six.moves",
      "ext:struct",
      "repo:src/dateutil/__init__.py",
      "repo:src/dateutil/tz/__init__.py",
      "repo:src/dateutil/tz/_common.py"
    ],
    "conditional_flags": [
      "ext:ctypes"
    ],
    "notes": ""
  },
  {
    "query_id": "g1q-dateutil-imports_of-28",
    "answerable_static": true,
    "gold": [
      "ext:pytest",
      "ext:sys",
      "ext:warnings",
      "repo:src/dateutil/__init__.py",
      "repo:src/dateutil/parser/__init__.py",
      "repo:src/dateutil/parser/_parser.py",
      "repo:src/dateutil/tz/__init__.py"
    ],
    "conditional_flags": [
      "repo:src/dateutil/__init__.py",
      "repo:src/dateutil/parser/__init__.py",
      "repo:src/dateutil/parser/_parser.py"
    ],
    "notes": ""
  }
]
