[
  {
    "query_id": "g1q-dateutil-where_defined-624",
    "answerable_static": true,
    "gold": [
      "tests/test_rrule.py:1458"
    ],
    "conditional_flags": [],
    "notes": "The exhaustive token excerpts show one method definition site."
  },
  {
    "query_id": "g1q-dateutil-where_defined-1447",
    "answerable_static": true,
    "gold": [
      "tests/test_internals.py:50"
    ],
    "conditional_flags": [],
    "notes": "The exhaustive token excerpts show one function definition site."
  }
]
