[
  {
    "query_id": "g1q-decorator-contained_in-100",
    "answerable_static": true,
    "gold": [
      "tests/documentation.py"
    ],
    "conditional_flags": [],
    "notes": "warn_slow is defined at module level."
  },
  {
    "query_id": "g1q-decorator-contained_in-17",
    "answerable_static": true,
    "gold": [
      "src/decorator/__init__.py::ContextManager"
    ],
    "conditional_flags": [],
    "notes": "ContextManager.__init__ is defined directly in the ContextManager class body."
  }
]
