[
  {
    "query_id": "g1q-decorator-contains-11",
    "answerable_static": true,
    "gold": [
      "tests/documentation.py::Action.delete",
      "tests/documentation.py::Action.insert",
      "tests/documentation.py::Action.view"
    ],
    "conditional_flags": [],
    "notes": ""
  },
  {
    "query_id": "g1q-decorator-contains-22",
    "answerable_static": true,
    "gold": [
      "tests/documentation.py::singledispatch_example2.V.__len__"
    ],
    "conditional_flags": [],
    "notes": ""
  }
]
