[
  {
    "query_id": "g1q-decorator-imports_of-2",
    "answerable_static": true,
    "gold": [
      "ext:collections",
      "ext:collections.abc",
      "ext:doctest",
      "ext:functools",
      "ext:inspect",
      "ext:itertools",
      "ext:threading",
      "ext:time",
      "repo:src/decorator/__init__.py"
    ],
    "conditional_flags": [
      "ext:doctest"
    ],
    "notes": ""
  },
  {
    "query_id": "g1q-decorator-imports_of-3",
    "answerable_static": true,
    "gold": [
      "ext:asyncio",
      "ext:collections",
      "ext:collections.abc",
      "ext:decimal",
      "ext:doctest",
      "ext:functools",
      "ext:inspect",
      "ext:sys",
      "ext:typing",
      "ext:unittest",
      "repo:src/decorator/__init__.py",
      "repo:tests/documentation.py"
    ],
    "conditional_flags": [
      "ext:collections.abc",
      "repo:tests/documentation.py"
    ],
    "notes": ""
  }
]
