[
  {
    "query_id": "g1q-humanize-where_defined-17",
    "answerable_static": true,
    "gold": [
      "tests/test_time.py:14"
    ],
    "conditional_flags": [],
    "notes": "The only definition site is the module-level assignment."
  },
  {
    "query_id": "g1q-humanize-where_defined-50",
    "answerable_static": true,
    "gold": [
      "src/humanize/i18n.py:100"
    ],
    "conditional_flags": [],
    "notes": "The function definition is the only definition site; import aliases and references are excluded."
  }
]
