[
  {
    "query_id": "g1q-humanize-contains-11",
    "answerable_static": true,
    "gold": [
      "tests/test_number.py::test_apnumber",
      "tests/test_number.py::test_clamp",
      "tests/test_number.py::test_fractional",
      "tests/test_number.py::test_intcomma",
      "tests/test_number.py::test_intword",
      "tests/test_number.py::test_intword_powers",
      "tests/test_number.py::test_metric",
      "tests/test_number.py::test_ordinal",
      "tests/test_number.py::test_scientific"
    ],
    "conditional_flags": [],
    "notes": "All direct module-level definition and assignment sites are shown."
  },
  {
    "query_id": "g1q-humanize-contains-9",
    "answerable_static": true,
    "gold": [
      "tests/test_i18n.py::NOW",
      "tests/test_i18n.py::TestActivate",
      "tests/test_i18n.py::test_default_locale_path_defined__spec__",
      "tests/test_i18n.py::test_default_locale_path_none__spec__",
      "tests/test_i18n.py::test_default_locale_path_undefined__file__",
      "tests/test_i18n.py::test_i18n",
      "tests/test_i18n.py::test_intcomma",
      "tests/test_i18n.py::test_intword_i18n",
      "tests/test_i18n.py::test_langauge_codes",
      "tests/test_i18n.py::test_naturaldelta",
      "tests/test_i18n.py::test_naturalsize_i18n",
      "tests/test_i18n.py::test_naturalsize_i18n_binary",
      "tests/test_i18n.py::test_ordinal_genders"
    ],
    "conditional_flags": [
      "tests/test_i18n.py::NOW"
    ],
    "notes": "NOW is bound inside a module-level with block."
  }
]
