[
  {
    "query_id": "g1q-idna-callees_of-16",
    "answerable_static": true,
    "gold": [
      "ext:builtins.str.encode"
    ],
    "conditional_flags": [],
    "notes": ""
  },
  {
    "query_id": "g1q-idna-callees_of-30",
    "answerable_static": true,
    "gold": [
      "ext:builtins.bytes.join",
      "ext:builtins.isinstance",
      "ext:builtins.len",
      "ext:builtins.list.append",
      "ext:builtins.str",
      "ext:builtins.str.split",
      "ext:re.Pattern.split",
      "ext:warnings.warn",
      "idna/core.py::IDNAError",
      "idna/core.py::alabel",
      "idna/core.py::uts46_remap",
      "idna/core.py::valid_string_length"
    ],
    "conditional_flags": [],
    "notes": ""
  }
]
