[
  {
    "query_id": "g1q-idna-contains-35",
    "answerable_static": true,
    "gold": [
      "tests/test_idna_cli.py::CLIStdinTests.test_blank_lines_in_stdin_are_skipped",
      "tests/test_idna_cli.py::CLIStdinTests.test_decode_flag_applies_to_every_stdin_line",
      "tests/test_idna_cli.py::CLIStdinTests.test_empty_stdin_exits_cleanly_with_no_output",
      "tests/test_idna_cli.py::CLIStdinTests.test_positional_domains_take_precedence_over_piped_stdin",
      "tests/test_idna_cli.py::CLIStdinTests.test_reads_one_domain_per_line_from_piped_stdin",
      "tests/test_idna_cli.py::CLIStdinTests.test_stdin_errors_continue_processing_and_set_exit_code"
    ],
    "conditional_flags": [],
    "notes": ""
  },
  {
    "query_id": "g1q-idna-contains-8",
    "answerable_static": true,
    "gold": [
      "idna/package_data.py::__version__"
    ],
    "conditional_flags": [],
    "notes": ""
  }
]
