[
  {
    "query_id": "g1q-itsdangerous-contains-4",
    "answerable_static": true,
    "gold": [
      "src/itsdangerous/exc.py::BadData",
      "src/itsdangerous/exc.py::BadHeader",
      "src/itsdangerous/exc.py::BadPayload",
      "src/itsdangerous/exc.py::BadSignature",
      "src/itsdangerous/exc.py::BadTimeSignature",
      "src/itsdangerous/exc.py::SignatureExpired"
    ],
    "conditional_flags": [],
    "notes": "All direct module-level definition and assignment sites are shown."
  },
  {
    "query_id": "g1q-itsdangerous-contains-13",
    "answerable_static": true,
    "gold": [
      "tests/test_itsdangerous/test_timed.py::FreezeMixin",
      "tests/test_itsdangerous/test_timed.py::TestTimedSerializer",
      "tests/test_itsdangerous/test_timed.py::TestTimestampSigner"
    ],
    "conditional_flags": [],
    "notes": "All direct module-level definition and assignment sites are shown."
  }
]
