[
  {
    "query_id": "g1q-itsdangerous-where_defined-125",
    "answerable_static": true,
    "gold": [
      "tests/test_itsdangerous/test_timed.py:49"
    ],
    "conditional_flags": [],
    "notes": "The identifier is defined by a method statement."
  },
  {
    "query_id": "g1q-itsdangerous-where_defined-133",
    "answerable_static": true,
    "gold": [
      "docs/conf.py:9"
    ],
    "conditional_flags": [],
    "notes": "The identifier is bound by a module-level unpacking assignment."
  }
]
