[
  {
    "query_id": "g1q-jinja-contained_in-1056",
    "answerable_static": true,
    "gold": [
      "tests/test_async.py::TestAsyncForLoop"
    ],
    "conditional_flags": [],
    "notes": "The method is defined directly in TestAsyncForLoop."
  },
  {
    "query_id": "g1q-jinja-contained_in-1461",
    "answerable_static": true,
    "gold": [
      "tests/test_inheritance.py::TestInheritance"
    ],
    "conditional_flags": [],
    "notes": "The method is defined directly in TestInheritance."
  }
]
