[
  {
    "query_id": "g1q-jinja-imports_of-57",
    "answerable_static": true,
    "gold": [
      "ext:markupsafe",
      "ext:pytest",
      "repo:src/jinja2/__init__.py"
    ],
    "conditional_flags": [],
    "notes": ""
  },
  {
    "query_id": "g1q-jinja-imports_of-20",
    "answerable_static": true,
    "gold": [
      "ext:typing",
      "repo:src/jinja2/__init__.py",
      "repo:src/jinja2/runtime.py"
    ],
    "conditional_flags": [
      "repo:src/jinja2/__init__.py",
      "repo:src/jinja2/runtime.py"
    ],
    "notes": ""
  }
]
