[
  {
    "query_id": "g1q-jinja-contains-33",
    "answerable_static": true,
    "gold": [
      "src/jinja2/tests.py::TESTS",
      "src/jinja2/tests.py::test_boolean",
      "src/jinja2/tests.py::test_defined",
      "src/jinja2/tests.py::test_divisibleby",
      "src/jinja2/tests.py::test_escaped",
      "src/jinja2/tests.py::test_even",
      "src/jinja2/tests.py::test_false",
      "src/jinja2/tests.py::test_filter",
      "src/jinja2/tests.py::test_float",
      "src/jinja2/tests.py::test_in",
      "src/jinja2/tests.py::test_integer",
      "src/jinja2/tests.py::test_iterable",
      "src/jinja2/tests.py::test_lower",
      "src/jinja2/tests.py::test_mapping",
      "src/jinja2/tests.py::test_none",
      "src/jinja2/tests.py::test_number",
      "src/jinja2/tests.py::test_odd",
      "src/jinja2/tests.py::test_sameas",
      "src/jinja2/tests.py::test_sequence",
      "src/jinja2/tests.py::test_string",
      "src/jinja2/tests.py::test_test",
      "src/jinja2/tests.py::test_true",
      "src/jinja2/tests.py::test_undefined",
      "src/jinja2/tests.py::test_upper"
    ],
    "conditional_flags": [],
    "notes": ""
  },
  {
    "query_id": "g1q-jinja-contains-77",
    "answerable_static": true,
    "gold": [
      "src/jinja2/environment.py::Template.__new__",
      "src/jinja2/environment.py::Template.__repr__",
      "src/jinja2/environment.py::Template._debug_info",
      "src/jinja2/environment.py::Template._from_namespace",
      "src/jinja2/environment.py::Template._get_default_module",
      "src/jinja2/environment.py::Template._get_default_module_async",
      "src/jinja2/environment.py::Template._module",
      "src/jinja2/environment.py::Template._uptodate",
      "src/jinja2/environment.py::Template.blocks",
      "src/jinja2/environment.py::Template.debug_info",
      "src/jinja2/environment.py::Template.environment",
      "src/jinja2/environment.py::Template.environment_class",
      "src/jinja2/environment.py::Template.filename",
      "src/jinja2/environment.py::Template.from_code",
      "src/jinja2/environment.py::Template.from_module_dict",
      "src/jinja2/environment.py::Template.generate",
      "src/jinja2/environment.py::Template.generate_async",
      "src/jinja2/environment.py::Template.get_corresponding_lineno",
      "src/jinja2/environment.py::Template.globals",
      "src/jinja2/environment.py::Template.is_up_to_date",
      "src/jinja2/environment.py::Template.make_module",
      "src/jinja2/environment.py::Template.make_module_async",
      "src/jinja2/environment.py::Template.module",
      "src/jinja2/environment.py::Template.name",
      "src/jinja2/environment.py::Template.new_context",
      "src/jinja2/environment.py::Template.render",
      "src/jinja2/environment.py::Template.render_async",
      "src/jinja2/environment.py::Template.root_render_func",
      "src/jinja2/environment.py::Template.stream"
    ],
    "conditional_flags": [],
    "notes": ""
  }
]
