[
  {
    "query_id": "g1q-markupsafe-contains-1",
    "answerable_static": true,
    "gold": [
      "setup.py::BuildFailed",
      "setup.py::ext_modules",
      "setup.py::run_setup",
      "setup.py::show_message",
      "setup.py::supports_speedups",
      "setup.py::ve_build_ext"
    ],
    "conditional_flags": [],
    "notes": ""
  },
  {
    "query_id": "g1q-markupsafe-contains-8",
    "answerable_static": true,
    "gold": [
      "tests/test_exception_custom_html.py::CustomHtmlThatRaises",
      "tests/test_exception_custom_html.py::test_exception_custom_html"
    ],
    "conditional_flags": [],
    "notes": ""
  }
]
