[
  {
    "query_id": "g1q-markupsafe-imports_of-5",
    "answerable_static": true,
    "gold": [],
    "conditional_flags": [],
    "notes": "The module is empty."
  },
  {
    "query_id": "g1q-markupsafe-imports_of-9",
    "answerable_static": true,
    "gold": [
      "ext:markupsafe._speedups",
      "ext:pytest",
      "ext:sys",
      "repo:src/markupsafe/__init__.py"
    ],
    "conditional_flags": [
      "ext:markupsafe._speedups",
      "repo:src/markupsafe/__init__.py"
    ],
    "notes": "The markupsafe._speedups extension is not present in the authoritative Python file listing; its try-block and function-local import sites are conditional."
  }
]
