[
  {
    "query_id": "g1q-packaging-imports_of-23",
    "answerable_static": true,
    "gold": [
      "ext:__future__",
      "ext:collections.abc",
      "ext:enum",
      "ext:typing",
      "repo:src/packaging/__init__.py",
      "repo:src/packaging/_ranges.py",
      "repo:src/packaging/specifiers.py",
      "repo:src/packaging/version.py"
    ],
    "conditional_flags": [
      "ext:collections.abc",
      "repo:src/packaging/specifiers.py"
    ],
    "notes": "All import statements and their targets are statically resolvable; TYPE_CHECKING-only imports are conditional."
  },
  {
    "query_id": "g1q-packaging-imports_of-56",
    "answerable_static": true,
    "gold": [
      "ext:__future__",
      "ext:pytest",
      "repo:src/packaging/__init__.py",
      "repo:src/packaging/tags.py",
      "repo:src/packaging/utils.py",
      "repo:src/packaging/version.py"
    ],
    "conditional_flags": [],
    "notes": "All imports are top-level and statically resolvable."
  }
]
