[
  {
    "query_id": "g1q-packaging-contained_in-1875",
    "answerable_static": true,
    "gold": [
      "tests/test_tags.py::TestParseTag"
    ],
    "conditional_flags": [],
    "notes": "The method is defined directly in the TestParseTag class body."
  },
  {
    "query_id": "g1q-packaging-contained_in-28",
    "answerable_static": true,
    "gold": [
      "benchmarks/version.py::TimeVersionSuite"
    ],
    "conditional_flags": [],
    "notes": "The method is defined directly in the TimeVersionSuite class body."
  }
]
