[
  {
    "query_id": "g1q-pluggy-contained_in-462",
    "answerable_static": true,
    "gold": [
      "testing/test_invocations.py::test_wrappers_yield_twice_fails.Plugin"
    ],
    "conditional_flags": [],
    "notes": "The method wrap is directly defined in the nested class Plugin."
  },
  {
    "query_id": "g1q-pluggy-contained_in-704",
    "answerable_static": true,
    "gold": [
      "testing/test_tracer.py"
    ],
    "conditional_flags": [],
    "notes": "The function test_indent is defined at module level."
  }
]
