[
  {
    "query_id": "g1q-python-sortedcontainers-callees_of-35",
    "answerable_static": true,
    "gold": [],
    "conditional_flags": [],
    "notes": "The method body contains no call expressions."
  },
  {
    "query_id": "g1q-python-sortedcontainers-callees_of-242",
    "answerable_static": false,
    "gold": [
      "ext:builtins.len",
      "ext:builtins.xrange",
      "ext:numpy.array",
      "ext:numpy.histogram",
      "ext:random.randrange"
    ],
    "conditional_flags": [],
    "notes": "The runtime callee of hist_line.set_data cannot be determined from the shown source."
  }
]
