[
  {
    "query_id": "g1q-python-sortedcontainers-contains-25",
    "answerable_static": true,
    "gold": [
      "tests/test_stress_sortedset.py::actions",
      "tests/test_stress_sortedset.py::actor",
      "tests/test_stress_sortedset.py::num",
      "tests/test_stress_sortedset.py::pea",
      "tests/test_stress_sortedset.py::start",
      "tests/test_stress_sortedset.py::stress_add",
      "tests/test_stress_sortedset.py::stress_contains",
      "tests/test_stress_sortedset.py::stress_count",
      "tests/test_stress_sortedset.py::stress_delitem",
      "tests/test_stress_sortedset.py::stress_difference",
      "tests/test_stress_sortedset.py::stress_discard",
      "tests/test_stress_sortedset.py::stress_getitem",
      "tests/test_stress_sortedset.py::stress_index",
      "tests/test_stress_sortedset.py::stress_intersection",
      "tests/test_stress_sortedset.py::stress_isdisjoint",
      "tests/test_stress_sortedset.py::stress_issubset",
      "tests/test_stress_sortedset.py::stress_issuperset",
      "tests/test_stress_sortedset.py::stress_operator",
      "tests/test_stress_sortedset.py::stress_pop",
      "tests/test_stress_sortedset.py::stress_remove",
      "tests/test_stress_sortedset.py::stress_reversed",
      "tests/test_stress_sortedset.py::stress_symmetric_difference",
      "tests/test_stress_sortedset.py::stress_update",
      "tests/test_stress_sortedset.py::test_init",
      "tests/test_stress_sortedset.py::test_stress"
    ],
    "conditional_flags": [
      "tests/test_stress_sortedset.py::num",
      "tests/test_stress_sortedset.py::pea",
      "tests/test_stress_sortedset.py::start"
    ],
    "notes": ""
  },
  {
    "query_id": "g1q-python-sortedcontainers-contains-9",
    "answerable_static": true,
    "gold": [
      "tests/benchmark_sorteddict.py::contains",
      "tests/benchmark_sorteddict.py::delitem",
      "tests/benchmark_sorteddict.py::do_nothing",
      "tests/benchmark_sorteddict.py::fill_values",
      "tests/benchmark_sorteddict.py::getitem",
      "tests/benchmark_sorteddict.py::init",
      "tests/benchmark_sorteddict.py::iter",
      "tests/benchmark_sorteddict.py::setitem",
      "tests/benchmark_sorteddict.py::setitem_existing"
    ],
    "conditional_flags": [],
    "notes": ""
  }
]
