[
  {
    "query_id": "g1q-python-sortedcontainers-imports_of-4",
    "answerable_static": true,
    "gold": [
      "ext:collections.abc",
      "ext:itertools",
      "ext:operator",
      "ext:textwrap",
      "repo:src/sortedcontainers/__init__.py",
      "repo:src/sortedcontainers/sortedlist.py"
    ],
    "conditional_flags": [],
    "notes": "All imports are explicit top-level statements."
  },
  {
    "query_id": "g1q-python-sortedcontainers-imports_of-3",
    "answerable_static": true,
    "gold": [
      "ext:bisect",
      "ext:collections.abc",
      "ext:functools",
      "ext:itertools",
      "ext:math",
      "ext:operator",
      "ext:reprlib",
      "ext:sys",
      "ext:textwrap",
      "ext:traceback"
    ],
    "conditional_flags": [],
    "notes": "All imports are explicit top-level statements."
  }
]
