[
  {
    "query_id": "g1q-python-sortedcontainers-contained_in-114",
    "answerable_static": true,
    "gold": [
      "src/sortedcontainers/sortedset.py::SortedSet"
    ],
    "conditional_flags": [],
    "notes": "The method is defined directly in the SortedSet class body."
  },
  {
    "query_id": "g1q-python-sortedcontainers-contained_in-564",
    "answerable_static": true,
    "gold": [
      "tests/test_coverage_sortedset.py"
    ],
    "conditional_flags": [],
    "notes": "The function is defined at module level."
  }
]
