[
  {
    "query_id": "g1q-requests-contains-76",
    "answerable_static": true,
    "gold": [],
    "conditional_flags": [],
    "notes": "RetryError has no direct lexical children."
  },
  {
    "query_id": "g1q-requests-contains-89",
    "answerable_static": true,
    "gold": [
      "src/requests/structures.py::LookupDict.__getattr__",
      "src/requests/structures.py::LookupDict.__getitem__",
      "src/requests/structures.py::LookupDict.__init__",
      "src/requests/structures.py::LookupDict.__repr__",
      "src/requests/structures.py::LookupDict.get",
      "src/requests/structures.py::LookupDict.name"
    ],
    "conditional_flags": [],
    "notes": "LookupDict directly contains one class-body assignment and its methods; repeated overload definitions of get normalize to one set element."
  }
]
