[
  {
    "query_id": "g1q-tenacity-contained_in-579",
    "answerable_static": true,
    "gold": [
      "tests/test_tenacity.py::TestInvokeAsCallable"
    ],
    "conditional_flags": [],
    "notes": "invoke is directly defined in the TestInvokeAsCallable class body."
  },
  {
    "query_id": "g1q-tenacity-contained_in-256",
    "answerable_static": true,
    "gold": [
      "tests/test_asyncio.py"
    ],
    "conditional_flags": [],
    "notes": "TestAsyncEnabled is defined at module level."
  }
]
