[
  {
    "query_id": "g1q-tenacity-imports_of-4",
    "answerable_static": true,
    "gold": [
      "ext:typing",
      "repo:tenacity/__init__.py",
      "repo:tenacity/_utils.py"
    ],
    "conditional_flags": [
      "repo:tenacity/__init__.py"
    ],
    "notes": "RetryCallState is imported inside a TYPE_CHECKING conditional."
  },
  {
    "query_id": "g1q-tenacity-imports_of-16",
    "answerable_static": true,
    "gold": [
      "ext:asyncio",
      "ext:functools",
      "ext:typing",
      "ext:unittest",
      "repo:tenacity/__init__.py"
    ],
    "conditional_flags": [],
    "notes": ""
  }
]
