[
  {
    "query_id": "g1q-tenacity-contains-118",
    "answerable_static": true,
    "gold": [],
    "conditional_flags": [],
    "notes": "The class body contains only pass."
  },
  {
    "query_id": "g1q-tenacity-contains-7",
    "answerable_static": true,
    "gold": [
      "tenacity/retry.py::RetryBaseT",
      "tenacity/retry.py::_retry_always",
      "tenacity/retry.py::_retry_never",
      "tenacity/retry.py::retry_all",
      "tenacity/retry.py::retry_always",
      "tenacity/retry.py::retry_any",
      "tenacity/retry.py::retry_base",
      "tenacity/retry.py::retry_if_exception",
      "tenacity/retry.py::retry_if_exception_cause_type",
      "tenacity/retry.py::retry_if_exception_message",
      "tenacity/retry.py::retry_if_exception_type",
      "tenacity/retry.py::retry_if_not_exception_message",
      "tenacity/retry.py::retry_if_not_exception_type",
      "tenacity/retry.py::retry_if_not_result",
      "tenacity/retry.py::retry_if_result",
      "tenacity/retry.py::retry_never",
      "tenacity/retry.py::retry_unless_exception_type"
    ],
    "conditional_flags": [],
    "notes": "All direct module-level class and assignment bindings are shown."
  }
]
