[
  {
    "query_id": "g1q-tomli-callees_of-62",
    "answerable_static": false,
    "gold": [
      "ext:builtins.str",
      "ext:unittest.TestCase.assertEqual"
    ],
    "conditional_flags": [],
    "notes": "The definition or re-export source for tomllib.TOMLDecodeError is not shown, so its repository-internal target cannot be determined confidently."
  },
  {
    "query_id": "g1q-tomli-callees_of-58",
    "answerable_static": false,
    "gold": [
      "ext:builtins.str",
      "ext:unittest.TestCase.assertEqual",
      "ext:unittest.TestCase.assertRaises"
    ],
    "conditional_flags": [],
    "notes": "The definition or re-export source for tomllib.loads is not shown, so its repository-internal target cannot be determined confidently."
  }
]
