[
  {
    "query_id": "g1q-tomli-imports_of-2",
    "answerable_static": true,
    "gold": [
      "ext:atheris",
      "ext:math",
      "ext:sys",
      "ext:tomli_w",
      "ext:warnings",
      "repo:src/tomli/__init__.py"
    ],
    "conditional_flags": [
      "ext:math",
      "ext:sys",
      "ext:tomli_w",
      "ext:warnings",
      "repo:src/tomli/__init__.py"
    ],
    "notes": ""
  },
  {
    "query_id": "g1q-tomli-imports_of-7",
    "answerable_static": true,
    "gold": [
      "ext:__future__",
      "ext:datetime",
      "ext:functools",
      "ext:re",
      "ext:typing",
      "repo:src/tomli/__init__.py",
      "repo:src/tomli/_types.py"
    ],
    "conditional_flags": [
      "ext:typing",
      "repo:src/tomli/__init__.py",
      "repo:src/tomli/_types.py"
    ],
    "notes": ""
  }
]
