[
  {
    "query_id": "g1q-wrapt-contains-37",
    "answerable_static": true,
    "gold": [
      "tests/core/test_deferred_patching.py::TestDeferredPatchFunctionWrapper",
      "tests/core/test_deferred_patching.py::TestDeferredWrapFunctionWrapper"
    ],
    "conditional_flags": [],
    "notes": ""
  },
  {
    "query_id": "g1q-wrapt-contains-309",
    "answerable_static": true,
    "gold": [
      "tests/core/test_descriptor_get_class_access.py::TestProperty.test_class_level_get.C.value"
    ],
    "conditional_flags": [],
    "notes": ""
  }
]
