[
  {
    "query_id": "g1q-wrapt-where_defined-1307",
    "answerable_static": true,
    "gold": [
      "tests/core/test_inplace_operators.py:705"
    ],
    "conditional_flags": [],
    "notes": "The excerpt identifies one function definition with this name."
  },
  {
    "query_id": "g1q-wrapt-where_defined-47",
    "answerable_static": true,
    "gold": [
      "docs/benchmarks.py:32",
      "tests/core/test_attribute_wrapper.py:6",
      "tests/core/test_enabled_bool_error.py:128",
      "tests/core/test_enabled_bool_error.py:152",
      "tests/core/test_function_wrapper.py:100",
      "tests/core/test_function_wrapper.py:122",
      "tests/core/test_function_wrapper.py:145",
      "tests/core/test_function_wrapper.py:162",
      "tests/core/test_function_wrapper.py:182",
      "tests/core/test_function_wrapper.py:198",
      "tests/core/test_function_wrapper.py:218",
      "tests/core/test_function_wrapper.py:234",
      "tests/core/test_function_wrapper.py:25",
      "tests/core/test_function_wrapper.py:250",
      "tests/core/test_function_wrapper.py:284",
      "tests/core/test_function_wrapper.py:294",
      "tests/core/test_function_wrapper.py:306",
      "tests/core/test_function_wrapper.py:321",
      "tests/core/test_function_wrapper.py:334",
      "tests/core/test_function_wrapper.py:43",
      "tests/core/test_function_wrapper.py:445",
      "tests/core/test_function_wrapper.py:586",
      "tests/core/test_function_wrapper.py:62",
      "tests/core/test_inner_classmethod.py:133",
      "tests/core/test_inner_classmethod.py:160",
      "tests/core/test_inner_classmethod.py:187",
      "tests/core/test_inner_classmethod.py:19",
      "tests/core/test_inner_classmethod.py:215",
      "tests/core/test_inner_classmethod.py:234",
      "tests/core/test_inner_classmethod.py:259",
      "tests/core/test_inner_classmethod.py:284",
      "tests/core/test_inner_classmethod.py:29",
      "tests/core/test_inner_classmethod.py:310",
      "tests/core/test_inner_staticmethod.py:133",
      "tests/core/test_inner_staticmethod.py:160",
      "tests/core/test_inner_staticmethod.py:187",
      "tests/core/test_inner_staticmethod.py:19",
      "tests/core/test_inner_staticmethod.py:215",
      "tests/core/test_inner_staticmethod.py:240",
      "tests/core/test_inner_staticmethod.py:265",
      "tests/core/test_inner_staticmethod.py:29",
      "tests/core/test_instancemethod.py:241",
      "tests/core/test_instancemethod.py:269",
      "tests/core/test_instancemethod.py:298",
      "tests/core/test_instancemethod.py:327",
      "tests/core/test_instancemethod.py:360",
      "tests/core/test_instancemethod.py:388",
      "tests/core/test_instancemethod.py:417",
      "tests/core/test_instancemethod.py:446",
      "tests/core/test_monkey_patching.py:478",
      "tests/core/test_monkey_patching.py:506",
      "tests/core/test_monkey_patching.py:534",
      "tests/core/test_monkey_patching.py:562",
      "tests/core/test_object_proxy.py:1569",
      "tests/core/test_object_proxy.py:1925",
      "tests/core/test_object_proxy.py:473",
      "tests/core/test_object_proxy.py:487",
      "tests/core/test_object_proxy.py:501",
      "tests/core/test_object_proxy.py:515",
      "tests/core/test_object_proxy.py:529",
      "tests/core/test_object_proxy.py:543",
      "tests/core/test_object_proxy.py:557",
      "tests/core/test_object_proxy.py:571",
      "tests/core/test_object_proxy.py:585",
      "tests/core/test_object_proxy.py:600",
      "tests/core/test_object_proxy.py:615",
      "tests/core/test_object_proxy.py:630",
      "tests/core/test_object_proxy.py:645",
      "tests/core/test_object_proxy.py:660",
      "tests/core/test_object_proxy.py:675",
      "tests/core/test_object_proxy.py:690",
      "tests/core/test_object_proxy.py:705",
      "tests/core/test_object_proxy.py:720",
      "tests/core/test_object_proxy.py:735",
      "tests/core/test_object_proxy.py:750",
      "tests/core/test_object_proxy.py:765",
      "tests/core/test_object_proxy.py:780",
      "tests/core/test_object_proxy.py:795",
      "tests/core/test_object_proxy.py:810",
      "tests/core/test_object_proxy.py:855",
      "tests/core/test_object_proxy.py:870",
      "tests/core/test_outer_classmethod.py:152",
      "tests/core/test_outer_classmethod.py:194",
      "tests/core/test_outer_classmethod.py:21",
      "tests/core/test_outer_classmethod.py:31",
      "tests/core/test_outer_staticmethod.py:136",
      "tests/core/test_outer_staticmethod.py:167",
      "tests/core/test_outer_staticmethod.py:19",
      "tests/core/test_outer_staticmethod.py:29",
      "tests/core/test_weak_function_proxy.py:115",
      "tests/core/test_weak_function_proxy.py:141",
      "tests/core/test_weak_function_proxy.py:167",
      "tests/core/test_weak_function_proxy.py:64",
      "tests/core/test_weak_function_proxy.py:89"
    ],
    "conditional_flags": [],
    "notes": "All listed elements are class definition headers; references, comments, and function-local assignments were excluded."
  }
]
