[
  {
    "query_id": "g1q-wrapt-contained_in-3140",
    "answerable_static": true,
    "gold": [
      "tests/mypy/mypy_patching_primitives_t1.py::Factory"
    ],
    "conditional_flags": [],
    "notes": "The method __call__ is defined directly in class Factory."
  },
  {
    "query_id": "g1q-wrapt-contained_in-2295",
    "answerable_static": true,
    "gold": [
      "tests/core/test_object_proxy_type_checks.py::TestIssubclassProxyOnRight"
    ],
    "conditional_flags": [],
    "notes": "The method test_subclass is defined directly in class TestIssubclassProxyOnRight."
  }
]
