$ /usr/local/bin/python /root/kot/poc/ufo-check-0/ufo_check0_runner.py --inputs-dir /root/kot/poc/ufo-check-0/inputs --items /root/kot/data/ufo-sn3-items-v0/items.jsonl --out-dir /tmp/ufo0-results --device cuda --gpu-class A10G --tokenizer /root/.cache/huggingface/hub/models--HuggingFaceTB--SmolLM2-360M-Instruct/snapshots/a10cc1512eabd3dde888204e902eca88bddb4951/tokenizer.json --frozen-record /root/kot/registry/experiments/ufo-check-0.json
[ufo0     0.4s] message discipline: 2600 rejection messages lint-clean
self-test OK: all 9 design-§4.4 worked examples byte-exact
[ufo0     1.4s] in-run fixture re-check OK: 9034381b0c6ffe93
[ufo0    69.8s] first pass r135: 630 items (greedy, shared across arms)
[ufo0   137.4s] first pass r360: 630 items (greedy, shared across arms)
[ufo0   137.4s] cell r135/A0/0 done (630 rows; 0.04 h, $0.04)
[ufo0   137.4s] cell r135/A0/1 done (630 rows; 0.04 h, $0.04)
[ufo0   137.4s] cell r135/A0/2 done (630 rows; 0.04 h, $0.04)
[ufo0   137.4s] cell r135/AG/0 done (630 rows; 0.04 h, $0.04)
[ufo0   137.4s] cell r135/AG/1 done (630 rows; 0.04 h, $0.04)
[ufo0   137.4s] cell r135/AG/2 done (630 rows; 0.04 h, $0.04)
[ufo0   156.5s] cell r135/AU/0 done (630 rows; 0.04 h, $0.05)
[ufo0   175.5s] cell r135/AU/1 done (630 rows; 0.05 h, $0.05)
[ufo0   194.6s] cell r135/AU/2 done (630 rows; 0.05 h, $0.06)
[ufo0   199.4s] cell r135/AD/0 done (630 rows; 0.06 h, $0.06)
[ufo0   204.2s] cell r135/AD/1 done (630 rows; 0.06 h, $0.06)
[ufo0   209.1s] cell r135/AD/2 done (630 rows; 0.06 h, $0.06)
[ufo0   259.1s] cell r135/AN/0 done (630 rows; 0.07 h, $0.08)
[ufo0   309.0s] cell r135/AN/1 done (630 rows; 0.09 h, $0.09)
[ufo0   358.1s] cell r135/AN/2 done (630 rows; 0.10 h, $0.11)
[ufo0   358.1s] cell r360/A0/0 done (630 rows; 0.10 h, $0.11)
[ufo0   358.1s] cell r360/A0/1 done (630 rows; 0.10 h, $0.11)
[ufo0   358.1s] cell r360/A0/2 done (630 rows; 0.10 h, $0.11)
[ufo0   361.6s] cell r360/AG/0 done (630 rows; 0.10 h, $0.11)
[ufo0   365.0s] cell r360/AG/1 done (630 rows; 0.10 h, $0.11)
[ufo0   368.4s] cell r360/AG/2 done (630 rows; 0.10 h, $0.11)
[ufo0   401.1s] cell r360/AU/0 done (630 rows; 0.11 h, $0.12)
[ufo0   434.2s] cell r360/AU/1 done (630 rows; 0.12 h, $0.13)
[ufo0   467.2s] cell r360/AU/2 done (630 rows; 0.13 h, $0.14)
[ufo0   490.2s] cell r360/AD/0 done (630 rows; 0.14 h, $0.15)
[ufo0   512.9s] cell r360/AD/1 done (630 rows; 0.14 h, $0.16)
[ufo0   535.7s] cell r360/AD/2 done (630 rows; 0.15 h, $0.16)
[ufo0   560.6s] cell r360/AN/0 done (630 rows; 0.16 h, $0.17)
[ufo0   585.5s] cell r360/AN/1 done (630 rows; 0.16 h, $0.18)
[ufo0   610.3s] cell r360/AN/2 done (630 rows; 0.17 h, $0.19)
[ufo0   610.3s] OUTCOME: HARNESS-COMPLETE (records /tmp/ufo0-results/run-records-ufo0.jsonl)
[runner exit rc=0]
