$ /usr/local/bin/python /root/kot/poc/e9/runner/e9_runner.py --inputs-dir /root/kot/poc/e9/inputs --out-dir /tmp/e9-results --device cuda
[e9     3.2s] mode=FULL device=cuda seeds=[0, 1, 2, 3, 4] steps=2000 sweep=[0.0003, 0.001, 0.003]@1000 batch=32 arms=['true', 'shuffled', 'defl']
[e9    10.2s] sequences: 1800 train / 200 val / 500 seen-eval / 120 nonce-eval
[e9    10.2s] sweep arm=true lr=0.0003
[e9    10.9s]     step 0/1000 loss 4.3671
[e9    18.6s]     step 50/1000 loss 4.3214
[e9    26.5s]     step 100/1000 loss 4.1406
[e9    34.2s]     step 150/1000 loss 3.8876
[e9    42.1s]     step 200/1000 loss 3.6271
[e9    49.6s]     step 250/1000 loss 3.4779
[e9    57.4s]     step 300/1000 loss 3.5625
[e9    65.5s]     step 350/1000 loss 3.2518
[e9    73.5s]     step 400/1000 loss 3.3811
[e9    81.2s]     step 450/1000 loss 3.2392
[e9    89.1s]     step 500/1000 loss 3.2003
[e9    97.1s]     step 550/1000 loss 3.1947
[e9   105.2s]     step 600/1000 loss 3.2132
[e9   112.8s]     step 650/1000 loss 3.0701
[e9   120.8s]     step 700/1000 loss 3.0599
[e9   128.6s]     step 750/1000 loss 3.0112
[e9   136.5s]     step 800/1000 loss 2.9704
[e9   144.5s]     step 850/1000 loss 3.2152
[e9   152.3s]     step 900/1000 loss 3.1586
[e9   160.0s]     step 950/1000 loss 3.2285
[e9   167.7s]     step 999/1000 loss 2.9226
[e9   168.1s]   arm=true lr=0.0003 valCE=3.0942
[e9   168.1s] sweep arm=true lr=0.001
[e9   168.3s]     step 0/1000 loss 4.3671
[e9   176.0s]     step 50/1000 loss 4.1268
[e9   183.9s]     step 100/1000 loss 3.7684
[e9   191.6s]     step 150/1000 loss 3.4374
[e9   199.5s]     step 200/1000 loss 3.1479
[e9   207.0s]     step 250/1000 loss 3.0426
[e9   214.7s]     step 300/1000 loss 3.1024
[e9   222.8s]     step 350/1000 loss 2.8584
[e9   230.8s]     step 400/1000 loss 2.9197
[e9   238.6s]     step 450/1000 loss 2.8094
[e9   246.4s]     step 500/1000 loss 2.7434
[e9   254.5s]     step 550/1000 loss 2.7253
[e9   262.6s]     step 600/1000 loss 2.8167
[e9   270.1s]     step 650/1000 loss 2.5901
[e9   278.2s]     step 700/1000 loss 2.6054
[e9   286.0s]     step 750/1000 loss 2.5395
[e9   293.9s]     step 800/1000 loss 2.5348
[e9   301.9s]     step 850/1000 loss 2.7317
[e9   309.6s]     step 900/1000 loss 2.6621
[e9   317.3s]     step 950/1000 loss 2.8226
[e9   325.0s]     step 999/1000 loss 2.3072
[e9   325.5s]   arm=true lr=0.001 valCE=2.6826
[e9   325.5s] sweep arm=true lr=0.003
[e9   325.6s]     step 0/1000 loss 4.3671
[e9   333.4s]     step 50/1000 loss 3.8604
[e9   341.3s]     step 100/1000 loss 3.3756
[e9   349.0s]     step 150/1000 loss 3.1303
[e9   356.9s]     step 200/1000 loss 2.9294
[e9   364.4s]     step 250/1000 loss 2.8594
[e9   372.1s]     step 300/1000 loss 2.8317
[e9   380.2s]     step 350/1000 loss 2.6147
[e9   388.2s]     step 400/1000 loss 2.7228
[e9   395.9s]     step 450/1000 loss 2.6092
[e9   403.8s]     step 500/1000 loss 2.5397
[e9   411.8s]     step 550/1000 loss 2.4902
[e9   419.9s]     step 600/1000 loss 2.6384
[e9   427.5s]     step 650/1000 loss 2.3114
[e9   435.5s]     step 700/1000 loss 2.4321
[e9   443.3s]     step 750/1000 loss 2.3158
[e9   451.2s]     step 800/1000 loss 2.2670
[e9   459.2s]     step 850/1000 loss 2.4466
[e9   467.0s]     step 900/1000 loss 2.4044
[e9   474.7s]     step 950/1000 loss 2.5719
[e9   482.4s]     step 999/1000 loss 2.0348
[e9   482.8s]   arm=true lr=0.003 valCE=2.4470
[e9   482.8s] selected lr=0.003 for arm=true
[e9   482.8s] sweep arm=shuffled lr=0.0003
[e9   482.9s]     step 0/1000 loss 4.3563
[e9   490.7s]     step 50/1000 loss 4.3483
[e9   498.6s]     step 100/1000 loss 4.2210
[e9   506.3s]     step 150/1000 loss 3.9239
[e9   514.2s]     step 200/1000 loss 3.7364
[e9   521.7s]     step 250/1000 loss 3.5417
[e9   529.4s]     step 300/1000 loss 3.6058
[e9   537.5s]     step 350/1000 loss 3.3110
[e9   545.5s]     step 400/1000 loss 3.4760
[e9   553.3s]     step 450/1000 loss 3.3169
[e9   561.1s]     step 500/1000 loss 3.2685
[e9   569.2s]     step 550/1000 loss 3.2520
[e9   577.3s]     step 600/1000 loss 3.2748
[e9   584.8s]     step 650/1000 loss 3.1546
[e9   592.9s]     step 700/1000 loss 3.1854
[e9   600.7s]     step 750/1000 loss 3.2337
[e9   608.5s]     step 800/1000 loss 3.0477
[e9   616.6s]     step 850/1000 loss 3.2851
[e9   624.3s]     step 900/1000 loss 3.2452
[e9   632.0s]     step 950/1000 loss 3.2674
[e9   639.8s]     step 999/1000 loss 3.0775
[e9   640.2s]   arm=shuffled lr=0.0003 valCE=3.2211
[e9   640.2s] sweep arm=shuffled lr=0.001
[e9   640.3s]     step 0/1000 loss 4.3563
[e9   648.1s]     step 50/1000 loss 4.1813
[e9   656.0s]     step 100/1000 loss 3.8694
[e9   663.7s]     step 150/1000 loss 3.5169
[e9   671.6s]     step 200/1000 loss 3.2871
[e9   679.1s]     step 250/1000 loss 3.1641
[e9   686.8s]     step 300/1000 loss 3.2635
[e9   694.9s]     step 350/1000 loss 2.9786
[e9   702.9s]     step 400/1000 loss 3.1212
[e9   710.7s]     step 450/1000 loss 2.9844
[e9   718.5s]     step 500/1000 loss 2.9624
[e9   726.5s]     step 550/1000 loss 2.9005
[e9   734.7s]     step 600/1000 loss 2.9288
[e9   742.2s]     step 650/1000 loss 2.7549
[e9   750.3s]     step 700/1000 loss 2.7627
[e9   758.1s]     step 750/1000 loss 2.8565
[e9   765.9s]     step 800/1000 loss 2.7430
[e9   774.0s]     step 850/1000 loss 2.9315
[e9   781.7s]     step 900/1000 loss 2.8862
[e9   789.4s]     step 950/1000 loss 2.9757
[e9   797.1s]     step 999/1000 loss 2.5968
[e9   797.5s]   arm=shuffled lr=0.001 valCE=2.9068
[e9   797.5s] sweep arm=shuffled lr=0.003
[e9   797.7s]     step 0/1000 loss 4.3563
[e9   805.5s]     step 50/1000 loss 3.8916
[e9   813.4s]     step 100/1000 loss 3.4663
[e9   821.1s]     step 150/1000 loss 3.3138
[e9   829.0s]     step 200/1000 loss 3.1535
[e9   836.5s]     step 250/1000 loss 2.9815
[e9   844.2s]     step 300/1000 loss 3.0828
[e9   852.3s]     step 350/1000 loss 2.8528
[e9   860.3s]     step 400/1000 loss 2.9747
[e9   868.0s]     step 450/1000 loss 2.7871
[e9   875.9s]     step 500/1000 loss 2.7865
[e9   883.9s]     step 550/1000 loss 2.7234
[e9   892.0s]     step 600/1000 loss 2.7778
[e9   899.6s]     step 650/1000 loss 2.5941
[e9   907.6s]     step 700/1000 loss 2.6363
[e9   915.5s]     step 750/1000 loss 2.6148
[e9   923.3s]     step 800/1000 loss 2.5016
[e9   931.4s]     step 850/1000 loss 2.6709
[e9   939.1s]     step 900/1000 loss 2.6774
[e9   946.8s]     step 950/1000 loss 2.7748
[e9   954.5s]     step 999/1000 loss 2.3411
[e9   954.9s]   arm=shuffled lr=0.003 valCE=2.7258
[e9   954.9s] selected lr=0.003 for arm=shuffled
[e9   954.9s] sweep arm=defl lr=0.0003
[e9   955.1s]     step 0/1000 loss 4.3944
[e9   963.0s]     step 50/1000 loss 4.3473
[e9   971.0s]     step 100/1000 loss 4.2000
[e9   978.9s]     step 150/1000 loss 3.9194
[e9   986.9s]     step 200/1000 loss 3.7015
[e9   994.3s]     step 250/1000 loss 3.4983
[e9  1002.1s]     step 300/1000 loss 3.5483
[e9  1010.2s]     step 350/1000 loss 3.3456
[e9  1018.2s]     step 400/1000 loss 3.4171
[e9  1025.9s]     step 450/1000 loss 3.3011
[e9  1033.8s]     step 500/1000 loss 3.2487
[e9  1041.8s]     step 550/1000 loss 3.2628
[e9  1049.9s]     step 600/1000 loss 3.2786
[e9  1057.5s]     step 650/1000 loss 3.1803
[e9  1065.5s]     step 700/1000 loss 3.1558
[e9  1073.3s]     step 750/1000 loss 3.2418
[e9  1081.2s]     step 800/1000 loss 3.0367
[e9  1089.2s]     step 850/1000 loss 3.2950
[e9  1097.0s]     step 900/1000 loss 3.2733
[e9  1104.7s]     step 950/1000 loss 3.3260
[e9  1112.4s]     step 999/1000 loss 3.0920
[e9  1112.8s]   arm=defl lr=0.0003 valCE=3.2148
[e9  1112.8s] sweep arm=defl lr=0.001
[e9  1113.0s]     step 0/1000 loss 4.3944
[e9  1120.7s]     step 50/1000 loss 4.1586
[e9  1128.6s]     step 100/1000 loss 3.8334
[e9  1136.3s]     step 150/1000 loss 3.4855
[e9  1144.2s]     step 200/1000 loss 3.2617
[e9  1151.7s]     step 250/1000 loss 3.1500
[e9  1159.4s]     step 300/1000 loss 3.1928
[e9  1167.5s]     step 350/1000 loss 2.9649
[e9  1175.5s]     step 400/1000 loss 3.1059
[e9  1183.3s]     step 450/1000 loss 2.8976
[e9  1191.1s]     step 500/1000 loss 2.8815
[e9  1199.2s]     step 550/1000 loss 2.8689
[e9  1207.3s]     step 600/1000 loss 2.9157
[e9  1214.8s]     step 650/1000 loss 2.7503
[e9  1222.9s]     step 700/1000 loss 2.7558
[e9  1230.7s]     step 750/1000 loss 2.8191
[e9  1238.6s]     step 800/1000 loss 2.6335
[e9  1246.6s]     step 850/1000 loss 2.8454
[e9  1254.3s]     step 900/1000 loss 2.8267
[e9  1262.0s]     step 950/1000 loss 2.9666
[e9  1269.8s]     step 999/1000 loss 2.5773
[e9  1270.2s]   arm=defl lr=0.001 valCE=2.8442
[e9  1270.2s] sweep arm=defl lr=0.003
[e9  1270.3s]     step 0/1000 loss 4.3944
[e9  1278.1s]     step 50/1000 loss 3.8713
[e9  1286.0s]     step 100/1000 loss 3.4578
[e9  1293.7s]     step 150/1000 loss 3.2433
[e9  1301.6s]     step 200/1000 loss 3.0756
[e9  1309.1s]     step 250/1000 loss 2.9450
[e9  1316.8s]     step 300/1000 loss 2.9620
[e9  1324.9s]     step 350/1000 loss 2.7432
[e9  1332.9s]     step 400/1000 loss 2.9278
[e9  1340.7s]     step 450/1000 loss 2.6777
[e9  1348.5s]     step 500/1000 loss 2.7113
[e9  1356.5s]     step 550/1000 loss 2.6499
[e9  1364.7s]     step 600/1000 loss 2.7496
[e9  1372.2s]     step 650/1000 loss 2.5511
[e9  1380.3s]     step 700/1000 loss 2.5434
[e9  1388.1s]     step 750/1000 loss 2.5367
[e9  1395.9s]     step 800/1000 loss 2.3999
[e9  1404.0s]     step 850/1000 loss 2.5930
[e9  1411.7s]     step 900/1000 loss 2.5368
[e9  1419.4s]     step 950/1000 loss 2.7510
[e9  1427.1s]     step 999/1000 loss 2.2896
[e9  1427.5s]   arm=defl lr=0.003 valCE=2.6459
[e9  1427.6s] selected lr=0.003 for arm=defl
[e9  1427.6s] train arm=true seed=0 lr=0.003
[e9  1428.9s]     step 0/2000 loss 4.3671
[e9  1436.6s]     step 50/2000 loss 3.8604
[e9  1444.5s]     step 100/2000 loss 3.3756
[e9  1452.2s]     step 150/2000 loss 3.1302
[e9  1460.1s]     step 200/2000 loss 2.9296
[e9  1467.6s]     step 250/2000 loss 2.8621
[e9  1475.3s]     step 300/2000 loss 2.8331
[e9  1483.5s]     step 350/2000 loss 2.6178
[e9  1491.4s]     step 400/2000 loss 2.7340
[e9  1499.2s]     step 450/2000 loss 2.6208
[e9  1507.0s]     step 500/2000 loss 2.5701
[e9  1515.1s]     step 550/2000 loss 2.5461
[e9  1523.2s]     step 600/2000 loss 2.6675
[e9  1530.8s]     step 650/2000 loss 2.3230
[e9  1538.8s]     step 700/2000 loss 2.4346
[e9  1546.6s]     step 750/2000 loss 2.3383
[e9  1554.5s]     step 800/2000 loss 2.2869
[e9  1562.5s]     step 850/2000 loss 2.4303
[e9  1570.3s]     step 900/2000 loss 2.3962
[e9  1578.0s]     step 950/2000 loss 2.5714
[e9  1585.9s]     step 1000/2000 loss 2.3123
[e9  1593.6s]     step 1050/2000 loss 1.9379
[e9  1601.3s]     step 1100/2000 loss 2.0615
[e9  1609.4s]     step 1150/2000 loss 1.8295
[e9  1617.4s]     step 1200/2000 loss 2.4046
[e9  1625.2s]     step 1250/2000 loss 2.2877
[e9  1632.8s]     step 1300/2000 loss 1.9840
[e9  1640.8s]     step 1350/2000 loss 2.0111
[e9  1648.8s]     step 1400/2000 loss 1.9935
[e9  1656.5s]     step 1450/2000 loss 2.4239
[e9  1664.2s]     step 1500/2000 loss 2.0129
[e9  1671.8s]     step 1550/2000 loss 1.9543
[e9  1679.9s]     step 1600/2000 loss 2.0669
[e9  1687.8s]     step 1650/2000 loss 2.0691
[e9  1695.6s]     step 1700/2000 loss 2.0799
[e9  1703.5s]     step 1750/2000 loss 2.1130
[e9  1711.2s]     step 1800/2000 loss 1.8075
[e9  1719.0s]     step 1850/2000 loss 1.9131
[e9  1727.0s]     step 1900/2000 loss 1.8707
[e9  1734.7s]     step 1950/2000 loss 1.7833
[e9  1742.4s]     step 1999/2000 loss 1.8504
[e9  1748.7s]   arm=true seed=0: seenAcc=0.7700 nonceAcc=0.4750 valCE=2.3029
[e9  1748.7s] train arm=true seed=1 lr=0.003
[e9  1750.0s]     step 0/2000 loss 4.4449
[e9  1757.8s]     step 50/2000 loss 3.8227
[e9  1765.7s]     step 100/2000 loss 3.3074
[e9  1773.6s]     step 150/2000 loss 3.0359
[e9  1781.5s]     step 200/2000 loss 2.8176
[e9  1789.2s]     step 250/2000 loss 2.7412
[e9  1797.1s]     step 300/2000 loss 2.7316
[e9  1805.2s]     step 350/2000 loss 2.8606
[e9  1812.7s]     step 400/2000 loss 2.5821
[e9  1820.5s]     step 450/2000 loss 2.4193
[e9  1828.4s]     step 500/2000 loss 2.4573
[e9  1836.0s]     step 550/2000 loss 2.3360
[e9  1844.0s]     step 600/2000 loss 2.3801
[e9  1851.9s]     step 650/2000 loss 2.6055
[e9  1859.7s]     step 700/2000 loss 2.3844
[e9  1867.7s]     step 750/2000 loss 2.1935
[e9  1875.4s]     step 800/2000 loss 2.1901
[e9  1883.2s]     step 850/2000 loss 2.1146
[e9  1891.1s]     step 900/2000 loss 2.1837
[e9  1899.0s]     step 950/2000 loss 2.3075
[e9  1906.8s]     step 1000/2000 loss 2.2628
[e9  1914.7s]     step 1050/2000 loss 2.1177
[e9  1922.6s]     step 1100/2000 loss 2.0011
[e9  1930.5s]     step 1150/2000 loss 2.2427
[e9  1938.5s]     step 1200/2000 loss 1.9905
[e9  1946.4s]     step 1250/2000 loss 1.8928
[e9  1954.1s]     step 1300/2000 loss 1.9982
[e9  1962.0s]     step 1350/2000 loss 2.1227
[e9  1969.9s]     step 1400/2000 loss 2.0771
[e9  1977.7s]     step 1450/2000 loss 1.8073
[e9  1985.6s]     step 1500/2000 loss 2.1003
[e9  1993.4s]     step 1550/2000 loss 1.8358
[e9  2001.4s]     step 1600/2000 loss 1.9230
[e9  2009.2s]     step 1650/2000 loss 2.0891
[e9  2017.2s]     step 1700/2000 loss 1.8347
[e9  2025.0s]     step 1750/2000 loss 2.1635
[e9  2032.7s]     step 1800/2000 loss 1.9779
[e9  2040.5s]     step 1850/2000 loss 1.9412
[e9  2048.3s]     step 1900/2000 loss 2.0301
[e9  2056.1s]     step 1950/2000 loss 2.0102
[e9  2063.8s]     step 1999/2000 loss 2.0458
[e9  2070.1s]   arm=true seed=1: seenAcc=0.7980 nonceAcc=0.4583 valCE=2.2948
[e9  2070.1s] train arm=true seed=2 lr=0.003
[e9  2071.5s]     step 0/2000 loss 4.3271
[e9  2079.5s]     step 50/2000 loss 3.7693
[e9  2087.3s]     step 100/2000 loss 3.2971
[e9  2094.9s]     step 150/2000 loss 3.1222
[e9  2102.8s]     step 200/2000 loss 2.8886
[e9  2110.5s]     step 250/2000 loss 2.7962
[e9  2118.3s]     step 300/2000 loss 3.0095
[e9  2126.1s]     step 350/2000 loss 2.4225
[e9  2134.0s]     step 400/2000 loss 2.6300
[e9  2141.7s]     step 450/2000 loss 2.5512
[e9  2149.5s]     step 500/2000 loss 2.3296
[e9  2157.3s]     step 550/2000 loss 2.3530
[e9  2165.0s]     step 600/2000 loss 2.2283
[e9  2172.8s]     step 650/2000 loss 2.2998
[e9  2180.7s]     step 700/2000 loss 2.4091
[e9  2188.1s]     step 750/2000 loss 2.3658
[e9  2196.0s]     step 800/2000 loss 2.0809
[e9  2203.8s]     step 850/2000 loss 2.3627
[e9  2211.5s]     step 900/2000 loss 2.2466
[e9  2219.3s]     step 950/2000 loss 2.3911
[e9  2227.1s]     step 1000/2000 loss 2.0885
[e9  2234.8s]     step 1050/2000 loss 2.3063
[e9  2242.5s]     step 1100/2000 loss 2.0430
[e9  2250.6s]     step 1150/2000 loss 2.2468
[e9  2258.4s]     step 1200/2000 loss 2.1559
[e9  2266.1s]     step 1250/2000 loss 2.2121
[e9  2274.0s]     step 1300/2000 loss 1.7994
[e9  2281.7s]     step 1350/2000 loss 1.9988
[e9  2289.5s]     step 1400/2000 loss 1.9711
[e9  2297.2s]     step 1450/2000 loss 1.8965
[e9  2305.0s]     step 1500/2000 loss 2.2044
[e9  2312.9s]     step 1550/2000 loss 1.8811
[e9  2320.6s]     step 1600/2000 loss 1.9228
[e9  2328.6s]     step 1650/2000 loss 2.0345
[e9  2336.3s]     step 1700/2000 loss 2.0898
[e9  2343.9s]     step 1750/2000 loss 1.9284
[e9  2351.8s]     step 1800/2000 loss 2.2778
[e9  2359.6s]     step 1850/2000 loss 1.9391
[e9  2367.6s]     step 1900/2000 loss 1.9488
[e9  2375.4s]     step 1950/2000 loss 1.9614
[e9  2383.3s]     step 1999/2000 loss 2.0000
[e9  2389.6s]   arm=true seed=2: seenAcc=0.8020 nonceAcc=0.4250 valCE=2.3124
[e9  2389.6s] train arm=true seed=3 lr=0.003
[e9  2390.9s]     step 0/2000 loss 4.1282
[e9  2398.7s]     step 50/2000 loss 3.8213
[e9  2406.8s]     step 100/2000 loss 3.0647
[e9  2414.7s]     step 150/2000 loss 3.2739
[e9  2422.5s]     step 200/2000 loss 3.0310
[e9  2430.2s]     step 250/2000 loss 3.1081
[e9  2438.3s]     step 300/2000 loss 2.6144
[e9  2446.0s]     step 350/2000 loss 2.7884
[e9  2453.9s]     step 400/2000 loss 2.6865
[e9  2461.6s]     step 450/2000 loss 2.4390
[e9  2469.3s]     step 500/2000 loss 2.4854
[e9  2477.3s]     step 550/2000 loss 2.5665
[e9  2485.1s]     step 600/2000 loss 2.4786
[e9  2493.0s]     step 650/2000 loss 2.3113
[e9  2500.8s]     step 700/2000 loss 2.3379
[e9  2508.4s]     step 750/2000 loss 2.3802
[e9  2516.4s]     step 800/2000 loss 2.3885
[e9  2524.4s]     step 850/2000 loss 2.5096
[e9  2532.3s]     step 900/2000 loss 2.3144
[e9  2540.1s]     step 950/2000 loss 2.4419
[e9  2548.1s]     step 1000/2000 loss 2.2095
[e9  2555.9s]     step 1050/2000 loss 2.3394
[e9  2563.8s]     step 1100/2000 loss 2.2143
[e9  2571.5s]     step 1150/2000 loss 2.2728
[e9  2579.4s]     step 1200/2000 loss 2.2799
[e9  2587.4s]     step 1250/2000 loss 2.3639
[e9  2595.2s]     step 1300/2000 loss 2.3478
[e9  2603.1s]     step 1350/2000 loss 2.0865
[e9  2611.0s]     step 1400/2000 loss 2.1999
[e9  2618.8s]     step 1450/2000 loss 2.2532
[e9  2626.6s]     step 1500/2000 loss 2.3250
[e9  2634.5s]     step 1550/2000 loss 2.2675
[e9  2642.6s]     step 1600/2000 loss 1.9250
[e9  2650.0s]     step 1650/2000 loss 2.1391
[e9  2658.0s]     step 1700/2000 loss 2.2145
[e9  2665.8s]     step 1750/2000 loss 2.3451
[e9  2673.7s]     step 1800/2000 loss 2.1757
[e9  2681.6s]     step 1850/2000 loss 2.1759
[e9  2689.5s]     step 1900/2000 loss 2.2957
[e9  2697.3s]     step 1950/2000 loss 2.2174
[e9  2705.0s]     step 1999/2000 loss 2.0668
[e9  2711.3s]   arm=true seed=3: seenAcc=0.7600 nonceAcc=0.4583 valCE=2.3882
[e9  2711.3s] train arm=true seed=4 lr=0.003
[e9  2712.7s]     step 0/2000 loss 4.2334
[e9  2720.5s]     step 50/2000 loss 3.6518
[e9  2728.4s]     step 100/2000 loss 3.3267
[e9  2736.3s]     step 150/2000 loss 2.8352
[e9  2743.7s]     step 200/2000 loss 2.7959
[e9  2751.8s]     step 250/2000 loss 2.5676
[e9  2759.7s]     step 300/2000 loss 2.5163
[e9  2767.5s]     step 350/2000 loss 2.1593
[e9  2775.2s]     step 400/2000 loss 2.5118
[e9  2783.3s]     step 450/2000 loss 2.5585
[e9  2791.1s]     step 500/2000 loss 2.2319
[e9  2798.9s]     step 550/2000 loss 2.1483
[e9  2806.9s]     step 600/2000 loss 2.4501
[e9  2814.8s]     step 650/2000 loss 2.1058
[e9  2822.5s]     step 700/2000 loss 2.3607
[e9  2830.3s]     step 750/2000 loss 2.1566
[e9  2838.0s]     step 800/2000 loss 2.0770
[e9  2846.0s]     step 850/2000 loss 2.1145
[e9  2854.0s]     step 900/2000 loss 1.8962
[e9  2861.8s]     step 950/2000 loss 1.9720
[e9  2869.6s]     step 1000/2000 loss 1.7820
[e9  2877.5s]     step 1050/2000 loss 1.9543
[e9  2885.3s]     step 1100/2000 loss 2.0534
[e9  2893.2s]     step 1150/2000 loss 2.1657
[e9  2901.0s]     step 1200/2000 loss 1.7592
[e9  2908.8s]     step 1250/2000 loss 1.8949
[e9  2916.8s]     step 1300/2000 loss 2.0492
[e9  2924.8s]     step 1350/2000 loss 1.9091
[e9  2932.7s]     step 1400/2000 loss 1.9544
[e9  2940.6s]     step 1450/2000 loss 1.7830
[e9  2948.5s]     step 1500/2000 loss 1.8757
[e9  2956.3s]     step 1550/2000 loss 1.5018
[e9  2964.1s]     step 1600/2000 loss 1.8583
[e9  2971.8s]     step 1650/2000 loss 1.7644
[e9  2979.6s]     step 1700/2000 loss 1.7023
[e9  2987.3s]     step 1750/2000 loss 1.6582
[e9  2995.1s]     step 1800/2000 loss 1.5835
[e9  3003.0s]     step 1850/2000 loss 1.6986
[e9  3011.0s]     step 1900/2000 loss 1.8885
[e9  3018.7s]     step 1950/2000 loss 1.5554
[e9  3026.3s]     step 1999/2000 loss 1.7448
[e9  3032.6s]   arm=true seed=4: seenAcc=0.8220 nonceAcc=0.5083 valCE=2.1219
[e9  3032.6s] train arm=shuffled seed=0 lr=0.003
[e9  3033.9s]     step 0/2000 loss 4.3563
[e9  3041.7s]     step 50/2000 loss 3.8916
[e9  3049.6s]     step 100/2000 loss 3.4663
[e9  3057.3s]     step 150/2000 loss 3.3140
[e9  3065.2s]     step 200/2000 loss 3.1540
[e9  3072.7s]     step 250/2000 loss 2.9855
[e9  3080.4s]     step 300/2000 loss 3.0783
[e9  3088.5s]     step 350/2000 loss 2.8495
[e9  3096.5s]     step 400/2000 loss 2.9923
[e9  3104.3s]     step 450/2000 loss 2.8110
[e9  3112.1s]     step 500/2000 loss 2.8254
[e9  3120.1s]     step 550/2000 loss 2.7484
[e9  3128.3s]     step 600/2000 loss 2.8088
[e9  3135.8s]     step 650/2000 loss 2.6594
[e9  3143.9s]     step 700/2000 loss 2.6467
[e9  3151.7s]     step 750/2000 loss 2.6342
[e9  3159.6s]     step 800/2000 loss 2.5359
[e9  3167.6s]     step 850/2000 loss 2.6642
[e9  3175.3s]     step 900/2000 loss 2.6978
[e9  3183.0s]     step 950/2000 loss 2.8049
[e9  3190.9s]     step 1000/2000 loss 2.5010
[e9  3198.6s]     step 1050/2000 loss 2.2859
[e9  3206.4s]     step 1100/2000 loss 2.3442
[e9  3214.5s]     step 1150/2000 loss 2.1017
[e9  3222.5s]     step 1200/2000 loss 2.5601
[e9  3230.3s]     step 1250/2000 loss 2.5413
[e9  3237.9s]     step 1300/2000 loss 2.2399
[e9  3245.9s]     step 1350/2000 loss 2.2775
[e9  3253.8s]     step 1400/2000 loss 2.3697
[e9  3261.5s]     step 1450/2000 loss 2.6110
[e9  3269.3s]     step 1500/2000 loss 2.3201
[e9  3276.9s]     step 1550/2000 loss 2.2810
[e9  3285.0s]     step 1600/2000 loss 2.3776
[e9  3292.9s]     step 1650/2000 loss 2.2490
[e9  3300.7s]     step 1700/2000 loss 2.3549
[e9  3308.6s]     step 1750/2000 loss 2.3383
[e9  3316.2s]     step 1800/2000 loss 2.0585
[e9  3324.1s]     step 1850/2000 loss 2.2488
[e9  3332.1s]     step 1900/2000 loss 2.2155
[e9  3339.8s]     step 1950/2000 loss 2.1031
[e9  3347.5s]     step 1999/2000 loss 2.0879
[e9  3353.8s]   arm=shuffled seed=0: seenAcc=0.6500 nonceAcc=0.1583 valCE=2.5764
[e9  3353.8s] train arm=shuffled seed=1 lr=0.003
[e9  3355.1s]     step 0/2000 loss 4.4292
[e9  3362.9s]     step 50/2000 loss 3.8723
[e9  3370.8s]     step 100/2000 loss 3.4337
[e9  3378.6s]     step 150/2000 loss 3.2113
[e9  3386.6s]     step 200/2000 loss 3.0103
[e9  3394.2s]     step 250/2000 loss 2.9927
[e9  3402.1s]     step 300/2000 loss 2.9089
[e9  3410.2s]     step 350/2000 loss 3.0293
[e9  3417.8s]     step 400/2000 loss 2.8186
[e9  3425.6s]     step 450/2000 loss 2.6892
[e9  3433.5s]     step 500/2000 loss 2.7217
[e9  3441.1s]     step 550/2000 loss 2.5532
[e9  3449.1s]     step 600/2000 loss 2.6744
[e9  3457.0s]     step 650/2000 loss 2.8142
[e9  3464.8s]     step 700/2000 loss 2.6787
[e9  3472.7s]     step 750/2000 loss 2.3820
[e9  3480.5s]     step 800/2000 loss 2.4364
[e9  3488.3s]     step 850/2000 loss 2.3490
[e9  3496.2s]     step 900/2000 loss 2.3823
[e9  3504.1s]     step 950/2000 loss 2.4381
[e9  3511.9s]     step 1000/2000 loss 2.5284
[e9  3519.8s]     step 1050/2000 loss 2.2568
[e9  3527.6s]     step 1100/2000 loss 2.2669
[e9  3535.5s]     step 1150/2000 loss 2.4970
[e9  3543.6s]     step 1200/2000 loss 2.2082
[e9  3551.5s]     step 1250/2000 loss 2.1428
[e9  3559.2s]     step 1300/2000 loss 2.2858
[e9  3567.0s]     step 1350/2000 loss 2.2691
[e9  3575.0s]     step 1400/2000 loss 2.3236
[e9  3582.8s]     step 1450/2000 loss 2.0440
[e9  3590.7s]     step 1500/2000 loss 2.3955
[e9  3598.5s]     step 1550/2000 loss 1.9549
[e9  3606.5s]     step 1600/2000 loss 2.1684
[e9  3614.3s]     step 1650/2000 loss 2.2791
[e9  3622.2s]     step 1700/2000 loss 2.0376
[e9  3630.1s]     step 1750/2000 loss 2.3072
[e9  3637.8s]     step 1800/2000 loss 2.2133
[e9  3645.6s]     step 1850/2000 loss 2.1046
[e9  3653.4s]     step 1900/2000 loss 2.1858
[e9  3661.2s]     step 1950/2000 loss 2.2892
[e9  3668.9s]     step 1999/2000 loss 2.2089
[e9  3675.2s]   arm=shuffled seed=1: seenAcc=0.7080 nonceAcc=0.2083 valCE=2.5484
[e9  3675.2s] train arm=shuffled seed=2 lr=0.003
[e9  3676.5s]     step 0/2000 loss 4.3272
[e9  3684.5s]     step 50/2000 loss 3.8198
[e9  3692.4s]     step 100/2000 loss 3.4000
[e9  3700.0s]     step 150/2000 loss 3.2682
[e9  3707.8s]     step 200/2000 loss 3.1270
[e9  3715.6s]     step 250/2000 loss 2.9463
[e9  3723.4s]     step 300/2000 loss 3.2098
[e9  3731.1s]     step 350/2000 loss 2.6623
[e9  3739.0s]     step 400/2000 loss 2.8256
[e9  3746.7s]     step 450/2000 loss 2.8001
[e9  3754.5s]     step 500/2000 loss 2.5693
[e9  3762.4s]     step 550/2000 loss 2.5510
[e9  3770.0s]     step 600/2000 loss 2.4908
[e9  3777.8s]     step 650/2000 loss 2.4765
[e9  3785.7s]     step 700/2000 loss 2.6558
[e9  3793.2s]     step 750/2000 loss 2.6730
[e9  3801.0s]     step 800/2000 loss 2.3318
[e9  3808.8s]     step 850/2000 loss 2.5767
[e9  3816.5s]     step 900/2000 loss 2.4181
[e9  3824.3s]     step 950/2000 loss 2.5774
[e9  3832.3s]     step 1000/2000 loss 2.2850
[e9  3840.0s]     step 1050/2000 loss 2.5002
[e9  3847.6s]     step 1100/2000 loss 2.2928
[e9  3855.7s]     step 1150/2000 loss 2.4716
[e9  3863.6s]     step 1200/2000 loss 2.4266
[e9  3871.2s]     step 1250/2000 loss 2.4318
[e9  3879.2s]     step 1300/2000 loss 2.0327
[e9  3886.8s]     step 1350/2000 loss 2.2275
[e9  3894.6s]     step 1400/2000 loss 2.2103
[e9  3902.4s]     step 1450/2000 loss 2.1479
[e9  3910.2s]     step 1500/2000 loss 2.3786
[e9  3918.1s]     step 1550/2000 loss 2.0116
[e9  3925.8s]     step 1600/2000 loss 2.1687
[e9  3933.8s]     step 1650/2000 loss 2.2735
[e9  3941.5s]     step 1700/2000 loss 2.4072
[e9  3949.0s]     step 1750/2000 loss 2.0843
[e9  3957.0s]     step 1800/2000 loss 2.5057
[e9  3964.8s]     step 1850/2000 loss 2.1611
[e9  3972.7s]     step 1900/2000 loss 2.2474
[e9  3980.5s]     step 1950/2000 loss 2.2209
[e9  3988.4s]     step 1999/2000 loss 2.2563
[e9  3994.7s]   arm=shuffled seed=2: seenAcc=0.6640 nonceAcc=0.2000 valCE=2.5996
[e9  3994.7s] train arm=shuffled seed=3 lr=0.003
[e9  3996.0s]     step 0/2000 loss 4.1530
[e9  4003.8s]     step 50/2000 loss 3.9385
[e9  4011.9s]     step 100/2000 loss 3.1842
[e9  4019.8s]     step 150/2000 loss 3.4178
[e9  4027.5s]     step 200/2000 loss 3.1562
[e9  4035.3s]     step 250/2000 loss 3.1668
[e9  4043.4s]     step 300/2000 loss 2.7773
[e9  4051.1s]     step 350/2000 loss 2.9235
[e9  4059.0s]     step 400/2000 loss 2.7547
[e9  4066.7s]     step 450/2000 loss 2.5263
[e9  4074.4s]     step 500/2000 loss 2.5765
[e9  4082.4s]     step 550/2000 loss 2.6057
[e9  4090.2s]     step 600/2000 loss 2.6069
[e9  4098.1s]     step 650/2000 loss 2.6043
[e9  4105.8s]     step 700/2000 loss 2.4263
[e9  4113.4s]     step 750/2000 loss 2.4459
[e9  4121.5s]     step 800/2000 loss 2.4874
[e9  4129.5s]     step 850/2000 loss 2.6443
[e9  4137.4s]     step 900/2000 loss 2.3738
[e9  4145.2s]     step 950/2000 loss 2.4361
[e9  4153.1s]     step 1000/2000 loss 2.3653
[e9  4160.9s]     step 1050/2000 loss 2.4209
[e9  4168.9s]     step 1100/2000 loss 2.3263
[e9  4176.6s]     step 1150/2000 loss 2.2248
[e9  4184.4s]     step 1200/2000 loss 2.3330
[e9  4192.4s]     step 1250/2000 loss 2.4138
[e9  4200.1s]     step 1300/2000 loss 2.4324
[e9  4208.1s]     step 1350/2000 loss 2.2035
[e9  4216.0s]     step 1400/2000 loss 2.2862
[e9  4223.7s]     step 1450/2000 loss 2.3583
[e9  4231.5s]     step 1500/2000 loss 2.4085
[e9  4239.5s]     step 1550/2000 loss 2.3268
[e9  4247.5s]     step 1600/2000 loss 1.9583
[e9  4255.0s]     step 1650/2000 loss 2.2201
[e9  4262.9s]     step 1700/2000 loss 2.2863
[e9  4270.7s]     step 1750/2000 loss 2.4856
[e9  4278.7s]     step 1800/2000 loss 2.2669
[e9  4286.5s]     step 1850/2000 loss 2.3007
[e9  4294.4s]     step 1900/2000 loss 2.3562
[e9  4302.3s]     step 1950/2000 loss 2.1617
[e9  4310.0s]     step 1999/2000 loss 2.1773
[e9  4316.3s]   arm=shuffled seed=3: seenAcc=0.7040 nonceAcc=0.1500 valCE=2.5453
[e9  4316.3s] train arm=shuffled seed=4 lr=0.003
[e9  4317.6s]     step 0/2000 loss 4.2482
[e9  4325.4s]     step 50/2000 loss 3.7123
[e9  4333.3s]     step 100/2000 loss 3.4309
[e9  4341.2s]     step 150/2000 loss 3.0220
[e9  4348.7s]     step 200/2000 loss 3.0149
[e9  4356.8s]     step 250/2000 loss 2.8205
[e9  4364.7s]     step 300/2000 loss 2.8319
[e9  4372.5s]     step 350/2000 loss 2.4405
[e9  4380.2s]     step 400/2000 loss 2.6525
[e9  4388.2s]     step 450/2000 loss 2.7561
[e9  4396.1s]     step 500/2000 loss 2.4701
[e9  4403.8s]     step 550/2000 loss 2.3750
[e9  4411.9s]     step 600/2000 loss 2.7697
[e9  4419.7s]     step 650/2000 loss 2.3186
[e9  4427.5s]     step 700/2000 loss 2.5690
[e9  4435.3s]     step 750/2000 loss 2.3940
[e9  4443.0s]     step 800/2000 loss 2.3397
[e9  4451.0s]     step 850/2000 loss 2.3772
[e9  4458.9s]     step 900/2000 loss 2.2006
[e9  4466.8s]     step 950/2000 loss 2.3495
[e9  4474.6s]     step 1000/2000 loss 1.9596
[e9  4482.4s]     step 1050/2000 loss 2.1676
[e9  4490.2s]     step 1100/2000 loss 2.3889
[e9  4498.2s]     step 1150/2000 loss 2.4593
[e9  4505.9s]     step 1200/2000 loss 2.0213
[e9  4513.7s]     step 1250/2000 loss 2.2052
[e9  4521.8s]     step 1300/2000 loss 2.3523
[e9  4529.7s]     step 1350/2000 loss 2.0560
[e9  4537.7s]     step 1400/2000 loss 2.1004
[e9  4545.5s]     step 1450/2000 loss 2.0604
[e9  4553.4s]     step 1500/2000 loss 2.0597
[e9  4561.3s]     step 1550/2000 loss 1.7297
[e9  4569.0s]     step 1600/2000 loss 2.1736
[e9  4576.7s]     step 1650/2000 loss 1.9810
[e9  4584.5s]     step 1700/2000 loss 1.8352
[e9  4592.2s]     step 1750/2000 loss 1.9095
[e9  4600.0s]     step 1800/2000 loss 1.8616
[e9  4607.9s]     step 1850/2000 loss 1.9272
[e9  4615.9s]     step 1900/2000 loss 2.2289
[e9  4623.6s]     step 1950/2000 loss 1.7868
[e9  4631.2s]     step 1999/2000 loss 1.9670
[e9  4637.5s]   arm=shuffled seed=4: seenAcc=0.7000 nonceAcc=0.1833 valCE=2.4484
[e9  4637.5s] train arm=defl seed=0 lr=0.003
[e9  4638.8s]     step 0/2000 loss 4.3944
[e9  4646.6s]     step 50/2000 loss 3.8713
[e9  4654.5s]     step 100/2000 loss 3.4578
[e9  4662.2s]     step 150/2000 loss 3.2434
[e9  4670.1s]     step 200/2000 loss 3.0760
[e9  4677.6s]     step 250/2000 loss 2.9441
[e9  4685.3s]     step 300/2000 loss 2.9636
[e9  4693.5s]     step 350/2000 loss 2.7499
[e9  4701.5s]     step 400/2000 loss 2.9210
[e9  4709.3s]     step 450/2000 loss 2.6923
[e9  4717.1s]     step 500/2000 loss 2.7292
[e9  4725.2s]     step 550/2000 loss 2.6708
[e9  4733.3s]     step 600/2000 loss 2.8014
[e9  4740.8s]     step 650/2000 loss 2.5842
[e9  4748.9s]     step 700/2000 loss 2.5829
[e9  4756.7s]     step 750/2000 loss 2.5445
[e9  4764.6s]     step 800/2000 loss 2.4157
[e9  4772.6s]     step 850/2000 loss 2.6023
[e9  4780.3s]     step 900/2000 loss 2.5586
[e9  4788.0s]     step 950/2000 loss 2.7656
[e9  4795.9s]     step 1000/2000 loss 2.4827
[e9  4803.6s]     step 1050/2000 loss 2.1587
[e9  4811.4s]     step 1100/2000 loss 2.2191
[e9  4819.5s]     step 1150/2000 loss 2.1069
[e9  4827.5s]     step 1200/2000 loss 2.5060
[e9  4835.3s]     step 1250/2000 loss 2.4690
[e9  4842.9s]     step 1300/2000 loss 2.1932
[e9  4850.9s]     step 1350/2000 loss 2.1377
[e9  4858.8s]     step 1400/2000 loss 2.1751
[e9  4866.5s]     step 1450/2000 loss 2.5202
[e9  4874.3s]     step 1500/2000 loss 2.2352
[e9  4881.9s]     step 1550/2000 loss 2.2764
[e9  4890.0s]     step 1600/2000 loss 2.3257
[e9  4897.9s]     step 1650/2000 loss 2.2369
[e9  4905.7s]     step 1700/2000 loss 2.3347
[e9  4913.6s]     step 1750/2000 loss 2.2121
[e9  4921.2s]     step 1800/2000 loss 2.0718
[e9  4929.1s]     step 1850/2000 loss 2.1625
[e9  4937.1s]     step 1900/2000 loss 2.1255
[e9  4944.7s]     step 1950/2000 loss 1.9917
[e9  4952.5s]     step 1999/2000 loss 2.0214
[e9  4958.8s]   arm=defl seed=0: seenAcc=0.7020 nonceAcc=0.2167 valCE=2.4890
[e9  4958.8s] train arm=defl seed=1 lr=0.003
[e9  4960.1s]     step 0/2000 loss 4.4364
[e9  4967.9s]     step 50/2000 loss 3.8607
[e9  4975.7s]     step 100/2000 loss 3.4564
[e9  4983.6s]     step 150/2000 loss 3.1971
[e9  4991.5s]     step 200/2000 loss 3.0149
[e9  4999.2s]     step 250/2000 loss 2.9900
[e9  5007.1s]     step 300/2000 loss 2.8737
[e9  5015.2s]     step 350/2000 loss 3.0664
[e9  5022.8s]     step 400/2000 loss 2.8241
[e9  5030.5s]     step 450/2000 loss 2.6773
[e9  5038.4s]     step 500/2000 loss 2.7156
[e9  5046.0s]     step 550/2000 loss 2.5733
[e9  5054.0s]     step 600/2000 loss 2.6611
[e9  5061.9s]     step 650/2000 loss 2.9424
[e9  5069.7s]     step 700/2000 loss 2.6568
[e9  5077.7s]     step 750/2000 loss 2.5228
[e9  5085.4s]     step 800/2000 loss 2.5282
[e9  5093.2s]     step 850/2000 loss 2.4221
[e9  5101.1s]     step 900/2000 loss 2.4258
[e9  5109.0s]     step 950/2000 loss 2.4953
[e9  5116.8s]     step 1000/2000 loss 2.5067
[e9  5124.7s]     step 1050/2000 loss 2.3071
[e9  5132.5s]     step 1100/2000 loss 2.2450
[e9  5140.5s]     step 1150/2000 loss 2.4846
[e9  5148.5s]     step 1200/2000 loss 2.3226
[e9  5156.4s]     step 1250/2000 loss 2.1255
[e9  5164.1s]     step 1300/2000 loss 2.2923
[e9  5171.9s]     step 1350/2000 loss 2.3585
[e9  5179.9s]     step 1400/2000 loss 2.3171
[e9  5187.7s]     step 1450/2000 loss 2.1774
[e9  5195.6s]     step 1500/2000 loss 2.4065
[e9  5203.4s]     step 1550/2000 loss 2.0827
[e9  5211.4s]     step 1600/2000 loss 2.2110
[e9  5219.2s]     step 1650/2000 loss 2.3246
[e9  5227.1s]     step 1700/2000 loss 2.1288
[e9  5234.9s]     step 1750/2000 loss 2.4216
[e9  5242.7s]     step 1800/2000 loss 2.2485
[e9  5250.5s]     step 1850/2000 loss 2.2036
[e9  5258.2s]     step 1900/2000 loss 2.2439
[e9  5266.1s]     step 1950/2000 loss 2.2933
[e9  5273.8s]     step 1999/2000 loss 2.2440
[e9  5280.1s]   arm=defl seed=1: seenAcc=0.6960 nonceAcc=0.2167 valCE=2.5658
[e9  5280.1s] train arm=defl seed=2 lr=0.003
[e9  5281.4s]     step 0/2000 loss 4.3089
[e9  5289.4s]     step 50/2000 loss 3.7749
[e9  5297.2s]     step 100/2000 loss 3.3774
[e9  5304.9s]     step 150/2000 loss 3.2876
[e9  5312.7s]     step 200/2000 loss 3.1689
[e9  5320.5s]     step 250/2000 loss 2.9901
[e9  5328.3s]     step 300/2000 loss 3.2733
[e9  5336.0s]     step 350/2000 loss 2.6761
[e9  5343.9s]     step 400/2000 loss 2.7902
[e9  5351.6s]     step 450/2000 loss 2.7466
[e9  5359.4s]     step 500/2000 loss 2.6158
[e9  5367.3s]     step 550/2000 loss 2.6192
[e9  5374.9s]     step 600/2000 loss 2.6040
[e9  5382.7s]     step 650/2000 loss 2.6025
[e9  5390.6s]     step 700/2000 loss 2.5497
[e9  5398.0s]     step 750/2000 loss 2.6409
[e9  5405.9s]     step 800/2000 loss 2.4045
[e9  5413.7s]     step 850/2000 loss 2.5060
[e9  5421.4s]     step 900/2000 loss 2.3923
[e9  5429.2s]     step 950/2000 loss 2.5540
[e9  5437.0s]     step 1000/2000 loss 2.3011
[e9  5444.7s]     step 1050/2000 loss 2.5231
[e9  5452.4s]     step 1100/2000 loss 2.2815
[e9  5460.5s]     step 1150/2000 loss 2.4392
[e9  5468.3s]     step 1200/2000 loss 2.3311
[e9  5476.0s]     step 1250/2000 loss 2.4758
[e9  5483.9s]     step 1300/2000 loss 2.0333
[e9  5491.5s]     step 1350/2000 loss 2.2878
[e9  5499.3s]     step 1400/2000 loss 2.1527
[e9  5507.1s]     step 1450/2000 loss 2.1927
[e9  5514.9s]     step 1500/2000 loss 2.3786
[e9  5522.8s]     step 1550/2000 loss 2.1203
[e9  5530.5s]     step 1600/2000 loss 2.0887
[e9  5538.5s]     step 1650/2000 loss 2.2445
[e9  5546.2s]     step 1700/2000 loss 2.3108
[e9  5553.7s]     step 1750/2000 loss 2.0396
[e9  5561.7s]     step 1800/2000 loss 2.3719
[e9  5569.5s]     step 1850/2000 loss 2.1229
[e9  5577.5s]     step 1900/2000 loss 2.2181
[e9  5585.2s]     step 1950/2000 loss 2.1547
[e9  5593.1s]     step 1999/2000 loss 2.1938
[e9  5599.4s]   arm=defl seed=2: seenAcc=0.7360 nonceAcc=0.1917 valCE=2.5508
[e9  5599.4s] train arm=defl seed=3 lr=0.003
[e9  5600.8s]     step 0/2000 loss 4.1585
[e9  5608.5s]     step 50/2000 loss 3.8716
[e9  5616.7s]     step 100/2000 loss 3.1048
[e9  5624.5s]     step 150/2000 loss 3.3983
[e9  5632.3s]     step 200/2000 loss 3.1788
[e9  5640.1s]     step 250/2000 loss 3.2041
[e9  5648.1s]     step 300/2000 loss 2.7913
[e9  5655.9s]     step 350/2000 loss 2.9047
[e9  5663.7s]     step 400/2000 loss 2.8408
[e9  5671.4s]     step 450/2000 loss 2.4931
[e9  5679.1s]     step 500/2000 loss 2.6111
[e9  5687.2s]     step 550/2000 loss 2.5810
[e9  5694.9s]     step 600/2000 loss 2.6101
[e9  5702.8s]     step 650/2000 loss 2.5788
[e9  5710.6s]     step 700/2000 loss 2.4477
[e9  5718.2s]     step 750/2000 loss 2.5199
[e9  5726.2s]     step 800/2000 loss 2.4657
[e9  5734.2s]     step 850/2000 loss 2.6698
[e9  5742.1s]     step 900/2000 loss 2.4085
[e9  5749.9s]     step 950/2000 loss 2.5966
[e9  5757.8s]     step 1000/2000 loss 2.3635
[e9  5765.7s]     step 1050/2000 loss 2.4352
[e9  5773.6s]     step 1100/2000 loss 2.3447
[e9  5781.3s]     step 1150/2000 loss 2.3664
[e9  5789.1s]     step 1200/2000 loss 2.4940
[e9  5797.1s]     step 1250/2000 loss 2.4615
[e9  5804.9s]     step 1300/2000 loss 2.5001
[e9  5812.8s]     step 1350/2000 loss 2.1902
[e9  5820.7s]     step 1400/2000 loss 2.2136
[e9  5828.5s]     step 1450/2000 loss 2.4198
[e9  5836.2s]     step 1500/2000 loss 2.3989
[e9  5844.2s]     step 1550/2000 loss 2.3650
[e9  5852.2s]     step 1600/2000 loss 2.0759
[e9  5859.7s]     step 1650/2000 loss 2.2971
[e9  5867.6s]     step 1700/2000 loss 2.3979
[e9  5875.4s]     step 1750/2000 loss 2.4417
[e9  5883.4s]     step 1800/2000 loss 2.2844
[e9  5891.2s]     step 1850/2000 loss 2.2742
[e9  5899.1s]     step 1900/2000 loss 2.3063
[e9  5907.0s]     step 1950/2000 loss 2.2901
[e9  5914.7s]     step 1999/2000 loss 2.1890
[e9  5921.0s]   arm=defl seed=3: seenAcc=0.6820 nonceAcc=0.1917 valCE=2.5307
[e9  5921.0s] train arm=defl seed=4 lr=0.003
[e9  5922.3s]     step 0/2000 loss 4.2543
[e9  5930.1s]     step 50/2000 loss 3.6956
[e9  5938.0s]     step 100/2000 loss 3.4303
[e9  5945.9s]     step 150/2000 loss 2.9904
[e9  5953.4s]     step 200/2000 loss 2.9948
[e9  5961.4s]     step 250/2000 loss 2.7984
[e9  5969.4s]     step 300/2000 loss 2.8293
[e9  5977.1s]     step 350/2000 loss 2.4193
[e9  5984.9s]     step 400/2000 loss 2.7008
[e9  5992.9s]     step 450/2000 loss 2.7065
[e9  6000.7s]     step 500/2000 loss 2.4767
[e9  6008.5s]     step 550/2000 loss 2.4083
[e9  6016.5s]     step 600/2000 loss 2.6294
[e9  6024.4s]     step 650/2000 loss 2.4223
[e9  6032.1s]     step 700/2000 loss 2.5884
[e9  6039.9s]     step 750/2000 loss 2.3570
[e9  6047.6s]     step 800/2000 loss 2.2995
[e9  6055.6s]     step 850/2000 loss 2.3773
[e9  6063.6s]     step 900/2000 loss 2.1221
[e9  6071.4s]     step 950/2000 loss 2.3039
[e9  6079.2s]     step 1000/2000 loss 1.9978
[e9  6087.1s]     step 1050/2000 loss 2.1895
[e9  6094.9s]     step 1100/2000 loss 2.3120
[e9  6102.8s]     step 1150/2000 loss 2.3531
[e9  6110.6s]     step 1200/2000 loss 1.9896
[e9  6118.4s]     step 1250/2000 loss 2.1092
[e9  6126.4s]     step 1300/2000 loss 2.2817
[e9  6134.3s]     step 1350/2000 loss 2.1607
[e9  6142.3s]     step 1400/2000 loss 2.1661
[e9  6150.2s]     step 1450/2000 loss 1.9522
[e9  6158.0s]     step 1500/2000 loss 2.1016
[e9  6165.9s]     step 1550/2000 loss 1.7428
[e9  6173.7s]     step 1600/2000 loss 2.1172
[e9  6181.4s]     step 1650/2000 loss 2.0334
[e9  6189.2s]     step 1700/2000 loss 1.9079
[e9  6196.8s]     step 1750/2000 loss 1.8704
[e9  6204.7s]     step 1800/2000 loss 1.8057
[e9  6212.6s]     step 1850/2000 loss 1.9301
[e9  6220.6s]     step 1900/2000 loss 2.1485
[e9  6228.2s]     step 1950/2000 loss 1.7564
[e9  6235.9s]     step 1999/2000 loss 1.9632
[e9  6242.2s]   arm=defl seed=4: seenAcc=0.7380 nonceAcc=0.2000 valCE=2.3993
[e9  6242.3s] OUTCOME: PASS (results in /tmp/e9-results)
[runner exit rc=0]
