G2_BUILD=v2 module import ok (root=/home/ec2-user/css/kernel/kernel-of-truth)
✓ Initialized. View run at 
https://modal.com/apps/jmwright-045/main/ap-KunOW9ggRDL5p5FeuXATJu
✓ Created objects.
├── 🔨 Created mount 
│   /home/ec2-user/css/kernel/kernel-of-truth/poc/modal/modal_nsk1_g2.py
├── 🔨 Created function gen_a10g.
└── 🔨 Created function gen_l4.
=== G2 headroom calibration plan (design 5.2) ===
headroom items      : 100
arms                : text-only, external-text
rungs               : R1=HuggingFaceTB/SmolLM2-135M-Instruct, R2=HuggingFaceTB/SmolLM2-360M-Instruct
generations total   : 400 (200/rung), greedy, max_new_tokens=16
gpu                 : A10G
worst-case wall/$   : << 1 GPU-h total; ~$1-3 bound (standing G2 go-ahead)
phase               : exploratory (quarantined, uncitable)
G2_BUILD=v2 module import ok (root=/root)
The attention mask is not set and cannot be inferred from input because pad token is same as eos token. As a consequence, you may observe unexpected behavior. Please pass your input's `attention_mask` to obtain reliable results.
[g2] HuggingFaceTB/SmolLM2-135M-Instruct generated 50/200
[g2] HuggingFaceTB/SmolLM2-135M-Instruct generated 100/200
[g2] HuggingFaceTB/SmolLM2-135M-Instruct generated 150/200
[g2] HuggingFaceTB/SmolLM2-135M-Instruct generated 200/200
[R1] HuggingFaceTB/SmolLM2-135M-Instruct : text-only=0.0000 external-text=0.0000 delta=+0.0000
[g2] HuggingFaceTB/SmolLM2-360M-Instruct generated 50/200
[g2] HuggingFaceTB/SmolLM2-360M-Instruct generated 100/200
[g2] HuggingFaceTB/SmolLM2-360M-Instruct generated 150/200
[g2] HuggingFaceTB/SmolLM2-360M-Instruct generated 200/200
[R2] HuggingFaceTB/SmolLM2-360M-Instruct : text-only=0.0000 external-text=0.0000 delta=+0.0000

=== G2 RESULT (phase:exploratory) ===
{
 "G2_PASS": false,
 "R1": {
  "acc_external_text": 0.0,
  "acc_text_only": 0.0,
  "delta": 0.0,
  "model": "HuggingFaceTB/SmolLM2-135M-Instruct",
  "n": 100
 },
 "R2": {
  "acc_external_text": 0.0,
  "acc_text_only": 0.0,
  "delta": 0.0,
  "model": "HuggingFaceTB/SmolLM2-360M-Instruct",
  "n": 100
 },
 "gate": {
  "R1": {
   "clause_i_text_only_in_window": false,
   "clause_ii_external_ge_text_plus_2pp": false,
   "pass": false
  },
  "R2": {
   "clause_i_text_only_in_window": false,
   "clause_ii_external_ge_text_plus_2pp": false,
   "pass": false
  }
 }
}
G2_PASS = False
Stopping app - local entrypoint completed.
✓ App completed. View run at 
https://modal.com/apps/jmwright-045/main/ap-KunOW9ggRDL5p5FeuXATJu
