DRIVER start 2026-07-12T02:10:13Z
BLOCK pA a1 real start 2026-07-12T02:10:13Z
A1-REAL_DONE pA nolabel=0 file=/home/ec2-user/css/kernel/kernel-of-truth/poc/ontology-import-g2/judge-pA-a1-real-responses.jsonl
BLOCK pA a1 real exit=0 2026-07-12T02:16:43Z
BLOCK pA a1 probe start 2026-07-12T02:16:43Z
A1-PROBE_DONE pA nolabel=0 file=/home/ec2-user/css/kernel/kernel-of-truth/poc/ontology-import-g2/judge-pA-a1-probe-responses.jsonl
BLOCK pA a1 probe exit=0 2026-07-12T02:18:12Z
BLOCK pA a2 real start 2026-07-12T02:18:12Z
A2-REAL_DONE pA nolabel=0 file=/home/ec2-user/css/kernel/kernel-of-truth/poc/ontology-import-g2/judge-pA-a2-real-responses.jsonl
BLOCK pA a2 real exit=0 2026-07-12T02:24:30Z
BLOCK pA a2 probe start 2026-07-12T02:24:30Z
A2-PROBE_DONE pA nolabel=0 file=/home/ec2-user/css/kernel/kernel-of-truth/poc/ontology-import-g2/judge-pA-a2-probe-responses.jsonl
BLOCK pA a2 probe exit=0 2026-07-12T02:25:59Z
BLOCK pA a3 real start 2026-07-12T02:25:59Z
A3-REAL_DONE pA nolabel=0 file=/home/ec2-user/css/kernel/kernel-of-truth/poc/ontology-import-g2/judge-pA-a3-real-responses.jsonl
BLOCK pA a3 real exit=0 2026-07-12T02:32:56Z
BLOCK pA a3 probe start 2026-07-12T02:32:56Z
A3-PROBE_DONE pA nolabel=0 file=/home/ec2-user/css/kernel/kernel-of-truth/poc/ontology-import-g2/judge-pA-a3-probe-responses.jsonl
BLOCK pA a3 probe exit=0 2026-07-12T02:34:28Z
BLOCK pB a1 real start 2026-07-12T02:34:28Z
A1-REAL_DONE pB nolabel=0 file=/home/ec2-user/css/kernel/kernel-of-truth/poc/ontology-import-g2/judge-pB-a1-real-responses.jsonl
BLOCK pB a1 real exit=0 2026-07-12T02:38:53Z
BLOCK pB a1 probe start 2026-07-12T02:38:53Z
A1-PROBE_DONE pB nolabel=0 file=/home/ec2-user/css/kernel/kernel-of-truth/poc/ontology-import-g2/judge-pB-a1-probe-responses.jsonl
BLOCK pB a1 probe exit=0 2026-07-12T02:39:58Z
BLOCK pB a2 real start 2026-07-12T02:39:59Z
A2-REAL_DONE pB nolabel=0 file=/home/ec2-user/css/kernel/kernel-of-truth/poc/ontology-import-g2/judge-pB-a2-real-responses.jsonl
BLOCK pB a2 real exit=0 2026-07-12T02:44:45Z
BLOCK pB a2 probe start 2026-07-12T02:44:45Z
A2-PROBE_DONE pB nolabel=0 file=/home/ec2-user/css/kernel/kernel-of-truth/poc/ontology-import-g2/judge-pB-a2-probe-responses.jsonl
BLOCK pB a2 probe exit=0 2026-07-12T02:45:51Z
BLOCK pB a3 real start 2026-07-12T02:45:51Z
A3-REAL_DONE pB nolabel=0 file=/home/ec2-user/css/kernel/kernel-of-truth/poc/ontology-import-g2/judge-pB-a3-real-responses.jsonl
BLOCK pB a3 real exit=0 2026-07-12T02:50:22Z
BLOCK pB a3 probe start 2026-07-12T02:50:22Z
A3-PROBE_DONE pB nolabel=0 file=/home/ec2-user/css/kernel/kernel-of-truth/poc/ontology-import-g2/judge-pB-a3-probe-responses.jsonl
BLOCK pB a3 probe exit=0 2026-07-12T02:51:22Z
DRIVER all blocks complete 2026-07-12T02:51:22Z
