arrow edges=10728 (p5369/u5359) {'callees_of': 0.083, 'imports_of': 0.571, 'contains': 1.0, 'contained_in': 1.0, 'callers_of': 0.0, 'imported_by': 0.0, 'where_defined': 0.0, 'instance_of': 0.0}
attrs edges=11115 (p7490/u3625) {'callees_of': 0.28, 'imports_of': 0.648, 'contains': 0.999, 'contained_in': 1.0, 'callers_of': 0.0, 'imported_by': 0.0, 'where_defined': 0.0, 'instance_of': 0.0}
blinker edges=605 (p411/u194) {'callees_of': 0.354, 'imports_of': 1.0, 'contains': 1.0, 'contained_in': 1.0, 'callers_of': 0.0, 'imported_by': 1.0, 'where_defined': 1.0, 'instance_of': 0.0}
boltons edges=10130 (p7029/u3101) {'callees_of': 0.371, 'imports_of': 0.562, 'contains': 1.0, 'contained_in': 1.0, 'callers_of': 0.0, 'imported_by': 0.0, 'where_defined': 0.0, 'instance_of': 0.0}
cachetools edges=4418 (p1782/u2636) {'callees_of': 0.31, 'imports_of': 0.65, 'contains': 1.0, 'contained_in': 1.0, 'callers_of': 0.0, 'imported_by': 0.85, 'where_defined': 1.0, 'instance_of': 0.0}
charset_normalizer edges=2651 (p2060/u591) {'callees_of': 0.471, 'imports_of': 0.853, 'contains': 1.0, 'contained_in': 1.0, 'callers_of': 0.0, 'imported_by': 0.941, 'where_defined': 1.0, 'instance_of': 0.0}
dateutil edges=12479 (p8419/u4060) {'callees_of': 0.15, 'imports_of': 0.579, 'contains': 1.0, 'contained_in': 1.0, 'callers_of': 0.0, 'imported_by': 0.658, 'where_defined': 0.0, 'instance_of': 0.0}
decorator edges=1264 (p665/u599) {'callees_of': 0.485, 'imports_of': 0.25, 'contains': 1.0, 'contained_in': 1.0, 'callers_of': 0.0, 'imported_by': 0.0, 'where_defined': 0.0, 'instance_of': 0.0}
humanize edges=1261 (p1012/u249) {'callees_of': 0.427, 'imports_of': 0.615, 'contains': 1.0, 'contained_in': 1.0, 'callers_of': 0.0, 'imported_by': 1.0, 'where_defined': 1.0, 'instance_of': 0.0}
idna edges=51077 (p14216/u36861) {'callees_of': 0.002, 'imports_of': 0.824, 'contains': 1.0, 'contained_in': 1.0, 'callers_of': 0.0, 'imported_by': 0.706, 'where_defined': 1.0, 'instance_of': 0.0}
itsdangerous edges=1022 (p727/u295) {'callees_of': 0.209, 'imports_of': 0.933, 'contains': 1.0, 'contained_in': 1.0, 'callers_of': 0.0, 'imported_by': 1.0, 'where_defined': 1.0, 'instance_of': 0.0}
jinja edges=12272 (p7706/u4566) {'callees_of': 0.206, 'imports_of': 0.533, 'contains': 1.0, 'contained_in': 1.0, 'callers_of': 0.0, 'imported_by': 0.0, 'where_defined': 0.0, 'instance_of': 0.0}
markupsafe edges=711 (p466/u245) {'callees_of': 0.2, 'imports_of': 0.75, 'contains': 1.0, 'contained_in': 1.0, 'callers_of': 0.0, 'imported_by': 0.833, 'where_defined': 1.0, 'instance_of': 0.0}
packaging edges=17512 (p11732/u5780) {'callees_of': 0.315, 'imports_of': 0.521, 'contains': 1.0, 'contained_in': 1.0, 'callers_of': 0.0, 'imported_by': 0.0, 'where_defined': 0.0, 'instance_of': 0.0}
pluggy edges=3615 (p2410/u1205) {'callees_of': 0.527, 'imports_of': 0.833, 'contains': 1.0, 'contained_in': 1.0, 'callers_of': 0.0, 'imported_by': 0.933, 'where_defined': 0.0, 'instance_of': 0.0}
python-sortedcontainers edges=6650 (p4129/u2521) {'callees_of': 0.164, 'imports_of': 0.462, 'contains': 1.0, 'contained_in': 1.0, 'callers_of': 0.0, 'imported_by': 0.885, 'where_defined': 1.0, 'instance_of': 0.0}
requests edges=5896 (p4217/u1679) {'callees_of': 0.295, 'imports_of': 0.486, 'contains': 1.0, 'contained_in': 1.0, 'callers_of': 0.0, 'imported_by': 0.0, 'where_defined': 0.0, 'instance_of': 0.0}
tenacity edges=3866 (p2265/u1601) {'callees_of': 0.319, 'imports_of': 0.35, 'contains': 1.0, 'contained_in': 1.0, 'callers_of': 0.0, 'imported_by': 0.7, 'where_defined': 1.0, 'instance_of': 0.0}
tomli edges=834 (p589/u245) {'callees_of': 0.264, 'imports_of': 0.714, 'contains': 1.0, 'contained_in': 1.0, 'callers_of': 0.0, 'imported_by': 0.857, 'where_defined': 1.0, 'instance_of': 0.0}
wrapt edges=16031 (p9720/u6311) {'callees_of': 0.293, 'imports_of': 0.713, 'contains': 1.0, 'contained_in': 1.0, 'callers_of': 0.0, 'imported_by': 0.0, 'where_defined': 0.0, 'instance_of': 0.0}
{
 "PRIMARY_kappa_q_indep_FL4_query_pooled": 0.7435,
 "PRIMARY_kappa_q_indep_FL4_query_pooled_band95": [
  0.6072,
  0.8773
 ],
 "PRIMARY_kappa_q_indep_FL4_family_macro": 0.7597,
 "PRIMARY_kappa_q_indep_FL4_family_macro_band95": [
  0.6696,
  0.8478
 ],
 "kappa_by_family_pooled": {
  "callees_of": 0.1906,
  "imports_of": 0.6282,
  "contains": 0.9997,
  "contained_in": 1.0,
  "callers_of": 0.0,
  "imported_by": 0.3118,
  "where_defined": 0.411,
  "instance_of": 0.0
 },
 "SENSITIVITY_callees_of_kappa": 0.1906,
 "disclosure_all8_query_pooled": 0.4301,
 "disclosure_all8_query_pooled_band95": [
  0.3794,
  0.4756
 ],
 "disclosure_all8_family_macro": 0.4427,
 "n_census_queries_total": 94545,
 "bootstrap": {
  "seed": 20260716,
  "resamples": 10000,
  "clusters": 20,
  "note": "repo-cluster resampling SENSITIVITY band over the agent-selected pinned pool; NOT a generalization CI"
 },
 "edges": {
  "total": 174137,
  "proved": 92414,
  "unknown": 81723,
  "disproved": 0,
  "conflict": 0
 },
 "unknown_by_reason": {
  "CALL_VALUE_ESCAPE": 27108,
  "CALL_MRO_UNRESOLVED": 19667,
  "CALL_ATTR_RECEIVER_UNTYPED": 18733,
  "CALL_MODULE_BINDING_UNRESOLVED": 4230,
  "CALL_LOCAL_VALUE": 3885,
  "CALL_MRO_HAZARD": 2655,
  "CALL_NONNAME_CALLEE": 2451,
  "CALL_ATTR_MODULE_MEMBER_UNRESOLVED": 1428,
  "IMPORT_CONDITIONAL": 999,
  "CALL_STARIMPORT_TAINT": 365,
  "TAINT_EXEC": 96,
  "BIND_SETATTR": 74,
  "IMPORT_STAR": 12,
  "IMPORT_DYNAMIC": 9,
  "CALL_GETATTR": 5,
  "MODULE_UNPARSED": 4,
  "BIND_DYNAMIC_NS": 2
 },
 "unrestricted_unknowns_by_relation": {
  "call": 7314,
  "import": 33,
  "binding": 79,
  "instantiate": 25
 },
 "store_bytes_total": 42557440,
 "wall_s_total": 19.0
}
peak RSS MB: 256.3
