arrow edges=3096 (p2605/u491) {'callees_of': 0.263, 'imports_of': 0.9, 'contains': 1.0, 'contained_in': 1.0, 'callers_of': 0.0, 'imported_by': 1.0, 'where_defined': None, 'instance_of': 0.0}
attrs edges=2329 (p1536/u793) {'callees_of': 0.222, 'imports_of': 0.524, 'contains': 1.0, 'contained_in': 1.0, 'callers_of': 0.0, 'imported_by': 0.0, 'where_defined': None, 'instance_of': 0.0}
blinker edges=212 (p172/u40) {'callees_of': 0.6, 'imports_of': 1.0, 'contains': 1.0, 'contained_in': 1.0, 'callers_of': 0.0, 'imported_by': 1.0, 'where_defined': None, 'instance_of': 0.0}
boltons edges=6325 (p4596/u1729) {'callees_of': 0.404, 'imports_of': 0.424, 'contains': 1.0, 'contained_in': 1.0, 'callers_of': 0.0, 'imported_by': 0.0, 'where_defined': None, 'instance_of': 0.0}
cachetools edges=999 (p647/u352) {'callees_of': 0.285, 'imports_of': 0.8, 'contains': 1.0, 'contained_in': 1.0, 'callers_of': 0.0, 'imported_by': 0.4, 'where_defined': None, 'instance_of': 0.0}
charset_normalizer edges=2087 (p1656/u431) {'callees_of': 0.588, 'imports_of': 0.778, 'contains': 1.0, 'contained_in': 1.0, 'callers_of': 0.0, 'imported_by': 0.889, 'where_defined': None, 'instance_of': 0.0}
dateutil edges=2793 (p2069/u724) {'callees_of': 0.396, 'imports_of': 0.526, 'contains': 1.0, 'contained_in': 1.0, 'callers_of': 0.0, 'imported_by': 0.474, 'where_defined': None, 'instance_of': 0.0}
decorator edges=252 (p148/u104) {'callees_of': 0.0, 'imports_of': 0.0, 'contains': 1.0, 'contained_in': 1.0, 'callers_of': 0.0, 'imported_by': 0.0, 'where_defined': None, 'instance_of': 0.0}
humanize edges=496 (p408/u88) {'callees_of': 0.278, 'imports_of': 0.333, 'contains': 1.0, 'contained_in': 1.0, 'callers_of': 0.0, 'imported_by': 1.0, 'where_defined': None, 'instance_of': 0.0}
idna edges=496 (p385/u111) {'callees_of': 0.306, 'imports_of': 0.9, 'contains': 1.0, 'contained_in': 1.0, 'callers_of': 0.861, 'imported_by': 0.8, 'where_defined': None, 'instance_of': 0.0}
itsdangerous edges=506 (p392/u114) {'callees_of': 0.246, 'imports_of': 0.875, 'contains': 1.0, 'contained_in': 1.0, 'callers_of': 0.0, 'imported_by': 1.0, 'where_defined': None, 'instance_of': 0.0}
jinja edges=6862 (p4815/u2047) {'callees_of': 0.324, 'imports_of': 0.323, 'contains': 1.0, 'contained_in': 1.0, 'callers_of': 0.0, 'imported_by': 0.0, 'where_defined': None, 'instance_of': 0.0}
markupsafe edges=314 (p196/u118) {'callees_of': 0.132, 'imports_of': 0.667, 'contains': 1.0, 'contained_in': 1.0, 'callers_of': 0.0, 'imported_by': 0.333, 'where_defined': None, 'instance_of': 0.0}
packaging edges=5218 (p3828/u1390) {'callees_of': 0.355, 'imports_of': 0.553, 'contains': 1.0, 'contained_in': 1.0, 'callers_of': 0.0, 'imported_by': 0.0, 'where_defined': None, 'instance_of': 0.0}
pluggy edges=1063 (p826/u237) {'callees_of': 0.406, 'imports_of': 0.818, 'contains': 1.0, 'contained_in': 1.0, 'callers_of': 0.0, 'imported_by': 1.0, 'where_defined': None, 'instance_of': 0.0}
python-sortedcontainers edges=1111 (p843/u268) {'callees_of': 0.279, 'imports_of': 1.0, 'contains': 1.0, 'contained_in': 1.0, 'callers_of': 0.0, 'imported_by': 1.0, 'where_defined': None, 'instance_of': 0.0}
requests edges=2687 (p2095/u592) {'callees_of': 0.358, 'imports_of': 0.263, 'contains': 1.0, 'contained_in': 1.0, 'callers_of': 0.0, 'imported_by': 0.0, 'where_defined': None, 'instance_of': 0.0}
tenacity edges=1221 (p907/u314) {'callees_of': 0.455, 'imports_of': 0.154, 'contains': 1.0, 'contained_in': 1.0, 'callers_of': 0.0, 'imported_by': 0.538, 'where_defined': None, 'instance_of': 0.0}
tomli edges=550 (p387/u163) {'callees_of': 0.319, 'imports_of': 0.625, 'contains': 1.0, 'contained_in': 1.0, 'callers_of': 0.0, 'imported_by': 0.75, 'where_defined': None, 'instance_of': 0.0}
wrapt edges=2329 (p1708/u621) {'callees_of': 0.445, 'imports_of': 0.706, 'contains': 1.0, 'contained_in': 1.0, 'callers_of': 0.0, 'imported_by': 0.0, 'where_defined': None, 'instance_of': 0.0}
{
 "PRIMARY_kappa_q_indep_FL4_query_pooled": 0.982,
 "PRIMARY_kappa_q_indep_FL4_query_pooled_band95": [
  0.9778,
  0.9861
 ],
 "PRIMARY_kappa_q_indep_FL4_family_macro": 0.8501,
 "PRIMARY_kappa_q_indep_FL4_family_macro_band95": [
  0.8201,
  0.8878
 ],
 "kappa_by_family_pooled": {
  "callees_of": 0.3622,
  "imports_of": 0.5504,
  "contains": 1.0,
  "contained_in": 1.0,
  "callers_of": 0.0067,
  "imported_by": 0.3273,
  "instance_of": 0.0
 },
 "SENSITIVITY_callees_of_kappa": 0.3622,
 "disclosure_all8_query_pooled": 0.4958,
 "disclosure_all8_query_pooled_band95": [
  0.4859,
  0.5114
 ],
 "disclosure_all8_family_macro": 0.4638,
 "n_census_queries_total": 17403,
 "bootstrap": {
  "seed": 20260716,
  "resamples": 10000,
  "clusters": 20,
  "note": "repo-cluster resampling SENSITIVITY band over the agent-selected pinned pool; NOT a generalization CI"
 },
 "edges": {
  "total": 40946,
  "proved": 30219,
  "unknown": 10727,
  "disproved": 0,
  "conflict": 0
 },
 "unknown_by_reason": {
  "CALL_ATTR_RECEIVER_UNTYPED": 5251,
  "CALL_VALUE_ESCAPE": 1387,
  "CALL_MRO_UNRESOLVED": 1092,
  "CALL_LOCAL_VALUE": 730,
  "CALL_MODULE_BINDING_UNRESOLVED": 723,
  "CALL_MRO_HAZARD": 648,
  "IMPORT_CONDITIONAL": 470,
  "CALL_NONNAME_CALLEE": 206,
  "CALL_ATTR_MODULE_MEMBER_UNRESOLVED": 104,
  "BIND_SETATTR": 65,
  "TAINT_EXEC": 32,
  "IMPORT_DYNAMIC": 8,
  "IMPORT_STAR": 7,
  "BIND_DYNAMIC_NS": 2,
  "CALL_GETATTR": 2
 },
 "unrestricted_unknowns_by_relation": {
  "call": 1221,
  "import": 15,
  "binding": 59,
  "instantiate": 8
 },
 "store_bytes_total": 9109504,
 "wall_s_total": 6.4
}
peak RSS MB: 87.8
