`torch_dtype` is deprecated! Use `dtype` instead!
== clutrr-c0001 gold=grandfather cue="Answer: Jason is Jennifer's"
  asbuilt   rank(gold)=11 top1hit=0 top3=['father:-0.57', 'son:-1.94', 'brother:-2.23']
  nopad     rank(gold)=13 top1hit=0 top3=['father:-1.34', 'brother:-1.37', 'son:-1.79']
  padabove  rank(gold)=12 top1hit=0 top3=['father:-0.64', 'son:-2.09', 'brother:-2.16']
  chat      rank(gold)=11 top1hit=0 top3=['father:-0.57', 'son:-1.76', 'brother:-2.61']
  chatpad   rank(gold)=11 top1hit=0 top3=['father:-0.39', 'son:-2.28', 'brother:-2.61']
== clutrr-c0002 gold=grandmother cue="Answer: Gabrielle is Angela's"
  asbuilt   rank(gold)= 6 top1hit=0 top3=['mother:-0.85', 'sister:-1.21', 'daughter:-2.74']
  nopad     rank(gold)= 5 top1hit=0 top3=['sister:-0.81', 'mother:-1.88', 'daughter:-2.23']
  padabove  rank(gold)= 5 top1hit=0 top3=['sister:-0.65', 'mother:-1.41', 'daughter:-2.69']
  chat      rank(gold)= 3 top1hit=0 top3=['mother:-0.72', 'sister:-1.37', 'grandmother:-3.16']
  chatpad   rank(gold)= 6 top1hit=0 top3=['mother:-0.76', 'sister:-1.09', 'daughter:-3.19']
== clutrr-c0003 gold=grandfather cue="Answer: Jason is Joe's"
  asbuilt   rank(gold)= 6 top1hit=0 top3=['father:-0.90', 'brother:-1.82', 'mother:-2.03']
  nopad     rank(gold)= 9 top1hit=0 top3=['brother:-1.09', 'son:-1.78', 'father:-1.81']
  padabove  rank(gold)= 8 top1hit=0 top3=['father:-1.10', 'brother:-1.40', 'son:-2.09']
  chat      rank(gold)= 6 top1hit=0 top3=['father:-1.10', 'son:-1.70', 'brother:-1.89']
  chatpad   rank(gold)= 8 top1hit=0 top3=['father:-0.92', 'brother:-1.61', 'mother:-2.08']
== clutrr-c0004 gold=grandmother cue="Answer: Gabrielle is Lucille's"
  asbuilt   rank(gold)= 6 top1hit=0 top3=['mother:-0.61', 'sister:-1.56', 'father:-3.01']
  nopad     rank(gold)= 5 top1hit=0 top3=['sister:-1.08', 'mother:-1.27', 'brother:-2.74']
  padabove  rank(gold)= 5 top1hit=0 top3=['mother:-0.95', 'sister:-1.02', 'daughter:-3.03']
  chat      rank(gold)= 3 top1hit=0 top3=['mother:-0.50', 'sister:-1.82', 'grandmother:-3.41']
  chatpad   rank(gold)= 6 top1hit=0 top3=['mother:-0.49', 'sister:-1.72', 'father:-3.29']
== clutrr-c0005 gold=grandfather cue="Answer: Jason is Dan's"
  asbuilt   rank(gold)= 7 top1hit=0 top3=['father:-0.83', 'brother:-1.77', 'son:-1.98']
  nopad     rank(gold)= 9 top1hit=0 top3=['brother:-1.04', 'son:-1.57', 'father:-1.93']
  padabove  rank(gold)= 8 top1hit=0 top3=['father:-0.96', 'brother:-1.49', 'son:-1.90']
  chat      rank(gold)= 7 top1hit=0 top3=['father:-0.98', 'son:-1.72', 'brother:-1.88']
  chatpad   rank(gold)= 7 top1hit=0 top3=['father:-0.73', 'mother:-1.83', 'brother:-1.97']
== clutrr-c0006 gold=grandmother cue="Answer: Gabrielle is David's"
  asbuilt   rank(gold)= 7 top1hit=0 top3=['mother:-0.13', 'sister:-3.46', 'brother:-4.35']
  nopad     rank(gold)= 6 top1hit=0 top3=['mother:-0.78', 'sister:-1.72', 'daughter:-2.62']
  padabove  rank(gold)= 7 top1hit=0 top3=['mother:-0.31', 'sister:-2.24', 'daughter:-3.67']
  chat      rank(gold)= 5 top1hit=0 top3=['mother:-0.19', 'sister:-3.11', 'daughter:-4.11']
  chatpad   rank(gold)= 7 top1hit=0 top3=['mother:-0.06', 'sister:-4.45', 'brother:-5.18']

== SUMMARY (top-1 hits / 6 items):
  asbuilt   0/6
  nopad     0/6
  padabove  0/6
  chat      0/6
  chatpad   0/6
