✓ Initialized. View run at 
https://modal.com/apps/jwrightwho/main/ap-3ZgvynhmWvYkdKa62FQK1e
✓ Created objects.
├── 🔨 Created mount 
│   /home/ec2-user/css/kernel/kernel-of-truth/poc/rules-1/modal/modal_rules1.py
├── 🔨 Created mount 
│   /home/ec2-user/css/kernel/kernel-of-truth/poc/modal/requirements-image.txt
├── 🔨 Created mount 
│   /home/ec2-user/css/kernel/kernel-of-truth/data/axioms-kinship-v1
├── 🔨 Created mount /home/ec2-user/css/kernel/kernel-of-truth/data/axioms-v0
├── 🔨 Created mount /home/ec2-user/css/kernel/kernel-of-truth/data/nsk1-clutrr
├── 🔨 Created mount 
│   /home/ec2-user/css/kernel/kernel-of-truth/poc/rules-1/inputs
├── 🔨 Created mount 
│   /home/ec2-user/css/kernel/kernel-of-truth/poc/f0/flop_meter.py
├── 🔨 Created mount 
│   /home/ec2-user/css/kernel/kernel-of-truth/poc/f0/__init__.py
├── 🔨 Created mount 
│   /home/ec2-user/css/kernel/kernel-of-truth/poc/f2b-transfer/runner/f2bt_runne
│   r.py
├── 🔨 Created mount 
│   /home/ec2-user/css/kernel/kernel-of-truth/poc/rules-1/results/certificate-re
│   sult.json
├── 🔨 Created mount 
│   /home/ec2-user/css/kernel/kernel-of-truth/poc/rules-1/certificate.py
├── 🔨 Created mount 
│   /home/ec2-user/css/kernel/kernel-of-truth/poc/rules-1/twin_engine.py
├── 🔨 Created mount 
│   /home/ec2-user/css/kernel/kernel-of-truth/poc/rules-1/rules1_runner.py
├── 🔨 Created mount PythonPackage:modal_common
├── 🔨 Created function run_rules1_t4.
├── 🔨 Created function run_rules1_a10g.
└── 🔨 Created function run_rules1_a100.
kot-rules1 via Modal: gpu=A10G mock=False arms=A1,A3,A5,A7,c1 cells=A1:1,A5:1,A7:1,c1:0 (40 staged files, runner 91d780f34401…)
pins.harness_manifest (staged-bytes manifest sha, canonical JSON): 2b463dd8b0039a8e22e0f10aea6db2b942ddae163a4eae38319f2c1669510bd3
REMINDER: the printed sha MUST equal the ops-amendment value in the FROZEN record's pins.harness_manifest, pins.model_revisions must be ops-amended to the R1/R3 revisions in rules1-manifest.json, dry-plan + mock must be green, and maintainer sign-off must hold (registry usd_cap $10; coordinator ceiling $40).
[rules1     0.2s] cells slice: A1:1,A5:1,A7:1,c1:0 (4 of 15 grid cells)
[rules1     0.2s] c1 derangement: seed=20260711 sha=4cb83cceeb83
[rules1     0.2s] loading R1 host...
[rules1    62.8s] cell A1 seed=1 done (50.0s)
[rules1    62.8s] loading R3 host...
[rules1   154.8s] cell A5 seed=1 done (85.0s)
[rules1   203.1s] cell A7 seed=1 done (48.3s)
[rules1   252.3s] cell c1 seed=0 done (49.1s)
[rules1   252.3s] control cells emitted (E5 refusal stratum, A7:1)
[rules1   252.3s] OUTCOME: HARNESS-COMPLETE (3532 rows in /tmp/rules1-results/run-records-rules1.jsonl, sha 33a955635ee1)

wrote 6 files to /home/ec2-user/css/kernel/kernel-of-truth/poc/rules-1/results-incoming/20260712-142704-rules1b-parallel/slice-2/20260712-143134-modal
OUTCOME: HARNESS-COMPLETE
done — review and commit deliberately (results are NOT auto-committed); `modal app stop ap-<id>` after every attached run
Stopping app - local entrypoint completed.
✓ App completed. View run at 
https://modal.com/apps/jwrightwho/main/ap-3ZgvynhmWvYkdKa62FQK1e
