✓ Initialized. View run at 
https://modal.com/apps/jmwright-045/main/ap-hDK2lpGq0mdGUjpcB0PTWT
✓ Created objects.
├── 🔨 Created mount 
│   /home/ec2-user/css/kernel/kernel-of-truth/poc/rules-1/modal/modal_rules1.py
├── 🔨 Created mount 
│   /home/ec2-user/css/kernel/kernel-of-truth/poc/modal/requirements-image.txt
├── 🔨 Created mount 
│   /home/ec2-user/css/kernel/kernel-of-truth/data/axioms-kinship-v1
├── 🔨 Created mount /home/ec2-user/css/kernel/kernel-of-truth/data/axioms-v0
├── 🔨 Created mount /home/ec2-user/css/kernel/kernel-of-truth/data/nsk1-clutrr
├── 🔨 Created mount 
│   /home/ec2-user/css/kernel/kernel-of-truth/poc/rules-1/inputs
├── 🔨 Created mount 
│   /home/ec2-user/css/kernel/kernel-of-truth/poc/f0/flop_meter.py
├── 🔨 Created mount 
│   /home/ec2-user/css/kernel/kernel-of-truth/poc/f0/__init__.py
├── 🔨 Created mount 
│   /home/ec2-user/css/kernel/kernel-of-truth/poc/f2b-transfer/runner/f2bt_runne
│   r.py
├── 🔨 Created mount 
│   /home/ec2-user/css/kernel/kernel-of-truth/poc/rules-1/results/certificate-re
│   sult.json
├── 🔨 Created mount 
│   /home/ec2-user/css/kernel/kernel-of-truth/poc/rules-1/certificate.py
├── 🔨 Created mount 
│   /home/ec2-user/css/kernel/kernel-of-truth/poc/rules-1/twin_engine.py
├── 🔨 Created mount 
│   /home/ec2-user/css/kernel/kernel-of-truth/poc/rules-1/rules1_runner.py
├── 🔨 Created mount PythonPackage:modal_common
├── 🔨 Created function run_rules1_t4.
├── 🔨 Created function run_rules1_a10g.
└── 🔨 Created function run_rules1_a100.
kot-rules1 via Modal: gpu=A10G mock=False arms=A1,A3,A5,A7,c1 cells=A1:0,A3:2,A5:0,A7:0 (40 staged files, runner 91d780f34401…)
pins.harness_manifest (staged-bytes manifest sha, canonical JSON): 2b463dd8b0039a8e22e0f10aea6db2b942ddae163a4eae38319f2c1669510bd3
REMINDER: the printed sha MUST equal the ops-amendment value in the FROZEN record's pins.harness_manifest, pins.model_revisions must be ops-amended to the R1/R3 revisions in rules1-manifest.json, dry-plan + mock must be green, and maintainer sign-off must hold (registry usd_cap $10; coordinator ceiling $40).
[rules1     0.3s] cells slice: A1:0,A3:2,A5:0,A7:0 (4 of 15 grid cells)
[rules1     0.3s] c1 derangement: seed=20260711 sha=4cb83cceeb83
[rules1     0.3s] loading R1 host...
[rules1    78.0s] cell A1 seed=0 done (61.9s)
[rules1   144.7s] cell A3 seed=2 done (66.8s)
[rules1   144.7s] loading R3 host...
[rules1   242.4s] cell A5 seed=0 done (87.3s)
[rules1   304.7s] cell A7 seed=0 done (62.3s)
[rules1   304.7s] control cells emitted (E5 refusal stratum, A3:2,A7:0)
[rules1   304.7s] OUTCOME: HARNESS-COMPLETE (3632 rows in /tmp/rules1-results/run-records-rules1.jsonl, sha 50a760d34160)

wrote 6 files to /home/ec2-user/css/kernel/kernel-of-truth/poc/rules-1/results-incoming/20260712-142704-rules1b-parallel/slice-1/20260712-143229-modal
OUTCOME: HARNESS-COMPLETE
done — review and commit deliberately (results are NOT auto-committed); `modal app stop ap-<id>` after every attached run
Stopping app - local entrypoint completed.
✓ App completed. View run at 
https://modal.com/apps/jmwright-045/main/ap-hDK2lpGq0mdGUjpcB0PTWT
