✓ Initialized. View run at 
https://modal.com/apps/jesse-70413/main/ap-RRYLTLySzi8V0FxGm9yyKY
Building image im-mcIkTeY8X03vmHKaa2uR2i

=> Step 0: FROM base

=> Step 1: RUN python -m pip install accelerate==1.6.0 bitsandbytes==0.46.1 numpy==2.2.6 torch==2.6.0 transformers==4.53.0
Looking in indexes: http://pypi-mirror.modal.local:5555/simple
Collecting accelerate==1.6.0
  Downloading http://pypi-mirror.modal.local:5555/simple/accelerate/accelerate-1.6.0-py3-none-any.whl.metadata (19 kB)
Collecting bitsandbytes==0.46.1
  Downloading http://pypi-mirror.modal.local:5555/simple/bitsandbytes/bitsandbytes-0.46.1-py3-none-manylinux_2_24_x86_64.whl.metadata (10 kB)
Collecting numpy==2.2.6
  Downloading http://pypi-mirror.modal.local:5555/simple/numpy/numpy-2.2.6-cp311-cp311-manylinux_2_17_x86_64.manylinux2014_x86_64.whl.metadata (62 kB)
Collecting torch==2.6.0
  Downloading http://pypi-mirror.modal.local:5555/simple/torch/torch-2.6.0-cp311-cp311-manylinux1_x86_64.whl.metadata (28 kB)
Collecting transformers==4.53.0
  Downloading http://pypi-mirror.modal.local:5555/simple/transformers/transformers-4.53.0-py3-none-any.whl.metadata (39 kB)
Collecting packaging>=20.0 (from accelerate==1.6.0)
  Downloading http://pypi-mirror.modal.local:5555/simple/packaging/packaging-26.2-py3-none-any.whl.metadata (3.5 kB)
Collecting psutil (from accelerate==1.6.0)
  Downloading http://pypi-mirror.modal.local:5555/simple/psutil/psutil-7.2.2-cp36-abi3-manylinux2010_x86_64.manylinux_2_12_x86_64.manylinux_2_28_x86_64.whl.metadata (22 kB)
Collecting pyyaml (from accelerate==1.6.0)
  Downloading http://pypi-mirror.modal.local:5555/simple/pyyaml/pyyaml-6.0.3-cp311-cp311-manylinux2014_x86_64.manylinux_2_17_x86_64.manylinux_2_28_x86_64.whl.metadata (2.4 kB)
Collecting huggingface-hub>=0.21.0 (from accelerate==1.6.0)
  Downloading http://pypi-mirror.modal.local:5555/simple/huggingface-hub/huggingface_hub-1.23.0-py3-none-any.whl.metadata (14 kB)
Collecting safetensors>=0.4.3 (from accelerate==1.6.0)
  Downloading http://pypi-mirror.modal.local:5555/simple/safetensors/safetensors-0.8.0-cp310-abi3-manylinux_2_17_x86_64.manylinux2014_x86_64.whl.metadata (4.2 kB)
Collecting filelock (from torch==2.6.0)
  Downloading http://pypi-mirror.modal.local:5555/simple/filelock/filelock-3.29.7-py3-none-any.whl.metadata (2.0 kB)
Collecting typing-extensions>=4.10.0 (from torch==2.6.0)
  Downloading http://pypi-mirror.modal.local:5555/simple/typing-extensions/typing_extensions-4.16.0-py3-none-any.whl.metadata (3.3 kB)
Collecting networkx (from torch==2.6.0)
  Downloading http://pypi-mirror.modal.local:5555/simple/networkx/networkx-3.6.1-py3-none-any.whl.metadata (6.8 kB)
Collecting jinja2 (from torch==2.6.0)
  Downloading http://pypi-mirror.modal.local:5555/simple/jinja2/jinja2-3.1.6-py3-none-any.whl.metadata (2.9 kB)
Collecting fsspec (from torch==2.6.0)
  Downloading http://pypi-mirror.modal.local:5555/simple/fsspec/fsspec-2026.6.0-py3-none-any.whl.metadata (10 kB)
Collecting nvidia-cuda-nvrtc-cu12==12.4.127 (from torch==2.6.0)
  Downloading http://pypi-mirror.modal.local:5555/simple/nvidia-cuda-nvrtc-cu12/nvidia_cuda_nvrtc_cu12-12.4.127-py3-none-manylinux2014_x86_64.whl.metadata (1.5 kB)
Collecting nvidia-cuda-runtime-cu12==12.4.127 (from torch==2.6.0)
  Downloading http://pypi-mirror.modal.local:5555/simple/nvidia-cuda-runtime-cu12/nvidia_cuda_runtime_cu12-12.4.127-py3-none-manylinux2014_x86_64.whl.metadata (1.5 kB)
Collecting nvidia-cuda-cupti-cu12==12.4.127 (from torch==2.6.0)
  Downloading http://pypi-mirror.modal.local:5555/simple/nvidia-cuda-cupti-cu12/nvidia_cuda_cupti_cu12-12.4.127-py3-none-manylinux2014_x86_64.whl.metadata (1.6 kB)
Collecting nvidia-cudnn-cu12==9.1.0.70 (from torch==2.6.0)
  Downloading http://pypi-mirror.modal.local:5555/simple/nvidia-cudnn-cu12/nvidia_cudnn_cu12-9.1.0.70-py3-none-manylinux2014_x86_64.whl.metadata (1.6 kB)
Collecting nvidia-cublas-cu12==12.4.5.8 (from torch==2.6.0)
  Downloading http://pypi-mirror.modal.local:5555/simple/nvidia-cublas-cu12/nvidia_cublas_cu12-12.4.5.8-py3-none-manylinux2014_x86_64.whl.metadata (1.5 kB)
Collecting nvidia-cufft-cu12==11.2.1.3 (from torch==2.6.0)
  Downloading http://pypi-mirror.modal.local:5555/simple/nvidia-cufft-cu12/nvidia_cufft_cu12-11.2.1.3-py3-none-manylinux2014_x86_64.whl.metadata (1.5 kB)
Collecting nvidia-curand-cu12==10.3.5.147 (from torch==2.6.0)
  Downloading http://pypi-mirror.modal.local:5555/simple/nvidia-curand-cu12/nvidia_curand_cu12-10.3.5.147-py3-none-manylinux2014_x86_64.whl.metadata (1.5 kB)
Collecting nvidia-cusolver-cu12==11.6.1.9 (from torch==2.6.0)
  Downloading http://pypi-mirror.modal.local:5555/simple/nvidia-cusolver-cu12/nvidia_cusolver_cu12-11.6.1.9-py3-none-manylinux2014_x86_64.whl.metadata (1.6 kB)
Collecting nvidia-cusparse-cu12==12.3.1.170 (from torch==2.6.0)
  Downloading http://pypi-mirror.modal.local:5555/simple/nvidia-cusparse-cu12/nvidia_cusparse_cu12-12.3.1.170-py3-none-manylinux2014_x86_64.whl.metadata (1.6 kB)
Collecting nvidia-cusparselt-cu12==0.6.2 (from torch==2.6.0)
  Downloading http://pypi-mirror.modal.local:5555/simple/nvidia-cusparselt-cu12/nvidia_cusparselt_cu12-0.6.2-py3-none-manylinux2014_x86_64.whl.metadata (6.8 kB)
Collecting nvidia-nccl-cu12==2.21.5 (from torch==2.6.0)
  Downloading http://pypi-mirror.modal.local:5555/simple/nvidia-nccl-cu12/nvidia_nccl_cu12-2.21.5-py3-none-manylinux2014_x86_64.whl.metadata (1.8 kB)
Collecting nvidia-nvtx-cu12==12.4.127 (from torch==2.6.0)
  Downloading http://pypi-mirror.modal.local:5555/simple/nvidia-nvtx-cu12/nvidia_nvtx_cu12-12.4.127-py3-none-manylinux2014_x86_64.whl.metadata (1.7 kB)
Collecting nvidia-nvjitlink-cu12==12.4.127 (from torch==2.6.0)
  Downloading http://pypi-mirror.modal.local:5555/simple/nvidia-nvjitlink-cu12/nvidia_nvjitlink_cu12-12.4.127-py3-none-manylinux2014_x86_64.whl.metadata (1.5 kB)
Collecting triton==3.2.0 (from torch==2.6.0)
  Downloading http://pypi-mirror.modal.local:5555/simple/triton/triton-3.2.0-cp311-cp311-manylinux_2_17_x86_64.manylinux2014_x86_64.whl.metadata (1.4 kB)
Collecting sympy==1.13.1 (from torch==2.6.0)
  Downloading http://pypi-mirror.modal.local:5555/simple/sympy/sympy-1.13.1-py3-none-any.whl.metadata (12 kB)
Collecting huggingface-hub>=0.21.0 (from accelerate==1.6.0)
  Downloading http://pypi-mirror.modal.local:5555/simple/huggingface-hub/huggingface_hub-0.36.2-py3-none-any.whl.metadata (15 kB)
Collecting regex!=2019.12.17 (from transformers==4.53.0)
  Downloading http://pypi-mirror.modal.local:5555/simple/regex/regex-2026.7.10-cp311-cp311-manylinux2014_x86_64.manylinux_2_17_x86_64.manylinux_2_28_x86_64.whl.metadata (40 kB)
Collecting requests (from transformers==4.53.0)
  Downloading http://pypi-mirror.modal.local:5555/simple/requests/requests-2.34.2-py3-none-any.whl.metadata (4.8 kB)
Collecting tokenizers<0.22,>=0.21 (from transformers==4.53.0)
  Downloading http://pypi-mirror.modal.local:5555/simple/tokenizers/tokenizers-0.21.4-cp39-abi3-manylinux_2_17_x86_64.manylinux2014_x86_64.whl.metadata (6.7 kB)
Collecting tqdm>=4.27 (from transformers==4.53.0)
  Downloading http://pypi-mirror.modal.local:5555/simple/tqdm/tqdm-4.68.4-py3-none-any.whl.metadata (57 kB)
Collecting mpmath<1.4,>=1.1.0 (from sympy==1.13.1->torch==2.6.0)
  Downloading http://pypi-mirror.modal.local:5555/simple/mpmath/mpmath-1.3.0-py3-none-any.whl.metadata (8.6 kB)
Collecting hf-xet<2.0.0,>=1.1.3 (from huggingface-hub>=0.21.0->accelerate==1.6.0)
  Downloading http://pypi-mirror.modal.local:5555/simple/hf-xet/hf_xet-1.5.1-cp37-abi3-manylinux2014_x86_64.manylinux_2_17_x86_64.whl.metadata (4.9 kB)
Collecting MarkupSafe>=2.0 (from jinja2->torch==2.6.0)
  Downloading http://pypi-mirror.modal.local:5555/simple/markupsafe/markupsafe-3.0.3-cp311-cp311-manylinux2014_x86_64.manylinux_2_17_x86_64.manylinux_2_28_x86_64.whl.metadata (2.7 kB)
Collecting charset_normalizer<4,>=2 (from requests->transformers==4.53.0)
  Downloading http://pypi-mirror.modal.local:5555/simple/charset-normalizer/charset_normalizer-3.4.9-cp311-cp311-manylinux2014_x86_64.manylinux_2_17_x86_64.manylinux_2_28_x86_64.whl.metadata (41 kB)
Collecting idna<4,>=2.5 (from requests->transformers==4.53.0)
  Downloading http://pypi-mirror.modal.local:5555/simple/idna/idna-3.18-py3-none-any.whl.metadata (6.1 kB)
Collecting urllib3<3,>=1.26 (from requests->transformers==4.53.0)
  Downloading http://pypi-mirror.modal.local:5555/simple/urllib3/urllib3-2.7.0-py3-none-any.whl.metadata (6.9 kB)
Collecting certifi>=2023.5.7 (from requests->transformers==4.53.0)
  Downloading http://pypi-mirror.modal.local:5555/simple/certifi/certifi-2026.6.17-py3-none-any.whl.metadata (2.5 kB)
Downloading http://pypi-mirror.modal.local:5555/simple/accelerate/accelerate-1.6.0-py3-none-any.whl (354 kB)
Downloading http://pypi-mirror.modal.local:5555/simple/numpy/numpy-2.2.6-cp311-cp311-manylinux_2_17_x86_64.manylinux2014_x86_64.whl (16.8 MB)
   ━━━━━━━━━━━━━━━━━━━━━━━━━━━━━━━━━━━━━━━━ 16.8/16.8 MB 217.8 MB/s  0:00:00
Downloading http://pypi-mirror.modal.local:5555/simple/bitsandbytes/bitsandbytes-0.46.1-py3-none-manylinux_2_24_x86_64.whl (72.9 MB)
   ━━━━━━━━━━━━━━━━━━━━━━━━━━━━━━━━━━━━━━━━ 72.9/72.9 MB 187.5 MB/s  0:00:00
Downloading http://pypi-mirror.modal.local:5555/simple/torch/torch-2.6.0-cp311-cp311-manylinux1_x86_64.whl (766.7 MB)
   ━━━━━━━━━━━━━━━━━━━━━━━━━━━━━━━━━━━━━━━━ 766.7/766.7 MB 189.3 MB/s  0:00:04
Downloading http://pypi-mirror.modal.local:5555/simple/transformers/transformers-4.53.0-py3-none-any.whl (10.8 MB)
   ━━━━━━━━━━━━━━━━━━━━━━━━━━━━━━━━━━━━━━━━ 10.8/10.8 MB 180.4 MB/s  0:00:00
Downloading http://pypi-mirror.modal.local:5555/simple/nvidia-cublas-cu12/nvidia_cublas_cu12-12.4.5.8-py3-none-manylinux2014_x86_64.whl (363.4 MB)
   ━━━━━━━━━━━━━━━━━━━━━━━━━━━━━━━━━━━━━━━━ 363.4/363.4 MB 149.4 MB/s  0:00:02
Downloading http://pypi-mirror.modal.local:5555/simple/nvidia-cuda-cupti-cu12/nvidia_cuda_cupti_cu12-12.4.127-py3-none-manylinux2014_x86_64.whl (13.8 MB)
   ━━━━━━━━━━━━━━━━━━━━━━━━━━━━━━━━━━━━━━━━ 13.8/13.8 MB 196.0 MB/s  0:00:00
Downloading http://pypi-mirror.modal.local:5555/simple/nvidia-cuda-nvrtc-cu12/nvidia_cuda_nvrtc_cu12-12.4.127-py3-none-manylinux2014_x86_64.whl (24.6 MB)
   ━━━━━━━━━━━━━━━━━━━━━━━━━━━━━━━━━━━━━━━━ 24.6/24.6 MB 176.9 MB/s  0:00:00
Downloading http://pypi-mirror.modal.local:5555/simple/nvidia-cuda-runtime-cu12/nvidia_cuda_runtime_cu12-12.4.127-py3-none-manylinux2014_x86_64.whl (883 kB)
   ━━━━━━━━━━━━━━━━━━━━━━━━━━━━━━━━━━━━━━━━ 883.7/883.7 kB 531.9 MB/s  0:00:00
Downloading http://pypi-mirror.modal.local:5555/simple/nvidia-cudnn-cu12/nvidia_cudnn_cu12-9.1.0.70-py3-none-manylinux2014_x86_64.whl (664.8 MB)
   ━━━━━━━━━━━━━━━━━━━━━━━━━━━━━━━━━━━━━━━━ 664.8/664.8 MB 172.6 MB/s  0:00:03
Downloading http://pypi-mirror.modal.local:5555/simple/nvidia-cufft-cu12/nvidia_cufft_cu12-11.2.1.3-py3-none-manylinux2014_x86_64.whl (211.5 MB)
   ━━━━━━━━━━━━━━━━━━━━━━━━━━━━━━━━━━━━━━━━ 211.5/211.5 MB 180.7 MB/s  0:00:01
Downloading http://pypi-mirror.modal.local:5555/simple/nvidia-curand-cu12/nvidia_curand_cu12-10.3.5.147-py3-none-manylinux2014_x86_64.whl (56.3 MB)
   ━━━━━━━━━━━━━━━━━━━━━━━━━━━━━━━━━━━━━━━━ 56.3/56.3 MB 196.3 MB/s  0:00:00
Downloading http://pypi-mirror.modal.local:5555/simple/nvidia-cusolver-cu12/nvidia_cusolver_cu12-11.6.1.9-py3-none-manylinux2014_x86_64.whl (127.9 MB)
   ━━━━━━━━━━━━━━━━━━━━━━━━━━━━━━━━━━━━━━━━ 127.9/127.9 MB 189.2 MB/s  0:00:00
Downloading http://pypi-mirror.modal.local:5555/simple/nvidia-cusparse-cu12/nvidia_cusparse_cu12-12.3.1.170-py3-none-manylinux2014_x86_64.whl (207.5 MB)
   ━━━━━━━━━━━━━━━━━━━━━━━━━━━━━━━━━━━━━━━━ 207.5/207.5 MB 175.6 MB/s  0:00:01
Downloading http://pypi-mirror.modal.local:5555/simple/nvidia-cusparselt-cu12/nvidia_cusparselt_cu12-0.6.2-py3-none-manylinux2014_x86_64.whl (150.1 MB)
   ━━━━━━━━━━━━━━━━━━━━━━━━━━━━━━━━━━━━━━━━ 150.1/150.1 MB 164.2 MB/s  0:00:00
Downloading http://pypi-mirror.modal.local:5555/simple/nvidia-nccl-cu12/nvidia_nccl_cu12-2.21.5-py3-none-manylinux2014_x86_64.whl (188.7 MB)
   ━━━━━━━━━━━━━━━━━━━━━━━━━━━━━━━━━━━━━━━━ 188.7/188.7 MB 177.5 MB/s  0:00:01
Downloading http://pypi-mirror.modal.local:5555/simple/nvidia-nvjitlink-cu12/nvidia_nvjitlink_cu12-12.4.127-py3-none-manylinux2014_x86_64.whl (21.1 MB)
   ━━━━━━━━━━━━━━━━━━━━━━━━━━━━━━━━━━━━━━━━ 21.1/21.1 MB 168.7 MB/s  0:00:00
Downloading http://pypi-mirror.modal.local:5555/simple/nvidia-nvtx-cu12/nvidia_nvtx_cu12-12.4.127-py3-none-manylinux2014_x86_64.whl (99 kB)
Downloading http://pypi-mirror.modal.local:5555/simple/sympy/sympy-1.13.1-py3-none-any.whl (6.2 MB)
   ━━━━━━━━━━━━━━━━━━━━━━━━━━━━━━━━━━━━━━━━ 6.2/6.2 MB 206.0 MB/s  0:00:00
Downloading http://pypi-mirror.modal.local:5555/simple/triton/triton-3.2.0-cp311-cp311-manylinux_2_17_x86_64.manylinux2014_x86_64.whl (253.2 MB)
   ━━━━━━━━━━━━━━━━━━━━━━━━━━━━━━━━━━━━━━━━ 253.2/253.2 MB 180.9 MB/s  0:00:01
Downloading http://pypi-mirror.modal.local:5555/simple/huggingface-hub/huggingface_hub-0.36.2-py3-none-any.whl (566 kB)
   ━━━━━━━━━━━━━━━━━━━━━━━━━━━━━━━━━━━━━━━━ 566.4/566.4 kB 815.7 MB/s  0:00:00
Downloading http://pypi-mirror.modal.local:5555/simple/hf-xet/hf_xet-1.5.1-cp37-abi3-manylinux2014_x86_64.manylinux_2_17_x86_64.whl (4.5 MB)
   ━━━━━━━━━━━━━━━━━━━━━━━━━━━━━━━━━━━━━━━━ 4.5/4.5 MB 351.5 MB/s  0:00:00
Downloading http://pypi-mirror.modal.local:5555/simple/mpmath/mpmath-1.3.0-py3-none-any.whl (536 kB)
   ━━━━━━━━━━━━━━━━━━━━━━━━━━━━━━━━━━━━━━━━ 536.2/536.2 kB 532.7 MB/s  0:00:00
Downloading http://pypi-mirror.modal.local:5555/simple/tokenizers/tokenizers-0.21.4-cp39-abi3-manylinux_2_17_x86_64.manylinux2014_x86_64.whl (3.1 MB)
   ━━━━━━━━━━━━━━━━━━━━━━━━━━━━━━━━━━━━━━━━ 3.1/3.1 MB 257.9 MB/s  0:00:00
Downloading http://pypi-mirror.modal.local:5555/simple/fsspec/fsspec-2026.6.0-py3-none-any.whl (203 kB)
Downloading http://pypi-mirror.modal.local:5555/simple/packaging/packaging-26.2-py3-none-any.whl (100 kB)
Downloading http://pypi-mirror.modal.local:5555/simple/pyyaml/pyyaml-6.0.3-cp311-cp311-manylinux2014_x86_64.manylinux_2_17_x86_64.manylinux_2_28_x86_64.whl (806 kB)
   ━━━━━━━━━━━━━━━━━━━━━━━━━━━━━━━━━━━━━━━━ 806.6/806.6 kB 851.2 MB/s  0:00:00
Downloading http://pypi-mirror.modal.local:5555/simple/regex/regex-2026.7.10-cp311-cp311-manylinux2014_x86_64.manylinux_2_17_x86_64.manylinux_2_28_x86_64.whl (799 kB)
   ━━━━━━━━━━━━━━━━━━━━━━━━━━━━━━━━━━━━━━━━ 799.9/799.9 kB 762.9 MB/s  0:00:00
Downloading http://pypi-mirror.modal.local:5555/simple/safetensors/safetensors-0.8.0-cp310-abi3-manylinux_2_17_x86_64.manylinux2014_x86_64.whl (516 kB)
Downloading http://pypi-mirror.modal.local:5555/simple/tqdm/tqdm-4.68.4-py3-none-any.whl (676 kB)
   ━━━━━━━━━━━━━━━━━━━━━━━━━━━━━━━━━━━━━━━━ 676.6/676.6 kB 901.9 MB/s  0:00:00
Downloading http://pypi-mirror.modal.local:5555/simple/typing-extensions/typing_extensions-4.16.0-py3-none-any.whl (45 kB)
Downloading http://pypi-mirror.modal.local:5555/simple/filelock/filelock-3.29.7-py3-none-any.whl (46 kB)
Downloading http://pypi-mirror.modal.local:5555/simple/jinja2/jinja2-3.1.6-py3-none-any.whl (134 kB)
Downloading http://pypi-mirror.modal.local:5555/simple/markupsafe/markupsafe-3.0.3-cp311-cp311-manylinux2014_x86_64.manylinux_2_17_x86_64.manylinux_2_28_x86_64.whl (22 kB)
Downloading http://pypi-mirror.modal.local:5555/simple/networkx/networkx-3.6.1-py3-none-any.whl (2.1 MB)
   ━━━━━━━━━━━━━━━━━━━━━━━━━━━━━━━━━━━━━━━━ 2.1/2.1 MB 403.0 MB/s  0:00:00
Downloading http://pypi-mirror.modal.local:5555/simple/psutil/psutil-7.2.2-cp36-abi3-manylinux2010_x86_64.manylinux_2_12_x86_64.manylinux_2_28_x86_64.whl (155 kB)
Downloading http://pypi-mirror.modal.local:5555/simple/requests/requests-2.34.2-py3-none-any.whl (73 kB)
Downloading http://pypi-mirror.modal.local:5555/simple/charset-normalizer/charset_normalizer-3.4.9-cp311-cp311-manylinux2014_x86_64.manylinux_2_17_x86_64.manylinux_2_28_x86_64.whl (221 kB)
Downloading http://pypi-mirror.modal.local:5555/simple/idna/idna-3.18-py3-none-any.whl (65 kB)
Downloading http://pypi-mirror.modal.local:5555/simple/urllib3/urllib3-2.7.0-py3-none-any.whl (131 kB)
Downloading http://pypi-mirror.modal.local:5555/simple/certifi/certifi-2026.6.17-py3-none-any.whl (133 kB)
Installing collected packages: triton, nvidia-cusparselt-cu12, mpmath, urllib3, typing-extensions, tqdm, sympy, safetensors, regex, pyyaml, psutil, packaging, nvidia-nvtx-cu12, nvidia-nvjitlink-cu12, nvidia-nccl-cu12, nvidia-curand-cu12, nvidia-cufft-cu12, nvidia-cuda-runtime-cu12, nvidia-cuda-nvrtc-cu12, nvidia-cuda-cupti-cu12, nvidia-cublas-cu12, numpy, networkx, MarkupSafe, idna, hf-xet, fsspec, filelock, charset_normalizer, certifi, requests, nvidia-cusparse-cu12, nvidia-cudnn-cu12, jinja2, nvidia-cusolver-cu12, huggingface-hub, torch, tokenizers, transformers, bitsandbytes, accelerate

Successfully installed MarkupSafe-3.0.3 accelerate-1.6.0 bitsandbytes-0.46.1 certifi-2026.6.17 charset_normalizer-3.4.9 filelock-3.29.7 fsspec-2026.6.0 hf-xet-1.5.1 huggingface-hub-0.36.2 idna-3.18 jinja2-3.1.6 mpmath-1.3.0 networkx-3.6.1 numpy-2.2.6 nvidia-cublas-cu12-12.4.5.8 nvidia-cuda-cupti-cu12-12.4.127 nvidia-cuda-nvrtc-cu12-12.4.127 nvidia-cuda-runtime-cu12-12.4.127 nvidia-cudnn-cu12-9.1.0.70 nvidia-cufft-cu12-11.2.1.3 nvidia-curand-cu12-10.3.5.147 nvidia-cusolver-cu12-11.6.1.9 nvidia-cusparse-cu12-12.3.1.170 nvidia-cusparselt-cu12-0.6.2 nvidia-nccl-cu12-2.21.5 nvidia-nvjitlink-cu12-12.4.127 nvidia-nvtx-cu12-12.4.127 packaging-26.2 psutil-7.2.2 pyyaml-6.0.3 regex-2026.7.10 requests-2.34.2 safetensors-0.8.0 sympy-1.13.1 tokenizers-0.21.4 torch-2.6.0 tqdm-4.68.4 transformers-4.53.0 triton-3.2.0 typing-extensions-4.16.0 urllib3-2.7.0

[notice] A new release of pip is available: 25.2 -> 26.1.2
[notice] To update, run: pip install --upgrade pip
Saving image...
Image saved, took 4.95s

Built image im-mcIkTeY8X03vmHKaa2uR2i in 88.49s


✓ Created objects.
├── 🔨 Created mount 
│   /home/ec2-user/css/kernel/kernel-of-truth/poc/rules-1/modal/modal_rules1.py
├── 🔨 Created mount 
│   /home/ec2-user/css/kernel/kernel-of-truth/poc/modal/requirements-image.txt
├── 🔨 Created mount 
│   /home/ec2-user/css/kernel/kernel-of-truth/data/axioms-kinship-v1
├── 🔨 Created mount /home/ec2-user/css/kernel/kernel-of-truth/data/axioms-v0
├── 🔨 Created mount /home/ec2-user/css/kernel/kernel-of-truth/data/nsk1-clutrr
├── 🔨 Created mount 
│   /home/ec2-user/css/kernel/kernel-of-truth/poc/rules-1/inputs
├── 🔨 Created mount 
│   /home/ec2-user/css/kernel/kernel-of-truth/poc/f0/flop_meter.py
├── 🔨 Created mount 
│   /home/ec2-user/css/kernel/kernel-of-truth/poc/f0/__init__.py
├── 🔨 Created mount 
│   /home/ec2-user/css/kernel/kernel-of-truth/poc/f2b-transfer/runner/f2bt_runne
│   r.py
├── 🔨 Created mount 
│   /home/ec2-user/css/kernel/kernel-of-truth/poc/rules-1/results/certificate-re
│   sult.json
├── 🔨 Created mount 
│   /home/ec2-user/css/kernel/kernel-of-truth/poc/rules-1/certificate.py
├── 🔨 Created mount 
│   /home/ec2-user/css/kernel/kernel-of-truth/poc/rules-1/twin_engine.py
├── 🔨 Created mount 
│   /home/ec2-user/css/kernel/kernel-of-truth/poc/rules-1/rules1_runner.py
├── 🔨 Created mount PythonPackage:modal_common
├── 🔨 Created function run_rules1_t4.
├── 🔨 Created function run_rules1_a10g.
└── 🔨 Created function run_rules1_a100.
kot-rules1 via Modal: gpu=A10G mock=False arms=A1,A3,A5,A7,c1 cells=A1:2,A5:2,A7:2,c1:1 (40 staged files, runner 91d780f34401…)
pins.harness_manifest (staged-bytes manifest sha, canonical JSON): 2b463dd8b0039a8e22e0f10aea6db2b942ddae163a4eae38319f2c1669510bd3
REMINDER: the printed sha MUST equal the ops-amendment value in the FROZEN record's pins.harness_manifest, pins.model_revisions must be ops-amended to the R1/R3 revisions in rules1-manifest.json, dry-plan + mock must be green, and maintainer sign-off must hold (registry usd_cap $10; coordinator ceiling $40).
[rules1     0.2s] cells slice: A1:2,A5:2,A7:2,c1:1 (4 of 15 grid cells)
[rules1     0.2s] c1 derangement: seed=20260711 sha=4cb83cceeb83
[rules1     0.2s] loading R1 host...
[rules1    65.0s] cell A1 seed=2 done (50.1s)
[rules1    65.0s] loading R3 host...
[rules1   170.6s] cell A5 seed=2 done (84.7s)
[rules1   218.6s] cell A7 seed=2 done (48.0s)
[rules1   266.5s] cell c1 seed=1 done (47.9s)
[rules1   266.5s] control cells emitted (E5 refusal stratum, A7:2)
[rules1   266.5s] OUTCOME: HARNESS-COMPLETE (3532 rows in /tmp/rules1-results/run-records-rules1.jsonl, sha 1e36346ee9ae)

wrote 6 files to /home/ec2-user/css/kernel/kernel-of-truth/poc/rules-1/results-incoming/20260712-142704-rules1b-parallel/slice-3/20260712-143316-modal
OUTCOME: HARNESS-COMPLETE
done — review and commit deliberately (results are NOT auto-committed); `modal app stop ap-<id>` after every attached run
Stopping app - local entrypoint completed.
✓ App completed. View run at 
https://modal.com/apps/jesse-70413/main/ap-RRYLTLySzi8V0FxGm9yyKY
