$ /usr/local/bin/python /root/kot/poc/casc-0/runner/casc0_runner.py --inputs-dir /root/kot/poc/casc-0/inputs --dcasc0-dir /root/kot/data/d-casc0 --out-dir /tmp/casc0-results --device cpu --gpu-class A100 --mock
[casc0     0.0s] mode=MOCK device=cpu eval_items=24 (d-casc0 rank prefix of 400)
[casc0     0.0s] deranged closure permutation: seed=20260711 sha=426eb7b84747 map={'child': 'sibling', 'parent': 'child', 'sibling': 'parent'}
[casc0     3.2s] cell factorial R2/nl v=0 seed=0 done (3.2s, acc-raw=0.333)
[casc0     3.2s] cell factorial R2/gloss v=0 seed=0 done (0.0s, acc-raw=0.500)
[casc0     3.2s] cell factorial R2/plain v=0 seed=0 done (0.0s, acc-raw=0.750)
[casc0     3.2s] cell factorial R2/gloss v=1 seed=0 done (0.0s, acc-raw=0.708)
[casc0     3.2s] cell factorial R2/plain v=1 seed=0 done (0.0s, acc-raw=0.750)
[casc0     3.2s] cell factorial R3/nl v=0 seed=0 done (0.0s, acc-raw=0.667)
[casc0     3.2s] cell factorial R3/gloss v=0 seed=0 done (0.0s, acc-raw=0.958)
[casc0     3.2s] cell factorial R3/plain v=0 seed=0 done (0.0s, acc-raw=0.792)
[casc0     3.2s] cell factorial R3/gloss v=1 seed=0 done (0.0s, acc-raw=1.000)
[casc0     3.2s] cell factorial R3/plain v=1 seed=0 done (0.0s, acc-raw=0.833)
[casc0     3.2s] cell factorial R2/nl v=0 seed=1 done (0.0s, acc-raw=0.500)
[casc0     3.2s] cell factorial R2/gloss v=0 seed=1 done (0.0s, acc-raw=0.583)
[casc0     3.2s] cell factorial R2/plain v=0 seed=1 done (0.0s, acc-raw=0.708)
[casc0     3.2s] cell factorial R2/gloss v=1 seed=1 done (0.0s, acc-raw=0.917)
[casc0     3.2s] cell factorial R2/plain v=1 seed=1 done (0.0s, acc-raw=0.750)
[casc0     3.2s] cell factorial R3/nl v=0 seed=1 done (0.0s, acc-raw=0.875)
[casc0     3.2s] cell factorial R3/gloss v=0 seed=1 done (0.0s, acc-raw=0.875)
[casc0     3.2s] cell factorial R3/plain v=0 seed=1 done (0.0s, acc-raw=0.792)
[casc0     3.2s] cell factorial R3/gloss v=1 seed=1 done (0.0s, acc-raw=0.917)
[casc0     3.3s] cell factorial R3/plain v=1 seed=1 done (0.0s, acc-raw=0.667)
[casc0     3.3s] ttc-deflator: N=4 (ref_flops=9.060e+11, nl_flops=2.185e+11; pinned reference cell R2/gloss/verifier-on (fixed pre-registered reference — the raw-kernel Option-A medium, the maintainer's primary; never post-hoc 'best'))
[casc0     3.3s] cell ttc-deflator R2/nl v=0 seed=0 done (0.0s, acc-raw=0.542)
[casc0     3.3s] cell ttc-deflator R2/nl v=0 seed=1 done (0.0s, acc-raw=0.458)
[casc0     3.3s] cell deranged-control R2/gloss v=1 seed=0 done (0.0s, acc-raw=0.583)
[casc0     3.3s] cell deranged-control R2/gloss v=1 seed=1 done (0.0s, acc-raw=0.875)
[casc0] OUTCOME: MOCK-HARNESS-COMPLETE (24 run-record bodies in /tmp/casc0-results/run-records-casc0-mock.jsonl)
[runner exit rc=0]
