$ /usr/local/bin/python /root/kot/poc/f2b/runner/f2b_runner.py --inputs-dir /root/kot/poc/f2b/inputs --dqa-dir /root/kot/data/d-qa --dqar-dir /root/kot/data/d-qa-r --dxif-dir /root/kot/data/d-xif --dext-dir /root/kot/data/d-ext --records-root /root/kot --out-dir /tmp/f2b-results --device cpu --gpu-class A10G --mock
[f2b     0.0s] mode=MOCK device=cpu items=1000 fresh covered (d-qa-r)
[f2b     0.0s] shuffled-verifier permutation: seed=20260709 sha=05af8f50b134
[f2b     2.4s] cell model-alone R1 k=0 seed=0 done (2.4s)
[f2b     2.4s] cell model-alone R1 k=0 seed=1 done (0.0s)
[f2b     2.4s] cell model-alone R3 k=0 seed=0 done (0.0s)
[f2b     2.4s] cell model-alone R3 k=0 seed=1 done (0.0s)
[f2b     2.4s] cell kernel-verify-retry R1 k=1 seed=0 done (0.0s)
[f2b     2.4s] cell kernel-verify-retry R1 k=1 seed=1 done (0.0s)
[f2b     2.4s] cell kernel-verify-retry R1 k=2 seed=0 done (0.0s)
[f2b     2.4s] cell kernel-verify-retry R1 k=2 seed=1 done (0.0s)
[f2b     2.4s] cell kernel-verify-retry R1 k=4 seed=0 done (0.0s)
[f2b     2.4s] cell kernel-verify-retry R1 k=4 seed=1 done (0.0s)
[f2b     2.4s] cell shuffled-kernel-verify-retry R1 k=1 seed=0 done (0.0s)
[f2b     2.4s] cell shuffled-kernel-verify-retry R1 k=1 seed=1 done (0.0s)
[f2b     2.4s] cell shuffled-kernel-verify-retry R1 k=2 seed=0 done (0.0s)
[f2b     2.4s] cell shuffled-kernel-verify-retry R1 k=2 seed=1 done (0.0s)
[f2b     2.4s] cell shuffled-kernel-verify-retry R1 k=4 seed=0 done (0.0s)
[f2b     2.5s] cell shuffled-kernel-verify-retry R1 k=4 seed=1 done (0.0s)
[f2b     2.5s] cell gold-oracle-retry R1 k=1 seed=0 done (0.0s)
[f2b     2.5s] cell gold-oracle-retry R1 k=1 seed=1 done (0.0s)
[f2b     2.5s] cell gold-oracle-retry R1 k=2 seed=0 done (0.0s)
[f2b     2.5s] cell gold-oracle-retry R1 k=2 seed=1 done (0.0s)
[f2b     2.5s] cell gold-oracle-retry R1 k=4 seed=0 done (0.0s)
[f2b     2.5s] cell gold-oracle-retry R1 k=4 seed=1 done (0.0s)
[f2b     2.5s] cell kernel-as-text R1 k=0 seed=0 done (0.0s)
[f2b     2.5s] cell gloss-self-verify-retry R1 k=1 seed=0 done (0.0s)
[f2b     2.5s] cell gloss-self-verify-retry R1 k=1 seed=1 done (0.0s)
[f2b     2.5s] cell gloss-self-verify-retry R1 k=2 seed=0 done (0.0s)
[f2b     2.5s] cell gloss-self-verify-retry R1 k=2 seed=1 done (0.0s)
[f2b     2.5s] cell gloss-self-verify-retry R1 k=4 seed=0 done (0.0s)
[f2b     2.5s] cell gloss-self-verify-retry R1 k=4 seed=1 done (0.0s)
[f2b     2.5s] cell prm-verifier R1 k=0 seed=0 done (0.0s)
[f2b     2.5s] cell prm-verifier R1 k=0 seed=1 done (0.0s)
[f2b     2.5s] cell extraction-instrument R1 k=0 seed=0 done (0.0s)
[f2b     2.5s] iface gate: 300 labelled, 5 extraction failures
[f2b     2.5s] OUTCOME: MOCK-HARNESS-COMPLETE (32 run-record bodies in /tmp/f2b-results/run-records-f2b-mock.jsonl)
[runner exit rc=0]
