✓ Initialized. View run at 
https://modal.com/apps/jwrightwho/main/ap-VdiLtxayV8RGd5YppUv8OB
✓ Created objects.
├── 🔨 Created mount 
│   /home/ec2-user/css/kernel/kernel-of-truth/poc/99a-sim/results/frozen-run/r11
│   a-fixture/kot_99a_r10a_app.py
├── 🔨 Created mount /home/ec2-user/css/kernel/kernel-of-truth/poc/99a-sim
└── 🔨 Created function b2_fixture_r10a.
{
  "n_reps": 50,
  "tolerances": {
    "dtheta": 1e-07,
    "relse": 1e-05,
    "relnu": 0.001,
    "dp": 1e-06
  },
  "families": {
    "UCT": {
      "n": 450,
      "max_dtheta": 1.0373646386341306e-13,
      "max_relse": 3.4151253876228415e-06,
      "max_relnu": 2.52516857092448e-05,
      "max_dp": 7.80594081262187e-07,
      "worst": {
        "key": [
          3,
          "UCT_REML",
          1,
          0
        ],
        "py": [
          0.25019110562287256,
          0.02466077740454567,
          45.58010397550697,
          0.9999999999998573
        ],
        "r": [
          0.250191105622868,
          0.0246608526297266,
          45.5789530301101,
          0.999999999999857
        ],
        "dt": 4.551914400963142e-15,
        "rs": 3.0503884866063972e-06,
        "rn": 2.52516857092448e-05,
        "dp": 3.3306690738754696e-16
      }
    },
    "COMP": {
      "n": 150,
      "max_dtheta": 5.891120924417237e-14,
      "max_relse": 4.674084722958983e-06,
      "max_relnu": 2.374724704370916e-05,
      "max_dp": 1.0784683788234162e-06,
      "worst": {
        "key": [
          3,
          "COMP",
          4,
          3
        ],
        "py": [
          0.17194110028474702,
          0.02461776044441057,
          33.9545801383474,
          0.999999976444228
        ],
        "r": [
          0.171941100284741,
          0.0246178305609203,
          33.9537738296922,
          0.999999976439839
        ],
        "dt": 6.022959908591474e-15,
        "rs": 2.8482001920012303e-06,
        "rn": 2.374724704370916e-05,
        "dp": 4.389044683250631e-12
      }
    },
    "UCT_ANOVA_retired_diagnostic": {
      "n": 450,
      "max_dtheta": 1.0370870828779744e-13,
      "max_relse": 0.050160895015747574,
      "max_relnu": 0.20940810266927476,
      "max_dp": 0.010162798461058276,
      "worst": {
        "key": [
          19,
          "UCT",
          1,
          6
        ],
        "py": [
          0.08178281276532731,
          0.03235067274911841,
          40.8762018544928,
          0.9922845006169754
        ],
        "r": [
          0.081782812765329,
          0.0308054441016235,
          33.7985182704459,
          0.993994145739455
        ],
        "dt": 1.6930901125533637e-15,
        "rs": 0.050160895015744146,
        "rn": 0.20940810266927476,
        "dp": 0.0017096451224796194
      }
    }
  },
  "overall_operative_exactREML": {
    "max_dtheta": 1.0373646386341306e-13,
    "max_relse": 4.674084722958983e-06,
    "max_relnu": 2.52516857092448e-05,
    "max_dp": 1.0784683788234162e-06
  },
  "PASS": false
}
Stopping app - local entrypoint completed.
✓ App completed. View run at 
https://modal.com/apps/jwrightwho/main/ap-VdiLtxayV8RGd5YppUv8OB
