$ /usr/local/bin/python /root/kot/poc/pubeval/pubeval_runner.py --model smollm2-135m --benchmarks arc_easy,arc_challenge --n 0 --shots 0 --data-dir /root/kot/poc/pubeval/data --out-dir /tmp/pubeval-results --device cuda
[arc_easy] 2376 items, 0-shot (CC BY-SA 4.0, HUMAN-SOURCED (EXAM))
  arc_easy 50/2376 (5.5s)
  arc_easy 100/2376 (10.4s)
  arc_easy 150/2376 (15.3s)
  arc_easy 200/2376 (20.2s)
  arc_easy 250/2376 (25.1s)
  arc_easy 300/2376 (30.1s)
  arc_easy 350/2376 (35.5s)
  arc_easy 400/2376 (40.5s)
  arc_easy 450/2376 (45.4s)
  arc_easy 500/2376 (50.4s)
  arc_easy 550/2376 (55.4s)
  arc_easy 600/2376 (60.3s)
  arc_easy 650/2376 (65.2s)
  arc_easy 700/2376 (70.1s)
  arc_easy 750/2376 (75.0s)
  arc_easy 800/2376 (79.9s)
  arc_easy 850/2376 (84.7s)
  arc_easy 900/2376 (89.7s)
  arc_easy 950/2376 (94.6s)
  arc_easy 1000/2376 (99.6s)
  arc_easy 1050/2376 (104.6s)
  arc_easy 1100/2376 (109.5s)
  arc_easy 1150/2376 (114.4s)
  arc_easy 1200/2376 (119.4s)
  arc_easy 1250/2376 (124.3s)
  arc_easy 1300/2376 (129.2s)
  arc_easy 1350/2376 (134.1s)
  arc_easy 1400/2376 (139.0s)
  arc_easy 1450/2376 (143.9s)
  arc_easy 1500/2376 (148.8s)
  arc_easy 1550/2376 (153.7s)
  arc_easy 1600/2376 (158.5s)
  arc_easy 1650/2376 (163.5s)
  arc_easy 1700/2376 (168.4s)
  arc_easy 1750/2376 (173.3s)
  arc_easy 1800/2376 (178.1s)
  arc_easy 1850/2376 (183.0s)
  arc_easy 1900/2376 (187.7s)
  arc_easy 1950/2376 (192.6s)
  arc_easy 2000/2376 (197.3s)
  arc_easy 2050/2376 (202.2s)
  arc_easy 2100/2376 (207.2s)
  arc_easy 2150/2376 (212.1s)
  arc_easy 2200/2376 (217.0s)
  arc_easy 2250/2376 (221.9s)
  arc_easy 2300/2376 (226.8s)
  arc_easy 2350/2376 (231.7s)
  arc_easy 2376/2376 (234.2s)
[arc_challenge] 1172 items, 0-shot (CC BY-SA 4.0, HUMAN-SOURCED (EXAM))
  arc_challenge 50/1172 (4.8s)
  arc_challenge 100/1172 (9.5s)
  arc_challenge 150/1172 (14.2s)
  arc_challenge 200/1172 (19.0s)
  arc_challenge 250/1172 (23.8s)
  arc_challenge 300/1172 (28.6s)
  arc_challenge 350/1172 (33.3s)
  arc_challenge 400/1172 (38.0s)
  arc_challenge 450/1172 (42.6s)
  arc_challenge 500/1172 (47.3s)
  arc_challenge 550/1172 (52.1s)
  arc_challenge 600/1172 (56.9s)
  arc_challenge 650/1172 (61.8s)
  arc_challenge 700/1172 (66.6s)
  arc_challenge 750/1172 (71.3s)
  arc_challenge 800/1172 (76.1s)
  arc_challenge 850/1172 (80.9s)
  arc_challenge 900/1172 (85.8s)
  arc_challenge 950/1172 (90.7s)
  arc_challenge 1000/1172 (95.5s)
  arc_challenge 1050/1172 (100.3s)
  arc_challenge 1100/1172 (105.0s)
  arc_challenge 1150/1172 (109.8s)
  arc_challenge 1172/1172 (111.9s)

wrote /tmp/pubeval-results/results-pubeval.json
aggregate macro_acc = 0.3823 over arc_easy,arc_challenge
  arc_easy       n=2376  headline=0.4882
  arc_challenge  n=1172  headline=0.2765
[runner exit rc=0]
