✓ Initialized. View run at 
https://modal.com/apps/jwrightwho/main/ap-8nUXBIl4EPOehNhmk2OLzg
✓ Created objects.
├── 🔨 Created mount 
│   /home/ec2-user/css/kernel/kernel-of-truth/poc/rules-2/modal/modal_rules2.py
├── 🔨 Created mount 
│   /home/ec2-user/css/kernel/kernel-of-truth/poc/rules-2/modal/requirements-ima
│   ge.txt
├── 🔨 Created mount /home/ec2-user/css/kernel/kernel-of-truth/data/rules2-train
├── 🔨 Created mount /home/ec2-user/css/kernel/kernel-of-truth/data/axioms-v0
├── 🔨 Created mount /home/ec2-user/css/kernel/kernel-of-truth/data/nsk1-clutrr
├── 🔨 Created mount 
│   /home/ec2-user/css/kernel/kernel-of-truth/poc/rules-1/inputs
├── 🔨 Created mount 
│   /home/ec2-user/css/kernel/kernel-of-truth/poc/rules-2/inputs
├── 🔨 Created mount 
│   /home/ec2-user/css/kernel/kernel-of-truth/poc/f0/flop_meter.py
├── 🔨 Created mount 
│   /home/ec2-user/css/kernel/kernel-of-truth/poc/f0/__init__.py
├── 🔨 Created mount 
│   /home/ec2-user/css/kernel/kernel-of-truth/poc/f2b-transfer/runner/f2bt_runne
│   r.py
├── 🔨 Created mount 
│   /home/ec2-user/css/kernel/kernel-of-truth/poc/rules-1/results/rules.n3
├── 🔨 Created mount 
│   /home/ec2-user/css/kernel/kernel-of-truth/poc/rules-1/results/certificate-re
│   sult.json
├── 🔨 Created mount 
│   /home/ec2-user/css/kernel/kernel-of-truth/poc/rules-1/certificate.py
├── 🔨 Created mount 
│   /home/ec2-user/css/kernel/kernel-of-truth/data/axioms-kinship-v1
├── 🔨 Created mount 
│   /home/ec2-user/css/kernel/kernel-of-truth/poc/rules-1/rules1_runner.py
├── 🔨 Created mount 
│   /home/ec2-user/css/kernel/kernel-of-truth/poc/rules-1/twin_engine.py
├── 🔨 Created mount 
│   /home/ec2-user/css/kernel/kernel-of-truth/poc/rules-2/merge_shards.py
├── 🔨 Created mount 
│   /home/ec2-user/css/kernel/kernel-of-truth/poc/rules-2/results/c8-result.json
├── 🔨 Created mount 
│   /home/ec2-user/css/kernel/kernel-of-truth/poc/rules-2/materialise_closure.py
├── 🔨 Created mount 
│   /home/ec2-user/css/kernel/kernel-of-truth/poc/rules-2/rules2_runner.py
├── 🔨 Created mount PythonPackage:modal_common
├── 🔨 Created function run_rules2_t4.
├── 🔨 Created function run_rules2_a10g.
└── 🔨 Created function run_rules2_a100.
kot-rules2 via Modal: gpu=A10G mock=False rungs=R1 (51 staged files, runner fe9ab5db6a6d…)
pins.harness_manifest (staged-bytes manifest sha, canonical JSON): e8c7c78e189ab97a3922a6ea00e725f99c15dea5c6bbeeed43621509abad1a65
Stopping app - uncaught exception raised locally: SystemExit("ERR_GATE_SEQUENCING (PROPOSED-ASM-1420 as corrected by PROPOSED-ASM-1807): no rules-1-c verdict exists yet — RULES-2's GPU path is blocked until the RULES-1-C mechanical readout lands (rules-1-b was superseded pre-GPU by rules-1-c, 2026-07-12; a rules-1-b verdict will never exist). GPU is additionally HELD pending the maintainer's issue #24 host-integration slot decision.").
ERR_GATE_SEQUENCING (PROPOSED-ASM-1420 as corrected by PROPOSED-ASM-1807): no rules-1-c verdict exists yet — RULES-2's GPU path is blocked until the RULES-1-C mechanical readout lands (rules-1-b was superseded pre-GPU by rules-1-c, 2026-07-12; a rules-1-b verdict will never exist). GPU is additionally HELD pending the maintainer's issue #24 host-integration slot decision.
