$ /usr/local/bin/python /root/kot/poc/pubeval/pubeval_runner.py --model smollm2-135m --benchmarks arc_easy,arc_challenge --n 0 --shots 5 --data-dir /root/kot/poc/pubeval/data --out-dir /tmp/pubeval-results --device cuda
[arc_easy] 2376 items, 5-shot (CC BY-SA 4.0, HUMAN-SOURCED (EXAM))
  arc_easy 50/2376 (7.8s)
  arc_easy 100/2376 (12.9s)
  arc_easy 150/2376 (18.3s)
  arc_easy 200/2376 (23.2s)
  arc_easy 250/2376 (28.3s)
  arc_easy 300/2376 (33.4s)
  arc_easy 350/2376 (38.3s)
  arc_easy 400/2376 (43.3s)
  arc_easy 450/2376 (48.4s)
  arc_easy 500/2376 (53.4s)
  arc_easy 550/2376 (58.5s)
  arc_easy 600/2376 (63.5s)
  arc_easy 650/2376 (68.5s)
  arc_easy 700/2376 (73.4s)
  arc_easy 750/2376 (78.5s)
  arc_easy 800/2376 (83.5s)
  arc_easy 850/2376 (88.4s)
  arc_easy 900/2376 (93.5s)
  arc_easy 950/2376 (98.4s)
  arc_easy 1000/2376 (103.4s)
  arc_easy 1050/2376 (108.5s)
  arc_easy 1100/2376 (113.8s)
  arc_easy 1150/2376 (118.8s)
  arc_easy 1200/2376 (124.0s)
  arc_easy 1250/2376 (129.3s)
  arc_easy 1300/2376 (134.7s)
  arc_easy 1350/2376 (140.0s)
  arc_easy 1400/2376 (144.9s)
  arc_easy 1450/2376 (150.0s)
  arc_easy 1500/2376 (155.0s)
  arc_easy 1550/2376 (159.9s)
  arc_easy 1600/2376 (164.9s)
  arc_easy 1650/2376 (169.9s)
  arc_easy 1700/2376 (174.8s)
  arc_easy 1750/2376 (179.7s)
  arc_easy 1800/2376 (185.0s)
  arc_easy 1850/2376 (190.0s)
  arc_easy 1900/2376 (195.0s)
  arc_easy 1950/2376 (199.9s)
  arc_easy 2000/2376 (204.8s)
  arc_easy 2050/2376 (209.8s)
  arc_easy 2100/2376 (214.8s)
  arc_easy 2150/2376 (219.7s)
  arc_easy 2200/2376 (224.7s)
  arc_easy 2250/2376 (229.6s)
  arc_easy 2300/2376 (234.5s)
  arc_easy 2350/2376 (239.4s)
  arc_easy 2376/2376 (242.0s)
[arc_challenge] 1172 items, 5-shot (CC BY-SA 4.0, HUMAN-SOURCED (EXAM))
  arc_challenge 50/1172 (5.4s)
  arc_challenge 100/1172 (10.7s)
  arc_challenge 150/1172 (15.8s)
  arc_challenge 200/1172 (20.8s)
  arc_challenge 250/1172 (25.9s)
  arc_challenge 300/1172 (31.0s)
  arc_challenge 350/1172 (36.0s)
  arc_challenge 400/1172 (40.9s)
  arc_challenge 450/1172 (46.0s)
  arc_challenge 500/1172 (51.0s)
  arc_challenge 550/1172 (56.0s)
  arc_challenge 600/1172 (61.1s)
  arc_challenge 650/1172 (66.3s)
  arc_challenge 700/1172 (71.4s)
  arc_challenge 750/1172 (76.4s)
  arc_challenge 800/1172 (81.5s)
  arc_challenge 850/1172 (86.5s)
  arc_challenge 900/1172 (91.6s)
  arc_challenge 950/1172 (96.7s)
  arc_challenge 1000/1172 (101.6s)
  arc_challenge 1050/1172 (106.7s)
  arc_challenge 1100/1172 (111.8s)
  arc_challenge 1150/1172 (116.8s)
  arc_challenge 1172/1172 (119.0s)

wrote /tmp/pubeval-results/results-pubeval.json
aggregate macro_acc = 0.4633 over arc_easy,arc_challenge
  arc_easy       n=2376  headline=0.6237
  arc_challenge  n=1172  headline=0.3029
[runner exit rc=0]
