✓ Initialized. View run at 
https://modal.com/apps/jmwright-045/main/ap-fQQKVq5aNgclIGwjNZ2126
✓ Created objects.
├── 🔨 Created mount 
│   /home/ec2-user/css/kernel/kernel-of-truth/poc/modal/modal_e5.py
├── 🔨 Created mount /home/ec2-user/css/kernel/kernel-of-truth/poc/e5/inputs
├── 🔨 Created mount 
│   /home/ec2-user/css/kernel/kernel-of-truth/poc/e5/runner/requirements.txt
├── 🔨 Created mount 
│   /home/ec2-user/css/kernel/kernel-of-truth/poc/e5/runner/e5_runner.py
├── 🔨 Created mount PythonPackage:modal_common
├── 🔨 Created function run_e5_t4.
└── 🔨 Created function run_e5_a10g.
kot-e5 via Modal: gpu=A10G mock=False (12 staged files, runner 0fadb8b4b14e…)
[e5     3.5s] mode=FULL device=cuda seeds=[0, 1, 2, 3, 4] steps=2000 sweep=[0.0003, 0.001, 0.003]@1000 batch=32
[e5    11.3s] sequences: 1800 train / 200 val / 500 seen-eval / 120 nonce-eval
[e5    11.3s] sweep arm=true lr=0.0003
[e5    12.0s]     step 0/1000 loss 4.3671
[e5    19.8s]     step 50/1000 loss 4.3214
[e5    27.7s]     step 100/1000 loss 4.1406
[e5    35.4s]     step 150/1000 loss 3.8876
[e5    43.3s]     step 200/1000 loss 3.6271
[e5    50.8s]     step 250/1000 loss 3.4779
[e5    58.5s]     step 300/1000 loss 3.5625
[e5    66.7s]     step 350/1000 loss 3.2518
[e5    74.7s]     step 400/1000 loss 3.3811
[e5    82.4s]     step 450/1000 loss 3.2392
[e5    90.3s]     step 500/1000 loss 3.2003
[e5    98.4s]     step 550/1000 loss 3.1947
[e5   106.5s]     step 600/1000 loss 3.2132
[e5   114.1s]     step 650/1000 loss 3.0701
[e5   122.1s]     step 700/1000 loss 3.0599
[e5   130.0s]     step 750/1000 loss 3.0112
[e5   137.8s]     step 800/1000 loss 2.9704
[e5   145.9s]     step 850/1000 loss 3.2152
[e5   153.6s]     step 900/1000 loss 3.1586
[e5   161.4s]     step 950/1000 loss 3.2285
[e5   169.1s]     step 999/1000 loss 2.9226
[e5   169.5s]   arm=true lr=0.0003 valCE=3.0942
[e5   169.5s] sweep arm=true lr=0.001
[e5   169.7s]     step 0/1000 loss 4.3671
[e5   177.5s]     step 50/1000 loss 4.1268
[e5   185.4s]     step 100/1000 loss 3.7684
[e5   193.1s]     step 150/1000 loss 3.4374
[e5   201.0s]     step 200/1000 loss 3.1479
[e5   208.5s]     step 250/1000 loss 3.0426
[e5   216.2s]     step 300/1000 loss 3.1024
[e5   224.4s]     step 350/1000 loss 2.8584
[e5   232.4s]     step 400/1000 loss 2.9197
[e5   240.1s]     step 450/1000 loss 2.8094
[e5   248.0s]     step 500/1000 loss 2.7434
[e5   256.1s]     step 550/1000 loss 2.7253
[e5   264.2s]     step 600/1000 loss 2.8167
[e5   271.8s]     step 650/1000 loss 2.5901
[e5   279.8s]     step 700/1000 loss 2.6054
[e5   287.7s]     step 750/1000 loss 2.5395
[e5   295.6s]     step 800/1000 loss 2.5348
[e5   303.6s]     step 850/1000 loss 2.7317
[e5   311.4s]     step 900/1000 loss 2.6621
[e5   319.1s]     step 950/1000 loss 2.8226
[e5   326.8s]     step 999/1000 loss 2.3072
[e5   327.2s]   arm=true lr=0.001 valCE=2.6826
[e5   327.2s] sweep arm=true lr=0.003
[e5   327.4s]     step 0/1000 loss 4.3671
[e5   335.2s]     step 50/1000 loss 3.8604
[e5   343.1s]     step 100/1000 loss 3.3756
[e5   350.8s]     step 150/1000 loss 3.1303
[e5   358.7s]     step 200/1000 loss 2.9294
[e5   366.2s]     step 250/1000 loss 2.8594
[e5   374.0s]     step 300/1000 loss 2.8317
[e5   382.1s]     step 350/1000 loss 2.6147
[e5   390.1s]     step 400/1000 loss 2.7228
[e5   397.9s]     step 450/1000 loss 2.6092
[e5   405.7s]     step 500/1000 loss 2.5397
[e5   413.8s]     step 550/1000 loss 2.4902
[e5   421.9s]     step 600/1000 loss 2.6384
[e5   429.5s]     step 650/1000 loss 2.3114
[e5   437.5s]     step 700/1000 loss 2.4321
[e5   445.4s]     step 750/1000 loss 2.3158
[e5   453.3s]     step 800/1000 loss 2.2670
[e5   461.3s]     step 850/1000 loss 2.4466
[e5   469.1s]     step 900/1000 loss 2.4044
[e5   476.8s]     step 950/1000 loss 2.5719
[e5   484.5s]     step 999/1000 loss 2.0348
[e5   484.9s]   arm=true lr=0.003 valCE=2.4470
[e5   484.9s] selected lr=0.003 for arm=true
[e5   484.9s] sweep arm=shuffled lr=0.0003
[e5   485.1s]     step 0/1000 loss 4.3563
[e5   492.9s]     step 50/1000 loss 4.3483
[e5   500.8s]     step 100/1000 loss 4.2210
[e5   508.5s]     step 150/1000 loss 3.9239
[e5   516.4s]     step 200/1000 loss 3.7364
[e5   523.9s]     step 250/1000 loss 3.5417
[e5   531.7s]     step 300/1000 loss 3.6058
[e5   539.8s]     step 350/1000 loss 3.3110
[e5   547.8s]     step 400/1000 loss 3.4760
[e5   555.6s]     step 450/1000 loss 3.3169
[e5   563.4s]     step 500/1000 loss 3.2685
[e5   571.5s]     step 550/1000 loss 3.2520
[e5   579.6s]     step 600/1000 loss 3.2748
[e5   587.2s]     step 650/1000 loss 3.1546
[e5   595.3s]     step 700/1000 loss 3.1854
[e5   603.1s]     step 750/1000 loss 3.2337
[e5   611.0s]     step 800/1000 loss 3.0477
[e5   619.0s]     step 850/1000 loss 3.2851
[e5   626.8s]     step 900/1000 loss 3.2452
[e5   634.5s]     step 950/1000 loss 3.2674
[e5   642.2s]     step 999/1000 loss 3.0775
[e5   642.6s]   arm=shuffled lr=0.0003 valCE=3.2211
[e5   642.6s] sweep arm=shuffled lr=0.001
[e5   642.8s]     step 0/1000 loss 4.3563
[e5   650.6s]     step 50/1000 loss 4.1813
[e5   658.5s]     step 100/1000 loss 3.8694
[e5   666.2s]     step 150/1000 loss 3.5169
[e5   674.1s]     step 200/1000 loss 3.2871
[e5   681.6s]     step 250/1000 loss 3.1641
[e5   689.4s]     step 300/1000 loss 3.2635
[e5   697.5s]     step 350/1000 loss 2.9786
[e5   705.5s]     step 400/1000 loss 3.1212
[e5   713.3s]     step 450/1000 loss 2.9844
[e5   721.1s]     step 500/1000 loss 2.9624
[e5   729.2s]     step 550/1000 loss 2.9005
[e5   737.3s]     step 600/1000 loss 2.9288
[e5   744.9s]     step 650/1000 loss 2.7549
[e5   753.0s]     step 700/1000 loss 2.7627
[e5   760.8s]     step 750/1000 loss 2.8565
[e5   768.7s]     step 800/1000 loss 2.7430
[e5   776.7s]     step 850/1000 loss 2.9315
[e5   784.5s]     step 900/1000 loss 2.8862
[e5   792.2s]     step 950/1000 loss 2.9757
[e5   799.9s]     step 999/1000 loss 2.5968
[e5   800.3s]   arm=shuffled lr=0.001 valCE=2.9068
[e5   800.3s] sweep arm=shuffled lr=0.003
[e5   800.5s]     step 0/1000 loss 4.3563
[e5   808.3s]     step 50/1000 loss 3.8916
[e5   816.2s]     step 100/1000 loss 3.4663
[e5   823.9s]     step 150/1000 loss 3.3138
[e5   831.8s]     step 200/1000 loss 3.1535
[e5   839.3s]     step 250/1000 loss 2.9815
[e5   847.1s]     step 300/1000 loss 3.0828
[e5   855.2s]     step 350/1000 loss 2.8528
[e5   863.2s]     step 400/1000 loss 2.9747
[e5   871.0s]     step 450/1000 loss 2.7871
[e5   878.8s]     step 500/1000 loss 2.7865
[e5   886.9s]     step 550/1000 loss 2.7234
[e5   895.0s]     step 600/1000 loss 2.7778
[e5   902.6s]     step 650/1000 loss 2.5941
[e5   910.7s]     step 700/1000 loss 2.6363
[e5   918.5s]     step 750/1000 loss 2.6148
[e5   926.4s]     step 800/1000 loss 2.5016
[e5   934.4s]     step 850/1000 loss 2.6709
[e5   942.2s]     step 900/1000 loss 2.6774
[e5   949.9s]     step 950/1000 loss 2.7748
[e5   957.6s]     step 999/1000 loss 2.3411
[e5   958.0s]   arm=shuffled lr=0.003 valCE=2.7258
[e5   958.0s] selected lr=0.003 for arm=shuffled
[e5   958.0s] sweep arm=random lr=0.0003
[e5   958.2s]     step 0/1000 loss 4.4049
[e5   966.0s]     step 50/1000 loss 4.4497
[e5   973.9s]     step 100/1000 loss 4.4885
[e5   981.6s]     step 150/1000 loss 4.2350
[e5   989.5s]     step 200/1000 loss 4.1624
[e5   997.0s]     step 250/1000 loss 3.9428
[e5  1004.8s]     step 300/1000 loss 4.0985
[e5  1012.9s]     step 350/1000 loss 3.8109
[e5  1020.9s]     step 400/1000 loss 3.9649
[e5  1028.7s]     step 450/1000 loss 3.7205
[e5  1036.5s]     step 500/1000 loss 3.9250
[e5  1044.6s]     step 550/1000 loss 3.7148
[e5  1052.7s]     step 600/1000 loss 3.7550
[e5  1060.3s]     step 650/1000 loss 3.6473
[e5  1068.4s]     step 700/1000 loss 3.6416
[e5  1076.2s]     step 750/1000 loss 3.6929
[e5  1084.1s]     step 800/1000 loss 3.5211
[e5  1092.1s]     step 850/1000 loss 3.7854
[e5  1099.9s]     step 900/1000 loss 3.7173
[e5  1107.6s]     step 950/1000 loss 3.7598
[e5  1115.3s]     step 999/1000 loss 3.4147
[e5  1115.7s]   arm=random lr=0.0003 valCE=3.7388
[e5  1115.7s] sweep arm=random lr=0.001
[e5  1115.9s]     step 0/1000 loss 4.4049
[e5  1123.7s]     step 50/1000 loss 4.3888
[e5  1131.6s]     step 100/1000 loss 4.3408
[e5  1139.3s]     step 150/1000 loss 3.9895
[e5  1147.3s]     step 200/1000 loss 3.8462
[e5  1154.8s]     step 250/1000 loss 3.6105
[e5  1162.5s]     step 300/1000 loss 3.6958
[e5  1170.6s]     step 350/1000 loss 3.4075
[e5  1178.6s]     step 400/1000 loss 3.4680
[e5  1186.4s]     step 450/1000 loss 3.3107
[e5  1194.3s]     step 500/1000 loss 3.4182
[e5  1202.3s]     step 550/1000 loss 3.2435
[e5  1210.5s]     step 600/1000 loss 3.2771
[e5  1218.0s]     step 650/1000 loss 3.1583
[e5  1226.1s]     step 700/1000 loss 3.0854
[e5  1233.9s]     step 750/1000 loss 3.0816
[e5  1241.8s]     step 800/1000 loss 3.0265
[e5  1249.9s]     step 850/1000 loss 3.1782
[e5  1257.6s]     step 900/1000 loss 3.1097
[e5  1265.3s]     step 950/1000 loss 3.2127
[e5  1273.1s]     step 999/1000 loss 2.6761
[e5  1273.5s]   arm=random lr=0.001 valCE=3.2194
[e5  1273.5s] sweep arm=random lr=0.003
[e5  1273.6s]     step 0/1000 loss 4.4049
[e5  1281.4s]     step 50/1000 loss 4.2739
[e5  1289.3s]     step 100/1000 loss 4.1239
[e5  1297.1s]     step 150/1000 loss 3.7379
[e5  1305.0s]     step 200/1000 loss 3.4165
[e5  1312.5s]     step 250/1000 loss 3.2121
[e5  1320.2s]     step 300/1000 loss 3.1845
[e5  1328.3s]     step 350/1000 loss 2.9493
[e5  1336.3s]     step 400/1000 loss 2.8904
[e5  1344.1s]     step 450/1000 loss 2.8609
[e5  1352.0s]     step 500/1000 loss 2.8064
[e5  1360.0s]     step 550/1000 loss 2.5934
[e5  1368.2s]     step 600/1000 loss 2.7375
[e5  1375.7s]     step 650/1000 loss 2.4720
[e5  1383.8s]     step 700/1000 loss 2.4677
[e5  1391.7s]     step 750/1000 loss 2.3792
[e5  1399.5s]     step 800/1000 loss 2.3437
[e5  1407.6s]     step 850/1000 loss 2.4494
[e5  1415.3s]     step 900/1000 loss 2.3395
[e5  1423.1s]     step 950/1000 loss 2.5545
[e5  1430.8s]     step 999/1000 loss 2.0158
[e5  1431.2s]   arm=random lr=0.003 valCE=2.6426
[e5  1431.2s] selected lr=0.003 for arm=random
[e5  1431.2s] train arm=true seed=0 lr=0.003
[e5  1432.5s]     step 0/2000 loss 4.3671
[e5  1440.3s]     step 50/2000 loss 3.8604
[e5  1448.2s]     step 100/2000 loss 3.3756
[e5  1455.9s]     step 150/2000 loss 3.1302
[e5  1463.8s]     step 200/2000 loss 2.9296
[e5  1471.3s]     step 250/2000 loss 2.8621
[e5  1479.1s]     step 300/2000 loss 2.8331
[e5  1487.2s]     step 350/2000 loss 2.6178
[e5  1495.2s]     step 400/2000 loss 2.7340
[e5  1503.0s]     step 450/2000 loss 2.6208
[e5  1510.8s]     step 500/2000 loss 2.5701
[e5  1518.9s]     step 550/2000 loss 2.5461
[e5  1527.0s]     step 600/2000 loss 2.6675
[e5  1534.6s]     step 650/2000 loss 2.3230
[e5  1542.7s]     step 700/2000 loss 2.4346
[e5  1550.5s]     step 750/2000 loss 2.3383
[e5  1558.4s]     step 800/2000 loss 2.2869
[e5  1566.4s]     step 850/2000 loss 2.4303
[e5  1574.2s]     step 900/2000 loss 2.3962
[e5  1581.9s]     step 950/2000 loss 2.5714
[e5  1589.8s]     step 1000/2000 loss 2.3123
[e5  1597.5s]     step 1050/2000 loss 1.9379
[e5  1605.3s]     step 1100/2000 loss 2.0615
[e5  1613.4s]     step 1150/2000 loss 1.8295
[e5  1621.4s]     step 1200/2000 loss 2.4046
[e5  1629.2s]     step 1250/2000 loss 2.2877
[e5  1636.9s]     step 1300/2000 loss 1.9840
[e5  1644.9s]     step 1350/2000 loss 2.0111
[e5  1652.8s]     step 1400/2000 loss 1.9935
[e5  1660.6s]     step 1450/2000 loss 2.4239
[e5  1668.4s]     step 1500/2000 loss 2.0129
[e5  1676.0s]     step 1550/2000 loss 1.9543
[e5  1684.1s]     step 1600/2000 loss 2.0669
[e5  1692.0s]     step 1650/2000 loss 2.0691
[e5  1699.8s]     step 1700/2000 loss 2.0799
[e5  1707.7s]     step 1750/2000 loss 2.1130
[e5  1715.4s]     step 1800/2000 loss 1.8075
[e5  1723.3s]     step 1850/2000 loss 1.9131
[e5  1731.3s]     step 1900/2000 loss 1.8707
[e5  1739.0s]     step 1950/2000 loss 1.7833
[e5  1746.7s]     step 1999/2000 loss 1.8504
[e5  1753.1s]   arm=true seed=0: seenAcc=0.7700 nonceAcc=0.4750 valCE=2.3029
[e5  1753.1s] train arm=true seed=1 lr=0.003
[e5  1754.4s]     step 0/2000 loss 4.4449
[e5  1762.2s]     step 50/2000 loss 3.8227
[e5  1770.1s]     step 100/2000 loss 3.3074
[e5  1777.9s]     step 150/2000 loss 3.0359
[e5  1785.9s]     step 200/2000 loss 2.8176
[e5  1793.6s]     step 250/2000 loss 2.7412
[e5  1801.5s]     step 300/2000 loss 2.7316
[e5  1809.6s]     step 350/2000 loss 2.8606
[e5  1817.2s]     step 400/2000 loss 2.5821
[e5  1825.0s]     step 450/2000 loss 2.4193
[e5  1832.9s]     step 500/2000 loss 2.4573
[e5  1840.5s]     step 550/2000 loss 2.3360
[e5  1848.5s]     step 600/2000 loss 2.3801
[e5  1856.4s]     step 650/2000 loss 2.6055
[e5  1864.3s]     step 700/2000 loss 2.3844
[e5  1872.2s]     step 750/2000 loss 2.1935
[e5  1880.0s]     step 800/2000 loss 2.1901
[e5  1887.8s]     step 850/2000 loss 2.1146
[e5  1895.7s]     step 900/2000 loss 2.1837
[e5  1903.6s]     step 950/2000 loss 2.3075
[e5  1911.5s]     step 1000/2000 loss 2.2628
[e5  1919.4s]     step 1050/2000 loss 2.1177
[e5  1927.3s]     step 1100/2000 loss 2.0011
[e5  1935.2s]     step 1150/2000 loss 2.2427
[e5  1943.2s]     step 1200/2000 loss 1.9905
[e5  1951.1s]     step 1250/2000 loss 1.8928
[e5  1958.9s]     step 1300/2000 loss 1.9982
[e5  1966.8s]     step 1350/2000 loss 2.1227
[e5  1974.7s]     step 1400/2000 loss 2.0771
[e5  1982.6s]     step 1450/2000 loss 1.8073
[e5  1990.5s]     step 1500/2000 loss 2.1003
[e5  1998.3s]     step 1550/2000 loss 1.8358
[e5  2006.3s]     step 1600/2000 loss 1.9230
[e5  2014.1s]     step 1650/2000 loss 2.0891
[e5  2022.1s]     step 1700/2000 loss 1.8347
[e5  2029.9s]     step 1750/2000 loss 2.1635
[e5  2037.7s]     step 1800/2000 loss 1.9779
[e5  2045.5s]     step 1850/2000 loss 1.9412
[e5  2053.3s]     step 1900/2000 loss 2.0301
[e5  2061.1s]     step 1950/2000 loss 2.0102
[e5  2068.8s]     step 1999/2000 loss 2.0458
[e5  2075.2s]   arm=true seed=1: seenAcc=0.7980 nonceAcc=0.4583 valCE=2.2948
[e5  2075.2s] train arm=true seed=2 lr=0.003
[e5  2076.5s]     step 0/2000 loss 4.3271
[e5  2084.5s]     step 50/2000 loss 3.7693
[e5  2092.4s]     step 100/2000 loss 3.2971
[e5  2100.1s]     step 150/2000 loss 3.1222
[e5  2107.9s]     step 200/2000 loss 2.8886
[e5  2115.7s]     step 250/2000 loss 2.7962
[e5  2123.5s]     step 300/2000 loss 3.0095
[e5  2131.3s]     step 350/2000 loss 2.4225
[e5  2139.2s]     step 400/2000 loss 2.6300
[e5  2146.9s]     step 450/2000 loss 2.5512
[e5  2154.7s]     step 500/2000 loss 2.3296
[e5  2162.6s]     step 550/2000 loss 2.3530
[e5  2170.3s]     step 600/2000 loss 2.2283
[e5  2178.1s]     step 650/2000 loss 2.2998
[e5  2186.0s]     step 700/2000 loss 2.4091
[e5  2193.4s]     step 750/2000 loss 2.3658
[e5  2201.3s]     step 800/2000 loss 2.0809
[e5  2209.1s]     step 850/2000 loss 2.3627
[e5  2216.8s]     step 900/2000 loss 2.2466
[e5  2224.7s]     step 950/2000 loss 2.3911
[e5  2232.5s]     step 1000/2000 loss 2.0885
[e5  2240.2s]     step 1050/2000 loss 2.3063
[e5  2247.9s]     step 1100/2000 loss 2.0430
[e5  2256.0s]     step 1150/2000 loss 2.2468
[e5  2263.9s]     step 1200/2000 loss 2.1559
[e5  2271.6s]     step 1250/2000 loss 2.2121
[e5  2279.5s]     step 1300/2000 loss 1.7994
[e5  2287.2s]     step 1350/2000 loss 1.9988
[e5  2295.0s]     step 1400/2000 loss 1.9711
[e5  2302.8s]     step 1450/2000 loss 1.8965
[e5  2310.6s]     step 1500/2000 loss 2.2044
[e5  2318.5s]     step 1550/2000 loss 1.8811
[e5  2326.2s]     step 1600/2000 loss 1.9228
[e5  2334.3s]     step 1650/2000 loss 2.0345
[e5  2342.0s]     step 1700/2000 loss 2.0898
[e5  2349.5s]     step 1750/2000 loss 1.9284
[e5  2357.5s]     step 1800/2000 loss 2.2778
[e5  2365.3s]     step 1850/2000 loss 1.9391
[e5  2373.3s]     step 1900/2000 loss 1.9488
[e5  2381.1s]     step 1950/2000 loss 1.9614
[e5  2389.0s]     step 1999/2000 loss 2.0000
[e5  2395.3s]   arm=true seed=2: seenAcc=0.8020 nonceAcc=0.4250 valCE=2.3124
[e5  2395.3s] train arm=true seed=3 lr=0.003
[e5  2396.7s]     step 0/2000 loss 4.1282
[e5  2404.5s]     step 50/2000 loss 3.8213
[e5  2412.6s]     step 100/2000 loss 3.0647
[e5  2420.5s]     step 150/2000 loss 3.2739
[e5  2428.3s]     step 200/2000 loss 3.0310
[e5  2436.1s]     step 250/2000 loss 3.1081
[e5  2444.2s]     step 300/2000 loss 2.6144
[e5  2451.9s]     step 350/2000 loss 2.7884
[e5  2459.8s]     step 400/2000 loss 2.6865
[e5  2467.5s]     step 450/2000 loss 2.4390
[e5  2475.3s]     step 500/2000 loss 2.4854
[e5  2483.3s]     step 550/2000 loss 2.5665
[e5  2491.0s]     step 600/2000 loss 2.4786
[e5  2499.0s]     step 650/2000 loss 2.3113
[e5  2506.8s]     step 700/2000 loss 2.3379
[e5  2514.4s]     step 750/2000 loss 2.3802
[e5  2522.5s]     step 800/2000 loss 2.3885
[e5  2530.5s]     step 850/2000 loss 2.5096
[e5  2538.3s]     step 900/2000 loss 2.3144
[e5  2546.2s]     step 950/2000 loss 2.4419
[e5  2554.2s]     step 1000/2000 loss 2.2095
[e5  2562.0s]     step 1050/2000 loss 2.3394
[e5  2569.9s]     step 1100/2000 loss 2.2143
[e5  2577.6s]     step 1150/2000 loss 2.2728
[e5  2585.5s]     step 1200/2000 loss 2.2799
[e5  2593.5s]     step 1250/2000 loss 2.3639
[e5  2601.3s]     step 1300/2000 loss 2.3478
[e5  2609.2s]     step 1350/2000 loss 2.0865
[e5  2617.1s]     step 1400/2000 loss 2.1999
[e5  2624.9s]     step 1450/2000 loss 2.2532
[e5  2632.8s]     step 1500/2000 loss 2.3250
[e5  2640.7s]     step 1550/2000 loss 2.2675
[e5  2648.8s]     step 1600/2000 loss 1.9250
[e5  2656.3s]     step 1650/2000 loss 2.1391
[e5  2664.2s]     step 1700/2000 loss 2.2145
[e5  2672.0s]     step 1750/2000 loss 2.3451
[e5  2680.0s]     step 1800/2000 loss 2.1757
[e5  2687.9s]     step 1850/2000 loss 2.1759
[e5  2695.8s]     step 1900/2000 loss 2.2957
[e5  2703.6s]     step 1950/2000 loss 2.2174
[e5  2711.4s]     step 1999/2000 loss 2.0668
[e5  2717.7s]   arm=true seed=3: seenAcc=0.7600 nonceAcc=0.4583 valCE=2.3882
[e5  2717.7s] train arm=true seed=4 lr=0.003
[e5  2719.1s]     step 0/2000 loss 4.2334
[e5  2726.8s]     step 50/2000 loss 3.6518
[e5  2734.8s]     step 100/2000 loss 3.3267
[e5  2742.7s]     step 150/2000 loss 2.8352
[e5  2750.2s]     step 200/2000 loss 2.7959
[e5  2758.3s]     step 250/2000 loss 2.5676
[e5  2766.2s]     step 300/2000 loss 2.5163
[e5  2774.0s]     step 350/2000 loss 2.1593
[e5  2781.7s]     step 400/2000 loss 2.5118
[e5  2789.8s]     step 450/2000 loss 2.5585
[e5  2797.7s]     step 500/2000 loss 2.2319
[e5  2805.4s]     step 550/2000 loss 2.1483
[e5  2813.5s]     step 600/2000 loss 2.4501
[e5  2821.3s]     step 650/2000 loss 2.1058
[e5  2829.2s]     step 700/2000 loss 2.3607
[e5  2837.0s]     step 750/2000 loss 2.1566
[e5  2844.7s]     step 800/2000 loss 2.0770
[e5  2852.7s]     step 850/2000 loss 2.1145
[e5  2860.7s]     step 900/2000 loss 1.8962
[e5  2868.5s]     step 950/2000 loss 1.9720
[e5  2876.4s]     step 1000/2000 loss 1.7820
[e5  2884.2s]     step 1050/2000 loss 1.9543
[e5  2892.1s]     step 1100/2000 loss 2.0534
[e5  2900.0s]     step 1150/2000 loss 2.1657
[e5  2907.8s]     step 1200/2000 loss 1.7592
[e5  2915.6s]     step 1250/2000 loss 1.8949
[e5  2923.7s]     step 1300/2000 loss 2.0492
[e5  2931.6s]     step 1350/2000 loss 1.9091
[e5  2939.6s]     step 1400/2000 loss 1.9544
[e5  2947.5s]     step 1450/2000 loss 1.7830
[e5  2955.4s]     step 1500/2000 loss 1.8757
[e5  2963.2s]     step 1550/2000 loss 1.5018
[e5  2971.0s]     step 1600/2000 loss 1.8583
[e5  2978.7s]     step 1650/2000 loss 1.7644
[e5  2986.6s]     step 1700/2000 loss 1.7023
[e5  2994.3s]     step 1750/2000 loss 1.6582
[e5  3002.1s]     step 1800/2000 loss 1.5835
[e5  3010.0s]     step 1850/2000 loss 1.6986
[e5  3018.1s]     step 1900/2000 loss 1.8885
[e5  3025.7s]     step 1950/2000 loss 1.5554
[e5  3033.4s]     step 1999/2000 loss 1.7448
[e5  3039.7s]   arm=true seed=4: seenAcc=0.8220 nonceAcc=0.5083 valCE=2.1219
[e5  3039.7s] train arm=shuffled seed=0 lr=0.003
[e5  3041.0s]     step 0/2000 loss 4.3563
[e5  3048.8s]     step 50/2000 loss 3.8916
[e5  3056.7s]     step 100/2000 loss 3.4663
[e5  3064.5s]     step 150/2000 loss 3.3140
[e5  3072.4s]     step 200/2000 loss 3.1540
[e5  3079.9s]     step 250/2000 loss 2.9855
[e5  3087.6s]     step 300/2000 loss 3.0783
[e5  3095.7s]     step 350/2000 loss 2.8495
[e5  3103.7s]     step 400/2000 loss 2.9923
[e5  3111.5s]     step 450/2000 loss 2.8110
[e5  3119.4s]     step 500/2000 loss 2.8254
[e5  3127.4s]     step 550/2000 loss 2.7484
[e5  3135.6s]     step 600/2000 loss 2.8088
[e5  3143.1s]     step 650/2000 loss 2.6594
[e5  3151.2s]     step 700/2000 loss 2.6467
[e5  3159.0s]     step 750/2000 loss 2.6342
[e5  3166.9s]     step 800/2000 loss 2.5359
[e5  3175.0s]     step 850/2000 loss 2.6642
[e5  3182.7s]     step 900/2000 loss 2.6978
[e5  3190.4s]     step 950/2000 loss 2.8049
[e5  3198.4s]     step 1000/2000 loss 2.5010
[e5  3206.1s]     step 1050/2000 loss 2.2859
[e5  3213.9s]     step 1100/2000 loss 2.3442
[e5  3222.0s]     step 1150/2000 loss 2.1017
[e5  3230.0s]     step 1200/2000 loss 2.5601
[e5  3237.8s]     step 1250/2000 loss 2.5413
[e5  3245.4s]     step 1300/2000 loss 2.2399
[e5  3253.5s]     step 1350/2000 loss 2.2775
[e5  3261.4s]     step 1400/2000 loss 2.3697
[e5  3269.1s]     step 1450/2000 loss 2.6110
[e5  3276.9s]     step 1500/2000 loss 2.3201
[e5  3284.5s]     step 1550/2000 loss 2.2810
[e5  3292.7s]     step 1600/2000 loss 2.3776
[e5  3300.6s]     step 1650/2000 loss 2.2490
[e5  3308.3s]     step 1700/2000 loss 2.3549
[e5  3316.3s]     step 1750/2000 loss 2.3383
[e5  3323.9s]     step 1800/2000 loss 2.0585
[e5  3331.8s]     step 1850/2000 loss 2.2488
[e5  3339.8s]     step 1900/2000 loss 2.2155
[e5  3347.5s]     step 1950/2000 loss 2.1031
[e5  3355.3s]     step 1999/2000 loss 2.0879
[e5  3361.6s]   arm=shuffled seed=0: seenAcc=0.6500 nonceAcc=0.1583 valCE=2.5764
[e5  3361.6s] train arm=shuffled seed=1 lr=0.003
[e5  3362.9s]     step 0/2000 loss 4.4292
[e5  3370.7s]     step 50/2000 loss 3.8723
[e5  3378.6s]     step 100/2000 loss 3.4337
[e5  3386.5s]     step 150/2000 loss 3.2113
[e5  3394.5s]     step 200/2000 loss 3.0103
[e5  3402.1s]     step 250/2000 loss 2.9927
[e5  3410.0s]     step 300/2000 loss 2.9089
[e5  3418.2s]     step 350/2000 loss 3.0293
[e5  3425.8s]     step 400/2000 loss 2.8186
[e5  3433.5s]     step 450/2000 loss 2.6892
[e5  3441.5s]     step 500/2000 loss 2.7217
[e5  3449.1s]     step 550/2000 loss 2.5532
[e5  3457.1s]     step 600/2000 loss 2.6744
[e5  3465.0s]     step 650/2000 loss 2.8142
[e5  3472.8s]     step 700/2000 loss 2.6787
[e5  3480.8s]     step 750/2000 loss 2.3820
[e5  3488.6s]     step 800/2000 loss 2.4364
[e5  3496.3s]     step 850/2000 loss 2.3490
[e5  3504.3s]     step 900/2000 loss 2.3823
[e5  3512.1s]     step 950/2000 loss 2.4381
[e5  3520.0s]     step 1000/2000 loss 2.5284
[e5  3527.9s]     step 1050/2000 loss 2.2568
[e5  3535.8s]     step 1100/2000 loss 2.2669
[e5  3543.7s]     step 1150/2000 loss 2.4970
[e5  3551.7s]     step 1200/2000 loss 2.2082
[e5  3559.7s]     step 1250/2000 loss 2.1428
[e5  3567.4s]     step 1300/2000 loss 2.2858
[e5  3575.3s]     step 1350/2000 loss 2.2691
[e5  3583.3s]     step 1400/2000 loss 2.3236
[e5  3591.1s]     step 1450/2000 loss 2.0440
[e5  3599.0s]     step 1500/2000 loss 2.3955
[e5  3606.8s]     step 1550/2000 loss 1.9549
[e5  3614.8s]     step 1600/2000 loss 2.1684
[e5  3622.6s]     step 1650/2000 loss 2.2791
[e5  3630.6s]     step 1700/2000 loss 2.0376
[e5  3638.4s]     step 1750/2000 loss 2.3072
[e5  3646.2s]     step 1800/2000 loss 2.2133
[e5  3654.0s]     step 1850/2000 loss 2.1046
[e5  3661.8s]     step 1900/2000 loss 2.1858
[e5  3669.6s]     step 1950/2000 loss 2.2892
[e5  3677.3s]     step 1999/2000 loss 2.2089
[e5  3683.7s]   arm=shuffled seed=1: seenAcc=0.7080 nonceAcc=0.2083 valCE=2.5484
[e5  3683.7s] train arm=shuffled seed=2 lr=0.003
[e5  3685.0s]     step 0/2000 loss 4.3272
[e5  3693.0s]     step 50/2000 loss 3.8198
[e5  3700.9s]     step 100/2000 loss 3.4000
[e5  3708.5s]     step 150/2000 loss 3.2682
[e5  3716.4s]     step 200/2000 loss 3.1270
[e5  3724.2s]     step 250/2000 loss 2.9463
[e5  3731.9s]     step 300/2000 loss 3.2098
[e5  3739.7s]     step 350/2000 loss 2.6623
[e5  3747.6s]     step 400/2000 loss 2.8256
[e5  3755.3s]     step 450/2000 loss 2.8001
[e5  3763.2s]     step 500/2000 loss 2.5693
[e5  3771.0s]     step 550/2000 loss 2.5510
[e5  3778.7s]     step 600/2000 loss 2.4908
[e5  3786.5s]     step 650/2000 loss 2.4765
[e5  3794.4s]     step 700/2000 loss 2.6558
[e5  3801.9s]     step 750/2000 loss 2.6730
[e5  3809.7s]     step 800/2000 loss 2.3318
[e5  3817.5s]     step 850/2000 loss 2.5767
[e5  3825.3s]     step 900/2000 loss 2.4181
[e5  3833.1s]     step 950/2000 loss 2.5774
[e5  3840.9s]     step 1000/2000 loss 2.2850
[e5  3848.6s]     step 1050/2000 loss 2.5002
[e5  3856.3s]     step 1100/2000 loss 2.2928
[e5  3864.4s]     step 1150/2000 loss 2.4716
[e5  3872.3s]     step 1200/2000 loss 2.4266
[e5  3880.0s]     step 1250/2000 loss 2.4318
[e5  3887.9s]     step 1300/2000 loss 2.0327
[e5  3895.6s]     step 1350/2000 loss 2.2275
[e5  3903.4s]     step 1400/2000 loss 2.2103
[e5  3911.2s]     step 1450/2000 loss 2.1479
[e5  3919.0s]     step 1500/2000 loss 2.3786
[e5  3926.9s]     step 1550/2000 loss 2.0116
[e5  3934.6s]     step 1600/2000 loss 2.1687
[e5  3942.7s]     step 1650/2000 loss 2.2735
[e5  3950.4s]     step 1700/2000 loss 2.4072
[e5  3957.9s]     step 1750/2000 loss 2.0843
[e5  3965.9s]     step 1800/2000 loss 2.5057
[e5  3973.7s]     step 1850/2000 loss 2.1611
[e5  3981.7s]     step 1900/2000 loss 2.2474
[e5  3989.5s]     step 1950/2000 loss 2.2209
[e5  3997.4s]     step 1999/2000 loss 2.2563
[e5  4003.7s]   arm=shuffled seed=2: seenAcc=0.6640 nonceAcc=0.2000 valCE=2.5996
[e5  4003.7s] train arm=shuffled seed=3 lr=0.003
[e5  4005.0s]     step 0/2000 loss 4.1530
[e5  4012.8s]     step 50/2000 loss 3.9385
[e5  4021.0s]     step 100/2000 loss 3.1842
[e5  4028.9s]     step 150/2000 loss 3.4178
[e5  4036.6s]     step 200/2000 loss 3.1562
[e5  4044.4s]     step 250/2000 loss 3.1668
[e5  4052.5s]     step 300/2000 loss 2.7773
[e5  4060.3s]     step 350/2000 loss 2.9235
[e5  4068.1s]     step 400/2000 loss 2.7547
[e5  4075.9s]     step 450/2000 loss 2.5263
[e5  4083.6s]     step 500/2000 loss 2.5765
[e5  4091.6s]     step 550/2000 loss 2.6057
[e5  4099.4s]     step 600/2000 loss 2.6069
[e5  4107.3s]     step 650/2000 loss 2.6043
[e5  4115.1s]     step 700/2000 loss 2.4263
[e5  4122.7s]     step 750/2000 loss 2.4459
[e5  4130.8s]     step 800/2000 loss 2.4874
[e5  4138.8s]     step 850/2000 loss 2.6443
[e5  4146.7s]     step 900/2000 loss 2.3738
[e5  4154.5s]     step 950/2000 loss 2.4361
[e5  4162.5s]     step 1000/2000 loss 2.3653
[e5  4170.3s]     step 1050/2000 loss 2.4209
[e5  4178.3s]     step 1100/2000 loss 2.3263
[e5  4186.0s]     step 1150/2000 loss 2.2248
[e5  4193.8s]     step 1200/2000 loss 2.3330
[e5  4201.8s]     step 1250/2000 loss 2.4138
[e5  4209.6s]     step 1300/2000 loss 2.4324
[e5  4217.5s]     step 1350/2000 loss 2.2035
[e5  4225.4s]     step 1400/2000 loss 2.2862
[e5  4233.2s]     step 1450/2000 loss 2.3583
[e5  4241.1s]     step 1500/2000 loss 2.4085
[e5  4249.0s]     step 1550/2000 loss 2.3268
[e5  4257.1s]     step 1600/2000 loss 1.9583
[e5  4264.6s]     step 1650/2000 loss 2.2201
[e5  4272.5s]     step 1700/2000 loss 2.2863
[e5  4280.3s]     step 1750/2000 loss 2.4856
[e5  4288.3s]     step 1800/2000 loss 2.2669
[e5  4296.1s]     step 1850/2000 loss 2.3007
[e5  4304.0s]     step 1900/2000 loss 2.3562
[e5  4311.9s]     step 1950/2000 loss 2.1617
[e5  4319.6s]     step 1999/2000 loss 2.1773
[e5  4326.0s]   arm=shuffled seed=3: seenAcc=0.7040 nonceAcc=0.1500 valCE=2.5453
[e5  4326.0s] train arm=shuffled seed=4 lr=0.003
[e5  4327.3s]     step 0/2000 loss 4.2482
[e5  4335.1s]     step 50/2000 loss 3.7123
[e5  4343.0s]     step 100/2000 loss 3.4309
[e5  4351.0s]     step 150/2000 loss 3.0220
[e5  4358.4s]     step 200/2000 loss 3.0149
[e5  4366.5s]     step 250/2000 loss 2.8205
[e5  4374.5s]     step 300/2000 loss 2.8319
[e5  4382.3s]     step 350/2000 loss 2.4405
[e5  4390.0s]     step 400/2000 loss 2.6525
[e5  4398.0s]     step 450/2000 loss 2.7561
[e5  4405.9s]     step 500/2000 loss 2.4701
[e5  4413.6s]     step 550/2000 loss 2.3750
[e5  4421.7s]     step 600/2000 loss 2.7697
[e5  4429.6s]     step 650/2000 loss 2.3186
[e5  4437.4s]     step 700/2000 loss 2.5690
[e5  4445.2s]     step 750/2000 loss 2.3940
[e5  4452.9s]     step 800/2000 loss 2.3397
[e5  4460.9s]     step 850/2000 loss 2.3772
[e5  4468.9s]     step 900/2000 loss 2.2006
[e5  4476.8s]     step 950/2000 loss 2.3495
[e5  4484.6s]     step 1000/2000 loss 1.9596
[e5  4492.4s]     step 1050/2000 loss 2.1676
[e5  4500.3s]     step 1100/2000 loss 2.3889
[e5  4508.2s]     step 1150/2000 loss 2.4593
[e5  4516.0s]     step 1200/2000 loss 2.0213
[e5  4523.8s]     step 1250/2000 loss 2.2052
[e5  4531.9s]     step 1300/2000 loss 2.3523
[e5  4539.8s]     step 1350/2000 loss 2.0560
[e5  4547.8s]     step 1400/2000 loss 2.1004
[e5  4555.7s]     step 1450/2000 loss 2.0604
[e5  4563.6s]     step 1500/2000 loss 2.0597
[e5  4571.5s]     step 1550/2000 loss 1.7297
[e5  4579.2s]     step 1600/2000 loss 2.1736
[e5  4586.9s]     step 1650/2000 loss 1.9810
[e5  4594.8s]     step 1700/2000 loss 1.8352
[e5  4602.4s]     step 1750/2000 loss 1.9095
[e5  4610.3s]     step 1800/2000 loss 1.8616
[e5  4618.2s]     step 1850/2000 loss 1.9272
[e5  4626.2s]     step 1900/2000 loss 2.2289
[e5  4633.9s]     step 1950/2000 loss 1.7868
[e5  4641.6s]     step 1999/2000 loss 1.9670
[e5  4647.9s]   arm=shuffled seed=4: seenAcc=0.7000 nonceAcc=0.1833 valCE=2.4484
[e5  4647.9s] train arm=random seed=0 lr=0.003
[e5  4649.2s]     step 0/2000 loss 4.4049
[e5  4657.0s]     step 50/2000 loss 4.2739
[e5  4664.9s]     step 100/2000 loss 4.1239
[e5  4672.6s]     step 150/2000 loss 3.7403
[e5  4680.5s]     step 200/2000 loss 3.4173
[e5  4688.1s]     step 250/2000 loss 3.2195
[e5  4695.8s]     step 300/2000 loss 3.1723
[e5  4703.9s]     step 350/2000 loss 2.9489
[e5  4711.9s]     step 400/2000 loss 2.8615
[e5  4719.7s]     step 450/2000 loss 2.8115
[e5  4727.5s]     step 500/2000 loss 2.8061
[e5  4735.6s]     step 550/2000 loss 2.6288
[e5  4743.7s]     step 600/2000 loss 2.7908
[e5  4751.3s]     step 650/2000 loss 2.4803
[e5  4759.4s]     step 700/2000 loss 2.4548
[e5  4767.2s]     step 750/2000 loss 2.4425
[e5  4775.1s]     step 800/2000 loss 2.2830
[e5  4783.1s]     step 850/2000 loss 2.4155
[e5  4790.9s]     step 900/2000 loss 2.3381
[e5  4798.6s]     step 950/2000 loss 2.5638
[e5  4806.5s]     step 1000/2000 loss 2.2402
[e5  4814.2s]     step 1050/2000 loss 2.0233
[e5  4822.0s]     step 1100/2000 loss 2.0692
[e5  4830.1s]     step 1150/2000 loss 1.8020
[e5  4838.1s]     step 1200/2000 loss 2.3289
[e5  4845.9s]     step 1250/2000 loss 2.0481
[e5  4853.6s]     step 1300/2000 loss 1.8561
[e5  4861.6s]     step 1350/2000 loss 1.8331
[e5  4869.5s]     step 1400/2000 loss 1.8148
[e5  4877.3s]     step 1450/2000 loss 2.2447
[e5  4885.1s]     step 1500/2000 loss 1.9443
[e5  4892.7s]     step 1550/2000 loss 1.7934
[e5  4900.8s]     step 1600/2000 loss 1.8533
[e5  4908.7s]     step 1650/2000 loss 1.7777
[e5  4916.5s]     step 1700/2000 loss 1.8846
[e5  4924.4s]     step 1750/2000 loss 1.8911
[e5  4932.1s]     step 1800/2000 loss 1.5624
[e5  4939.9s]     step 1850/2000 loss 1.6890
[e5  4947.9s]     step 1900/2000 loss 1.6873
[e5  4955.6s]     step 1950/2000 loss 1.6827
[e5  4963.4s]     step 1999/2000 loss 1.6969
[e5  4969.7s]   arm=random seed=0: seenAcc=0.9140 nonceAcc=0.2167 valCE=2.4268
[e5  4969.7s] train arm=random seed=1 lr=0.003
[e5  4971.0s]     step 0/2000 loss 4.4355
[e5  4978.8s]     step 50/2000 loss 4.2779
[e5  4986.7s]     step 100/2000 loss 3.8924
[e5  4994.6s]     step 150/2000 loss 3.6459
[e5  5002.6s]     step 200/2000 loss 3.4118
[e5  5010.2s]     step 250/2000 loss 3.2464
[e5  5018.1s]     step 300/2000 loss 3.0600
[e5  5026.2s]     step 350/2000 loss 3.1846
[e5  5033.8s]     step 400/2000 loss 2.8824
[e5  5041.6s]     step 450/2000 loss 2.6919
[e5  5049.6s]     step 500/2000 loss 2.8240
[e5  5057.2s]     step 550/2000 loss 2.5687
[e5  5065.2s]     step 600/2000 loss 2.5709
[e5  5073.1s]     step 650/2000 loss 2.7462
[e5  5080.9s]     step 700/2000 loss 2.4947
[e5  5088.9s]     step 750/2000 loss 2.3105
[e5  5096.6s]     step 800/2000 loss 2.2625
[e5  5104.4s]     step 850/2000 loss 2.1743
[e5  5112.3s]     step 900/2000 loss 2.1289
[e5  5120.2s]     step 950/2000 loss 2.2285
[e5  5128.1s]     step 1000/2000 loss 2.2893
[e5  5136.0s]     step 1050/2000 loss 2.0772
[e5  5143.9s]     step 1100/2000 loss 1.9864
[e5  5151.8s]     step 1150/2000 loss 2.2413
[e5  5159.8s]     step 1200/2000 loss 1.9845
[e5  5167.7s]     step 1250/2000 loss 1.8413
[e5  5175.5s]     step 1300/2000 loss 1.9205
[e5  5183.4s]     step 1350/2000 loss 2.0161
[e5  5191.3s]     step 1400/2000 loss 1.9648
[e5  5199.2s]     step 1450/2000 loss 1.7764
[e5  5207.1s]     step 1500/2000 loss 2.0761
[e5  5214.9s]     step 1550/2000 loss 1.6735
[e5  5222.9s]     step 1600/2000 loss 1.7656
[e5  5230.7s]     step 1650/2000 loss 1.8709
[e5  5238.7s]     step 1700/2000 loss 1.6534
[e5  5246.5s]     step 1750/2000 loss 2.0665
[e5  5254.3s]     step 1800/2000 loss 1.8144
[e5  5262.0s]     step 1850/2000 loss 1.7403
[e5  5269.8s]     step 1900/2000 loss 1.8884
[e5  5277.7s]     step 1950/2000 loss 1.8276
[e5  5285.4s]     step 1999/2000 loss 1.8661
[e5  5291.7s]   arm=random seed=1: seenAcc=0.9040 nonceAcc=0.1917 valCE=2.3819
[e5  5291.7s] train arm=random seed=2 lr=0.003
[e5  5293.1s]     step 0/2000 loss 4.3320
[e5  5301.1s]     step 50/2000 loss 4.1579
[e5  5308.9s]     step 100/2000 loss 3.8793
[e5  5316.6s]     step 150/2000 loss 3.6859
[e5  5324.4s]     step 200/2000 loss 3.4067
[e5  5332.2s]     step 250/2000 loss 3.2146
[e5  5340.0s]     step 300/2000 loss 3.3648
[e5  5347.8s]     step 350/2000 loss 2.8002
[e5  5355.7s]     step 400/2000 loss 2.9321
[e5  5363.4s]     step 450/2000 loss 2.7206
[e5  5371.2s]     step 500/2000 loss 2.6585
[e5  5379.1s]     step 550/2000 loss 2.6076
[e5  5386.8s]     step 600/2000 loss 2.4938
[e5  5394.6s]     step 650/2000 loss 2.4205
[e5  5402.5s]     step 700/2000 loss 2.5380
[e5  5409.9s]     step 750/2000 loss 2.5140
[e5  5417.8s]     step 800/2000 loss 2.2369
[e5  5425.6s]     step 850/2000 loss 2.3894
[e5  5433.3s]     step 900/2000 loss 2.2793
[e5  5441.1s]     step 950/2000 loss 2.4525
[e5  5449.0s]     step 1000/2000 loss 2.1163
[e5  5456.7s]     step 1050/2000 loss 2.2727
[e5  5464.4s]     step 1100/2000 loss 2.0328
[e5  5472.5s]     step 1150/2000 loss 2.2546
[e5  5480.4s]     step 1200/2000 loss 2.1358
[e5  5488.0s]     step 1250/2000 loss 2.1116
[e5  5496.0s]     step 1300/2000 loss 1.8245
[e5  5503.6s]     step 1350/2000 loss 1.9174
[e5  5511.4s]     step 1400/2000 loss 1.8522
[e5  5519.2s]     step 1450/2000 loss 1.8201
[e5  5527.1s]     step 1500/2000 loss 2.0173
[e5  5535.0s]     step 1550/2000 loss 1.8166
[e5  5542.7s]     step 1600/2000 loss 1.7193
[e5  5550.7s]     step 1650/2000 loss 1.8670
[e5  5558.4s]     step 1700/2000 loss 1.9080
[e5  5565.9s]     step 1750/2000 loss 1.6527
[e5  5573.9s]     step 1800/2000 loss 2.0956
[e5  5581.7s]     step 1850/2000 loss 1.6852
[e5  5589.7s]     step 1900/2000 loss 1.7406
[e5  5597.5s]     step 1950/2000 loss 1.7801
[e5  5605.4s]     step 1999/2000 loss 1.8883
[e5  5611.7s]   arm=random seed=2: seenAcc=0.9060 nonceAcc=0.2583 valCE=2.4334
[e5  5611.7s] train arm=random seed=3 lr=0.003
[e5  5613.1s]     step 0/2000 loss 4.1460
[e5  5620.9s]     step 50/2000 loss 4.3228
[e5  5629.0s]     step 100/2000 loss 3.6999
[e5  5636.9s]     step 150/2000 loss 3.7968
[e5  5644.7s]     step 200/2000 loss 3.4512
[e5  5652.5s]     step 250/2000 loss 3.4548
[e5  5660.6s]     step 300/2000 loss 3.0295
[e5  5668.3s]     step 350/2000 loss 3.0035
[e5  5676.2s]     step 400/2000 loss 2.8387
[e5  5683.9s]     step 450/2000 loss 2.5451
[e5  5691.6s]     step 500/2000 loss 2.5811
[e5  5699.7s]     step 550/2000 loss 2.6899
[e5  5707.4s]     step 600/2000 loss 2.5653
[e5  5715.4s]     step 650/2000 loss 2.4045
[e5  5723.2s]     step 700/2000 loss 2.3606
[e5  5730.8s]     step 750/2000 loss 2.3702
[e5  5738.9s]     step 800/2000 loss 2.4193
[e5  5746.9s]     step 850/2000 loss 2.4610
[e5  5754.7s]     step 900/2000 loss 2.2150
[e5  5762.6s]     step 950/2000 loss 2.3231
[e5  5770.5s]     step 1000/2000 loss 2.1220
[e5  5778.4s]     step 1050/2000 loss 2.3298
[e5  5786.3s]     step 1100/2000 loss 2.1350
[e5  5794.0s]     step 1150/2000 loss 2.0650
[e5  5801.9s]     step 1200/2000 loss 2.0305
[e5  5809.9s]     step 1250/2000 loss 2.0673
[e5  5817.7s]     step 1300/2000 loss 2.1296
[e5  5825.6s]     step 1350/2000 loss 1.8249
[e5  5833.5s]     step 1400/2000 loss 1.8349
[e5  5841.3s]     step 1450/2000 loss 2.0945
[e5  5849.1s]     step 1500/2000 loss 2.0050
[e5  5857.1s]     step 1550/2000 loss 1.9866
[e5  5865.1s]     step 1600/2000 loss 1.6521
[e5  5872.6s]     step 1650/2000 loss 1.7384
[e5  5880.6s]     step 1700/2000 loss 1.8944
[e5  5888.4s]     step 1750/2000 loss 2.0608
[e5  5896.3s]     step 1800/2000 loss 1.8465
[e5  5904.2s]     step 1850/2000 loss 1.7514
[e5  5912.1s]     step 1900/2000 loss 1.9196
[e5  5920.0s]     step 1950/2000 loss 1.7936
[e5  5927.7s]     step 1999/2000 loss 1.7331
[e5  5934.0s]   arm=random seed=3: seenAcc=0.9080 nonceAcc=0.1583 valCE=2.4007
[e5  5934.0s] train arm=random seed=4 lr=0.003
[e5  5935.4s]     step 0/2000 loss 4.2257
[e5  5943.2s]     step 50/2000 loss 4.0904
[e5  5951.1s]     step 100/2000 loss 3.9141
[e5  5959.0s]     step 150/2000 loss 3.4208
[e5  5966.5s]     step 200/2000 loss 3.4145
[e5  5974.6s]     step 250/2000 loss 3.1695
[e5  5982.5s]     step 300/2000 loss 3.2080
[e5  5990.3s]     step 350/2000 loss 2.7191
[e5  5998.1s]     step 400/2000 loss 2.9466
[e5  6006.1s]     step 450/2000 loss 2.9739
[e5  6014.0s]     step 500/2000 loss 2.7056
[e5  6021.7s]     step 550/2000 loss 2.5283
[e5  6029.8s]     step 600/2000 loss 2.7622
[e5  6037.6s]     step 650/2000 loss 2.4580
[e5  6045.5s]     step 700/2000 loss 2.6483
[e5  6053.3s]     step 750/2000 loss 2.4254
[e5  6061.0s]     step 800/2000 loss 2.4011
[e5  6069.0s]     step 850/2000 loss 2.4468
[e5  6077.0s]     step 900/2000 loss 2.2057
[e5  6084.8s]     step 950/2000 loss 2.2953
[e5  6092.6s]     step 1000/2000 loss 2.0011
[e5  6100.5s]     step 1050/2000 loss 2.2082
[e5  6108.3s]     step 1100/2000 loss 2.2698
[e5  6116.3s]     step 1150/2000 loss 2.3009
[e5  6124.1s]     step 1200/2000 loss 1.9958
[e5  6131.9s]     step 1250/2000 loss 2.0521
[e5  6139.9s]     step 1300/2000 loss 2.1848
[e5  6147.9s]     step 1350/2000 loss 2.0295
[e5  6155.9s]     step 1400/2000 loss 2.0364
[e5  6163.8s]     step 1450/2000 loss 1.9067
[e5  6171.6s]     step 1500/2000 loss 1.9435
[e5  6179.5s]     step 1550/2000 loss 1.5176
[e5  6187.3s]     step 1600/2000 loss 1.8774
[e5  6195.0s]     step 1650/2000 loss 1.8584
[e5  6202.8s]     step 1700/2000 loss 1.6049
[e5  6210.5s]     step 1750/2000 loss 1.6847
[e5  6218.4s]     step 1800/2000 loss 1.6195
[e5  6226.3s]     step 1850/2000 loss 1.6347
[e5  6234.3s]     step 1900/2000 loss 1.9943
[e5  6242.0s]     step 1950/2000 loss 1.5157
[e5  6249.6s]     step 1999/2000 loss 1.6920
[e5  6256.0s]   arm=random seed=4: seenAcc=0.8860 nonceAcc=0.2000 valCE=2.4095
[e5  6256.0s] OUTCOME: PASS (results in /tmp/e5-results)

wrote 35 files to /home/ec2-user/css/kernel/kernel-of-truth/poc/e5/results-incoming/20260707-140918-modal
OUTCOME: PASS
done — review and commit deliberately (results are NOT auto-committed)
Stopping app - local entrypoint completed.
✓ App completed. View run at 
https://modal.com/apps/jmwright-045/main/ap-fQQKVq5aNgclIGwjNZ2126
